CRITICAL - 2022-01-12 08:39:57 --> Maximum execution time of 300 seconds exceeded
#0 [internal function]: CodeIgniter\Debug\Exceptions->shutdownHandler()
#1 {main}
ERROR - 2022-01-12 08:54:48 --> Unknown column 'id' in 'where clause'
CRITICAL - 2022-01-12 08:54:48 --> Unknown column 'id' in 'where clause'
#0 D:\xampp80\htdocs\app_spm\vendor\codeigniter4\framework\system\Database\MySQLi\Connection.php(292): mysqli->query('DELETE FROM `em...', 0)
#1 D:\xampp80\htdocs\app_spm\vendor\codeigniter4\framework\system\Database\BaseConnection.php(670): CodeIgniter\Database\MySQLi\Connection->execute('DELETE FROM `em...')
#2 D:\xampp80\htdocs\app_spm\vendor\codeigniter4\framework\system\Database\BaseConnection.php(598): CodeIgniter\Database\BaseConnection->simpleQuery('DELETE FROM `em...')
#3 D:\xampp80\htdocs\app_spm\vendor\codeigniter4\framework\system\Database\BaseBuilder.php(2213): CodeIgniter\Database\BaseConnection->query('DELETE FROM `em...', Array, false)
#4 D:\xampp80\htdocs\app_spm\app\Models\M_message.php(146): CodeIgniter\Database\BaseBuilder->delete()
#5 D:\xampp80\htdocs\app_spm\app\Controllers\Message.php(125): App\Models\M_message->delete_data('145')
#6 D:\xampp80\htdocs\app_spm\vendor\codeigniter4\framework\system\CodeIgniter.php(824): App\Controllers\Message->delete_data()
#7 D:\xampp80\htdocs\app_spm\vendor\codeigniter4\framework\system\CodeIgniter.php(410): CodeIgniter\CodeIgniter->runController(Object(App\Controllers\Message))
#8 D:\xampp80\htdocs\app_spm\vendor\codeigniter4\framework\system\CodeIgniter.php(318): CodeIgniter\CodeIgniter->handleRequest(NULL, Object(Config\Cache), false)
#9 D:\xampp80\htdocs\app_spm\public\index.php(37): CodeIgniter\CodeIgniter->run()
#10 D:\xampp80\htdocs\app_spm\vendor\codeigniter4\framework\system\Commands\Server\rewrite.php(43): require_once('D:\\xampp80\\htdo...')
#11 {main}
ERROR - 2022-01-12 08:55:34 --> Unknown column 'id' in 'where clause'
CRITICAL - 2022-01-12 08:55:34 --> Unknown column 'id' in 'where clause'
#0 D:\xampp80\htdocs\app_spm\vendor\codeigniter4\framework\system\Database\MySQLi\Connection.php(292): mysqli->query('DELETE FROM `em...', 0)
#1 D:\xampp80\htdocs\app_spm\vendor\codeigniter4\framework\system\Database\BaseConnection.php(670): CodeIgniter\Database\MySQLi\Connection->execute('DELETE FROM `em...')
#2 D:\xampp80\htdocs\app_spm\vendor\codeigniter4\framework\system\Database\BaseConnection.php(598): CodeIgniter\Database\BaseConnection->simpleQuery('DELETE FROM `em...')
#3 D:\xampp80\htdocs\app_spm\vendor\codeigniter4\framework\system\Database\BaseBuilder.php(2213): CodeIgniter\Database\BaseConnection->query('DELETE FROM `em...', Array, false)
#4 D:\xampp80\htdocs\app_spm\app\Models\M_message.php(146): CodeIgniter\Database\BaseBuilder->delete()
#5 D:\xampp80\htdocs\app_spm\app\Controllers\Message.php(125): App\Models\M_message->delete_data(NULL)
#6 D:\xampp80\htdocs\app_spm\vendor\codeigniter4\framework\system\CodeIgniter.php(824): App\Controllers\Message->delete_data()
#7 D:\xampp80\htdocs\app_spm\vendor\codeigniter4\framework\system\CodeIgniter.php(410): CodeIgniter\CodeIgniter->runController(Object(App\Controllers\Message))
#8 D:\xampp80\htdocs\app_spm\vendor\codeigniter4\framework\system\CodeIgniter.php(318): CodeIgniter\CodeIgniter->handleRequest(NULL, Object(Config\Cache), false)
#9 D:\xampp80\htdocs\app_spm\public\index.php(37): CodeIgniter\CodeIgniter->run()
#10 D:\xampp80\htdocs\app_spm\vendor\codeigniter4\framework\system\Commands\Server\rewrite.php(43): require_once('D:\\xampp80\\htdo...')
#11 {main}
ERROR - 2022-01-12 08:56:00 --> Unknown column 'id' in 'where clause'
CRITICAL - 2022-01-12 08:56:00 --> Unknown column 'id' in 'where clause'
#0 D:\xampp80\htdocs\app_spm\vendor\codeigniter4\framework\system\Database\MySQLi\Connection.php(292): mysqli->query('DELETE FROM `em...', 0)
#1 D:\xampp80\htdocs\app_spm\vendor\codeigniter4\framework\system\Database\BaseConnection.php(670): CodeIgniter\Database\MySQLi\Connection->execute('DELETE FROM `em...')
#2 D:\xampp80\htdocs\app_spm\vendor\codeigniter4\framework\system\Database\BaseConnection.php(598): CodeIgniter\Database\BaseConnection->simpleQuery('DELETE FROM `em...')
#3 D:\xampp80\htdocs\app_spm\vendor\codeigniter4\framework\system\Database\BaseBuilder.php(2213): CodeIgniter\Database\BaseConnection->query('DELETE FROM `em...', Array, false)
#4 D:\xampp80\htdocs\app_spm\app\Models\M_message.php(146): CodeIgniter\Database\BaseBuilder->delete()
#5 D:\xampp80\htdocs\app_spm\app\Controllers\Message.php(125): App\Models\M_message->delete_data('145')
#6 D:\xampp80\htdocs\app_spm\vendor\codeigniter4\framework\system\CodeIgniter.php(824): App\Controllers\Message->delete_data()
#7 D:\xampp80\htdocs\app_spm\vendor\codeigniter4\framework\system\CodeIgniter.php(410): CodeIgniter\CodeIgniter->runController(Object(App\Controllers\Message))
#8 D:\xampp80\htdocs\app_spm\vendor\codeigniter4\framework\system\CodeIgniter.php(318): CodeIgniter\CodeIgniter->handleRequest(NULL, Object(Config\Cache), false)
#9 D:\xampp80\htdocs\app_spm\public\index.php(37): CodeIgniter\CodeIgniter->run()
#10 D:\xampp80\htdocs\app_spm\vendor\codeigniter4\framework\system\Commands\Server\rewrite.php(43): require_once('D:\\xampp80\\htdo...')
#11 {main}
CRITICAL - 2022-01-12 09:30:47 --> Attempt to read property "poto" on null
#0 D:\xampp80\htdocs\app_spm\app\Views\super\manajemen.php(30): CodeIgniter\Debug\Exceptions->errorHandler(2, 'Attempt to read...', 'D:\\xampp80\\htdo...', 30)
#1 D:\xampp80\htdocs\app_spm\vendor\codeigniter4\framework\system\View\View.php(214): include('D:\\xampp80\\htdo...')
#2 D:\xampp80\htdocs\app_spm\vendor\codeigniter4\framework\system\View\View.php(217): CodeIgniter\View\View->CodeIgniter\View\{closure}()
#3 D:\xampp80\htdocs\app_spm\vendor\codeigniter4\framework\system\Common.php(1097): CodeIgniter\View\View->render('super/manajemen', Array, true)
#4 D:\xampp80\htdocs\app_spm\app\Views\template\content.php(8): view('super/manajemen')
#5 D:\xampp80\htdocs\app_spm\vendor\codeigniter4\framework\system\View\View.php(214): include('D:\\xampp80\\htdo...')
#6 D:\xampp80\htdocs\app_spm\vendor\codeigniter4\framework\system\View\View.php(217): CodeIgniter\View\View->CodeIgniter\View\{closure}()
#7 D:\xampp80\htdocs\app_spm\vendor\codeigniter4\framework\system\Common.php(1097): CodeIgniter\View\View->render('template/conten...', Array, true)
#8 D:\xampp80\htdocs\app_spm\app\Controllers\Super\Super.php(27): view('template/conten...', Array)
#9 D:\xampp80\htdocs\app_spm\app\Controllers\Super\Super.php(69): App\Controllers\Super\Super->_template(Array)
#10 D:\xampp80\htdocs\app_spm\app\Controllers\Super\Super.php(76): App\Controllers\Super\Super->index()
#11 D:\xampp80\htdocs\app_spm\vendor\codeigniter4\framework\system\CodeIgniter.php(824): App\Controllers\Super\Super->manajemen()
#12 D:\xampp80\htdocs\app_spm\vendor\codeigniter4\framework\system\CodeIgniter.php(410): CodeIgniter\CodeIgniter->runController(Object(App\Controllers\Super\Super))
#13 D:\xampp80\htdocs\app_spm\vendor\codeigniter4\framework\system\CodeIgniter.php(318): CodeIgniter\CodeIgniter->handleRequest(NULL, Object(Config\Cache), false)
#14 D:\xampp80\htdocs\app_spm\public\index.php(37): CodeIgniter\CodeIgniter->run()
#15 D:\xampp80\htdocs\app_spm\vendor\codeigniter4\framework\system\Commands\Server\rewrite.php(43): require_once('D:\\xampp80\\htdo...')
#16 {main}
CRITICAL - 2022-01-12 09:30:55 --> Attempt to read property "poto" on null
#0 D:\xampp80\htdocs\app_spm\app\Views\super\manajemen.php(30): CodeIgniter\Debug\Exceptions->errorHandler(2, 'Attempt to read...', 'D:\\xampp80\\htdo...', 30)
#1 D:\xampp80\htdocs\app_spm\vendor\codeigniter4\framework\system\View\View.php(214): include('D:\\xampp80\\htdo...')
#2 D:\xampp80\htdocs\app_spm\vendor\codeigniter4\framework\system\View\View.php(217): CodeIgniter\View\View->CodeIgniter\View\{closure}()
#3 D:\xampp80\htdocs\app_spm\vendor\codeigniter4\framework\system\Common.php(1097): CodeIgniter\View\View->render('super/manajemen', Array, true)
#4 D:\xampp80\htdocs\app_spm\app\Views\template\content.php(8): view('super/manajemen')
#5 D:\xampp80\htdocs\app_spm\vendor\codeigniter4\framework\system\View\View.php(214): include('D:\\xampp80\\htdo...')
#6 D:\xampp80\htdocs\app_spm\vendor\codeigniter4\framework\system\View\View.php(217): CodeIgniter\View\View->CodeIgniter\View\{closure}()
#7 D:\xampp80\htdocs\app_spm\vendor\codeigniter4\framework\system\Common.php(1097): CodeIgniter\View\View->render('template/conten...', Array, true)
#8 D:\xampp80\htdocs\app_spm\app\Controllers\Super\Super.php(27): view('template/conten...', Array)
#9 D:\xampp80\htdocs\app_spm\app\Controllers\Super\Super.php(69): App\Controllers\Super\Super->_template(Array)
#10 D:\xampp80\htdocs\app_spm\app\Controllers\Super\Super.php(76): App\Controllers\Super\Super->index()
#11 D:\xampp80\htdocs\app_spm\vendor\codeigniter4\framework\system\CodeIgniter.php(824): App\Controllers\Super\Super->manajemen()
#12 D:\xampp80\htdocs\app_spm\vendor\codeigniter4\framework\system\CodeIgniter.php(410): CodeIgniter\CodeIgniter->runController(Object(App\Controllers\Super\Super))
#13 D:\xampp80\htdocs\app_spm\vendor\codeigniter4\framework\system\CodeIgniter.php(318): CodeIgniter\CodeIgniter->handleRequest(NULL, Object(Config\Cache), false)
#14 D:\xampp80\htdocs\app_spm\public\index.php(37): CodeIgniter\CodeIgniter->run()
#15 D:\xampp80\htdocs\app_spm\vendor\codeigniter4\framework\system\Commands\Server\rewrite.php(43): require_once('D:\\xampp80\\htdo...')
#16 {main}
CRITICAL - 2022-01-12 09:31:31 --> Attempt to read property "poto" on null
#0 D:\xampp80\htdocs\app_spm\app\Views\super\manajemen.php(30): CodeIgniter\Debug\Exceptions->errorHandler(2, 'Attempt to read...', 'D:\\xampp80\\htdo...', 30)
#1 D:\xampp80\htdocs\app_spm\vendor\codeigniter4\framework\system\View\View.php(214): include('D:\\xampp80\\htdo...')
#2 D:\xampp80\htdocs\app_spm\vendor\codeigniter4\framework\system\View\View.php(217): CodeIgniter\View\View->CodeIgniter\View\{closure}()
#3 D:\xampp80\htdocs\app_spm\vendor\codeigniter4\framework\system\Common.php(1097): CodeIgniter\View\View->render('super/manajemen', Array, true)
#4 D:\xampp80\htdocs\app_spm\app\Views\template\content.php(8): view('super/manajemen')
#5 D:\xampp80\htdocs\app_spm\vendor\codeigniter4\framework\system\View\View.php(214): include('D:\\xampp80\\htdo...')
#6 D:\xampp80\htdocs\app_spm\vendor\codeigniter4\framework\system\View\View.php(217): CodeIgniter\View\View->CodeIgniter\View\{closure}()
#7 D:\xampp80\htdocs\app_spm\vendor\codeigniter4\framework\system\Common.php(1097): CodeIgniter\View\View->render('template/conten...', Array, true)
#8 D:\xampp80\htdocs\app_spm\app\Controllers\Super\Super.php(27): view('template/conten...', Array)
#9 D:\xampp80\htdocs\app_spm\app\Controllers\Super\Super.php(69): App\Controllers\Super\Super->_template(Array)
#10 D:\xampp80\htdocs\app_spm\app\Controllers\Super\Super.php(76): App\Controllers\Super\Super->index()
#11 D:\xampp80\htdocs\app_spm\vendor\codeigniter4\framework\system\CodeIgniter.php(824): App\Controllers\Super\Super->manajemen()
#12 D:\xampp80\htdocs\app_spm\vendor\codeigniter4\framework\system\CodeIgniter.php(410): CodeIgniter\CodeIgniter->runController(Object(App\Controllers\Super\Super))
#13 D:\xampp80\htdocs\app_spm\vendor\codeigniter4\framework\system\CodeIgniter.php(318): CodeIgniter\CodeIgniter->handleRequest(NULL, Object(Config\Cache), false)
#14 D:\xampp80\htdocs\app_spm\public\index.php(37): CodeIgniter\CodeIgniter->run()
#15 D:\xampp80\htdocs\app_spm\vendor\codeigniter4\framework\system\Commands\Server\rewrite.php(43): require_once('D:\\xampp80\\htdo...')
#16 {main}
CRITICAL - 2022-01-12 09:31:33 --> Attempt to read property "poto" on null
#0 D:\xampp80\htdocs\app_spm\app\Views\super\manajemen.php(30): CodeIgniter\Debug\Exceptions->errorHandler(2, 'Attempt to read...', 'D:\\xampp80\\htdo...', 30)
#1 D:\xampp80\htdocs\app_spm\vendor\codeigniter4\framework\system\View\View.php(214): include('D:\\xampp80\\htdo...')
#2 D:\xampp80\htdocs\app_spm\vendor\codeigniter4\framework\system\View\View.php(217): CodeIgniter\View\View->CodeIgniter\View\{closure}()
#3 D:\xampp80\htdocs\app_spm\vendor\codeigniter4\framework\system\Common.php(1097): CodeIgniter\View\View->render('super/manajemen', Array, true)
#4 D:\xampp80\htdocs\app_spm\app\Views\template\content.php(8): view('super/manajemen')
#5 D:\xampp80\htdocs\app_spm\vendor\codeigniter4\framework\system\View\View.php(214): include('D:\\xampp80\\htdo...')
#6 D:\xampp80\htdocs\app_spm\vendor\codeigniter4\framework\system\View\View.php(217): CodeIgniter\View\View->CodeIgniter\View\{closure}()
#7 D:\xampp80\htdocs\app_spm\vendor\codeigniter4\framework\system\Common.php(1097): CodeIgniter\View\View->render('template/conten...', Array, true)
#8 D:\xampp80\htdocs\app_spm\app\Controllers\Super\Super.php(27): view('template/conten...', Array)
#9 D:\xampp80\htdocs\app_spm\app\Controllers\Super\Super.php(69): App\Controllers\Super\Super->_template(Array)
#10 D:\xampp80\htdocs\app_spm\app\Controllers\Super\Super.php(76): App\Controllers\Super\Super->index()
#11 D:\xampp80\htdocs\app_spm\vendor\codeigniter4\framework\system\CodeIgniter.php(824): App\Controllers\Super\Super->manajemen()
#12 D:\xampp80\htdocs\app_spm\vendor\codeigniter4\framework\system\CodeIgniter.php(410): CodeIgniter\CodeIgniter->runController(Object(App\Controllers\Super\Super))
#13 D:\xampp80\htdocs\app_spm\vendor\codeigniter4\framework\system\CodeIgniter.php(318): CodeIgniter\CodeIgniter->handleRequest(NULL, Object(Config\Cache), false)
#14 D:\xampp80\htdocs\app_spm\public\index.php(37): CodeIgniter\CodeIgniter->run()
#15 D:\xampp80\htdocs\app_spm\vendor\codeigniter4\framework\system\Commands\Server\rewrite.php(43): require_once('D:\\xampp80\\htdo...')
#16 {main}
CRITICAL - 2022-01-12 09:31:47 --> Attempt to read property "poto" on null
#0 D:\xampp80\htdocs\app_spm\app\Views\super\manajemen.php(30): CodeIgniter\Debug\Exceptions->errorHandler(2, 'Attempt to read...', 'D:\\xampp80\\htdo...', 30)
#1 D:\xampp80\htdocs\app_spm\vendor\codeigniter4\framework\system\View\View.php(214): include('D:\\xampp80\\htdo...')
#2 D:\xampp80\htdocs\app_spm\vendor\codeigniter4\framework\system\View\View.php(217): CodeIgniter\View\View->CodeIgniter\View\{closure}()
#3 D:\xampp80\htdocs\app_spm\vendor\codeigniter4\framework\system\Common.php(1097): CodeIgniter\View\View->render('super/manajemen', Array, true)
#4 D:\xampp80\htdocs\app_spm\app\Views\template\content.php(8): view('super/manajemen')
#5 D:\xampp80\htdocs\app_spm\vendor\codeigniter4\framework\system\View\View.php(214): include('D:\\xampp80\\htdo...')
#6 D:\xampp80\htdocs\app_spm\vendor\codeigniter4\framework\system\View\View.php(217): CodeIgniter\View\View->CodeIgniter\View\{closure}()
#7 D:\xampp80\htdocs\app_spm\vendor\codeigniter4\framework\system\Common.php(1097): CodeIgniter\View\View->render('template/conten...', Array, true)
#8 D:\xampp80\htdocs\app_spm\app\Controllers\Super\Super.php(24): view('template/conten...', Array)
#9 D:\xampp80\htdocs\app_spm\app\Controllers\Super\Super.php(71): App\Controllers\Super\Super->_template(Array)
#10 D:\xampp80\htdocs\app_spm\app\Controllers\Super\Super.php(78): App\Controllers\Super\Super->index()
#11 D:\xampp80\htdocs\app_spm\vendor\codeigniter4\framework\system\CodeIgniter.php(824): App\Controllers\Super\Super->manajemen()
#12 D:\xampp80\htdocs\app_spm\vendor\codeigniter4\framework\system\CodeIgniter.php(410): CodeIgniter\CodeIgniter->runController(Object(App\Controllers\Super\Super))
#13 D:\xampp80\htdocs\app_spm\vendor\codeigniter4\framework\system\CodeIgniter.php(318): CodeIgniter\CodeIgniter->handleRequest(NULL, Object(Config\Cache), false)
#14 D:\xampp80\htdocs\app_spm\public\index.php(37): CodeIgniter\CodeIgniter->run()
#15 D:\xampp80\htdocs\app_spm\vendor\codeigniter4\framework\system\Commands\Server\rewrite.php(43): require_once('D:\\xampp80\\htdo...')
#16 {main}
CRITICAL - 2022-01-12 09:31:51 --> Attempt to read property "poto" on null
#0 D:\xampp80\htdocs\app_spm\app\Views\super\manajemen.php(30): CodeIgniter\Debug\Exceptions->errorHandler(2, 'Attempt to read...', 'D:\\xampp80\\htdo...', 30)
#1 D:\xampp80\htdocs\app_spm\vendor\codeigniter4\framework\system\View\View.php(214): include('D:\\xampp80\\htdo...')
#2 D:\xampp80\htdocs\app_spm\vendor\codeigniter4\framework\system\View\View.php(217): CodeIgniter\View\View->CodeIgniter\View\{closure}()
#3 D:\xampp80\htdocs\app_spm\vendor\codeigniter4\framework\system\Common.php(1097): CodeIgniter\View\View->render('super/manajemen', Array, true)
#4 D:\xampp80\htdocs\app_spm\app\Views\template\content.php(8): view('super/manajemen')
#5 D:\xampp80\htdocs\app_spm\vendor\codeigniter4\framework\system\View\View.php(214): include('D:\\xampp80\\htdo...')
#6 D:\xampp80\htdocs\app_spm\vendor\codeigniter4\framework\system\View\View.php(217): CodeIgniter\View\View->CodeIgniter\View\{closure}()
#7 D:\xampp80\htdocs\app_spm\vendor\codeigniter4\framework\system\Common.php(1097): CodeIgniter\View\View->render('template/conten...', Array, true)
#8 D:\xampp80\htdocs\app_spm\app\Controllers\Super\Super.php(24): view('template/conten...', Array)
#9 D:\xampp80\htdocs\app_spm\app\Controllers\Super\Super.php(71): App\Controllers\Super\Super->_template(Array)
#10 D:\xampp80\htdocs\app_spm\app\Controllers\Super\Super.php(78): App\Controllers\Super\Super->index()
#11 D:\xampp80\htdocs\app_spm\vendor\codeigniter4\framework\system\CodeIgniter.php(824): App\Controllers\Super\Super->manajemen()
#12 D:\xampp80\htdocs\app_spm\vendor\codeigniter4\framework\system\CodeIgniter.php(410): CodeIgniter\CodeIgniter->runController(Object(App\Controllers\Super\Super))
#13 D:\xampp80\htdocs\app_spm\vendor\codeigniter4\framework\system\CodeIgniter.php(318): CodeIgniter\CodeIgniter->handleRequest(NULL, Object(Config\Cache), false)
#14 D:\xampp80\htdocs\app_spm\public\index.php(37): CodeIgniter\CodeIgniter->run()
#15 D:\xampp80\htdocs\app_spm\vendor\codeigniter4\framework\system\Commands\Server\rewrite.php(43): require_once('D:\\xampp80\\htdo...')
#16 {main}
CRITICAL - 2022-01-12 09:33:24 --> Attempt to read property "poto" on null
#0 D:\xampp80\htdocs\app_spm\app\Views\super\manajemen.php(30): CodeIgniter\Debug\Exceptions->errorHandler(2, 'Attempt to read...', 'D:\\xampp80\\htdo...', 30)
#1 D:\xampp80\htdocs\app_spm\vendor\codeigniter4\framework\system\View\View.php(214): include('D:\\xampp80\\htdo...')
#2 D:\xampp80\htdocs\app_spm\vendor\codeigniter4\framework\system\View\View.php(217): CodeIgniter\View\View->CodeIgniter\View\{closure}()
#3 D:\xampp80\htdocs\app_spm\vendor\codeigniter4\framework\system\Common.php(1097): CodeIgniter\View\View->render('super/manajemen', Array, true)
#4 D:\xampp80\htdocs\app_spm\app\Views\template\content.php(8): view('super/manajemen')
#5 D:\xampp80\htdocs\app_spm\vendor\codeigniter4\framework\system\View\View.php(214): include('D:\\xampp80\\htdo...')
#6 D:\xampp80\htdocs\app_spm\vendor\codeigniter4\framework\system\View\View.php(217): CodeIgniter\View\View->CodeIgniter\View\{closure}()
#7 D:\xampp80\htdocs\app_spm\vendor\codeigniter4\framework\system\Common.php(1097): CodeIgniter\View\View->render('template/conten...', Array, true)
#8 D:\xampp80\htdocs\app_spm\app\Controllers\Super\Super.php(24): view('template/conten...', Array)
#9 D:\xampp80\htdocs\app_spm\app\Controllers\Super\Super.php(66): App\Controllers\Super\Super->_template(Array)
#10 D:\xampp80\htdocs\app_spm\app\Controllers\Super\Super.php(73): App\Controllers\Super\Super->index()
#11 D:\xampp80\htdocs\app_spm\vendor\codeigniter4\framework\system\CodeIgniter.php(824): App\Controllers\Super\Super->manajemen()
#12 D:\xampp80\htdocs\app_spm\vendor\codeigniter4\framework\system\CodeIgniter.php(410): CodeIgniter\CodeIgniter->runController(Object(App\Controllers\Super\Super))
#13 D:\xampp80\htdocs\app_spm\vendor\codeigniter4\framework\system\CodeIgniter.php(318): CodeIgniter\CodeIgniter->handleRequest(NULL, Object(Config\Cache), false)
#14 D:\xampp80\htdocs\app_spm\public\index.php(37): CodeIgniter\CodeIgniter->run()
#15 D:\xampp80\htdocs\app_spm\vendor\codeigniter4\framework\system\Commands\Server\rewrite.php(43): require_once('D:\\xampp80\\htdo...')
#16 {main}
CRITICAL - 2022-01-12 09:33:25 --> Attempt to read property "poto" on null
#0 D:\xampp80\htdocs\app_spm\app\Views\super\manajemen.php(30): CodeIgniter\Debug\Exceptions->errorHandler(2, 'Attempt to read...', 'D:\\xampp80\\htdo...', 30)
#1 D:\xampp80\htdocs\app_spm\vendor\codeigniter4\framework\system\View\View.php(214): include('D:\\xampp80\\htdo...')
#2 D:\xampp80\htdocs\app_spm\vendor\codeigniter4\framework\system\View\View.php(217): CodeIgniter\View\View->CodeIgniter\View\{closure}()
#3 D:\xampp80\htdocs\app_spm\vendor\codeigniter4\framework\system\Common.php(1097): CodeIgniter\View\View->render('super/manajemen', Array, true)
#4 D:\xampp80\htdocs\app_spm\app\Views\template\content.php(8): view('super/manajemen')
#5 D:\xampp80\htdocs\app_spm\vendor\codeigniter4\framework\system\View\View.php(214): include('D:\\xampp80\\htdo...')
#6 D:\xampp80\htdocs\app_spm\vendor\codeigniter4\framework\system\View\View.php(217): CodeIgniter\View\View->CodeIgniter\View\{closure}()
#7 D:\xampp80\htdocs\app_spm\vendor\codeigniter4\framework\system\Common.php(1097): CodeIgniter\View\View->render('template/conten...', Array, true)
#8 D:\xampp80\htdocs\app_spm\app\Controllers\Super\Super.php(24): view('template/conten...', Array)
#9 D:\xampp80\htdocs\app_spm\app\Controllers\Super\Super.php(66): App\Controllers\Super\Super->_template(Array)
#10 D:\xampp80\htdocs\app_spm\app\Controllers\Super\Super.php(73): App\Controllers\Super\Super->index()
#11 D:\xampp80\htdocs\app_spm\vendor\codeigniter4\framework\system\CodeIgniter.php(824): App\Controllers\Super\Super->manajemen()
#12 D:\xampp80\htdocs\app_spm\vendor\codeigniter4\framework\system\CodeIgniter.php(410): CodeIgniter\CodeIgniter->runController(Object(App\Controllers\Super\Super))
#13 D:\xampp80\htdocs\app_spm\vendor\codeigniter4\framework\system\CodeIgniter.php(318): CodeIgniter\CodeIgniter->handleRequest(NULL, Object(Config\Cache), false)
#14 D:\xampp80\htdocs\app_spm\public\index.php(37): CodeIgniter\CodeIgniter->run()
#15 D:\xampp80\htdocs\app_spm\vendor\codeigniter4\framework\system\Commands\Server\rewrite.php(43): require_once('D:\\xampp80\\htdo...')
#16 {main}
CRITICAL - 2022-01-12 09:46:59 --> Attempt to read property "poto" on null
#0 D:\xampp80\htdocs\app_spm\app\Views\super\manajemen.php(30): CodeIgniter\Debug\Exceptions->errorHandler(2, 'Attempt to read...', 'D:\\xampp80\\htdo...', 30)
#1 D:\xampp80\htdocs\app_spm\vendor\codeigniter4\framework\system\View\View.php(214): include('D:\\xampp80\\htdo...')
#2 D:\xampp80\htdocs\app_spm\vendor\codeigniter4\framework\system\View\View.php(217): CodeIgniter\View\View->CodeIgniter\View\{closure}()
#3 D:\xampp80\htdocs\app_spm\vendor\codeigniter4\framework\system\Common.php(1097): CodeIgniter\View\View->render('super/manajemen', Array, true)
#4 D:\xampp80\htdocs\app_spm\app\Views\template\content.php(8): view('super/manajemen')
#5 D:\xampp80\htdocs\app_spm\vendor\codeigniter4\framework\system\View\View.php(214): include('D:\\xampp80\\htdo...')
#6 D:\xampp80\htdocs\app_spm\vendor\codeigniter4\framework\system\View\View.php(217): CodeIgniter\View\View->CodeIgniter\View\{closure}()
#7 D:\xampp80\htdocs\app_spm\vendor\codeigniter4\framework\system\Common.php(1097): CodeIgniter\View\View->render('template/conten...', Array, true)
#8 D:\xampp80\htdocs\app_spm\app\Controllers\Super\Super.php(24): view('template/conten...', Array)
#9 D:\xampp80\htdocs\app_spm\app\Controllers\Super\Super.php(66): App\Controllers\Super\Super->_template(Array)
#10 D:\xampp80\htdocs\app_spm\app\Controllers\Super\Super.php(73): App\Controllers\Super\Super->index()
#11 D:\xampp80\htdocs\app_spm\vendor\codeigniter4\framework\system\CodeIgniter.php(824): App\Controllers\Super\Super->manajemen()
#12 D:\xampp80\htdocs\app_spm\vendor\codeigniter4\framework\system\CodeIgniter.php(410): CodeIgniter\CodeIgniter->runController(Object(App\Controllers\Super\Super))
#13 D:\xampp80\htdocs\app_spm\vendor\codeigniter4\framework\system\CodeIgniter.php(318): CodeIgniter\CodeIgniter->handleRequest(NULL, Object(Config\Cache), false)
#14 D:\xampp80\htdocs\app_spm\public\index.php(37): CodeIgniter\CodeIgniter->run()
#15 D:\xampp80\htdocs\app_spm\vendor\codeigniter4\framework\system\Commands\Server\rewrite.php(43): require_once('D:\\xampp80\\htdo...')
#16 {main}
CRITICAL - 2022-01-12 09:47:00 --> Attempt to read property "poto" on null
#0 D:\xampp80\htdocs\app_spm\app\Views\super\manajemen.php(30): CodeIgniter\Debug\Exceptions->errorHandler(2, 'Attempt to read...', 'D:\\xampp80\\htdo...', 30)
#1 D:\xampp80\htdocs\app_spm\vendor\codeigniter4\framework\system\View\View.php(214): include('D:\\xampp80\\htdo...')
#2 D:\xampp80\htdocs\app_spm\vendor\codeigniter4\framework\system\View\View.php(217): CodeIgniter\View\View->CodeIgniter\View\{closure}()
#3 D:\xampp80\htdocs\app_spm\vendor\codeigniter4\framework\system\Common.php(1097): CodeIgniter\View\View->render('super/manajemen', Array, true)
#4 D:\xampp80\htdocs\app_spm\app\Views\template\content.php(8): view('super/manajemen')
#5 D:\xampp80\htdocs\app_spm\vendor\codeigniter4\framework\system\View\View.php(214): include('D:\\xampp80\\htdo...')
#6 D:\xampp80\htdocs\app_spm\vendor\codeigniter4\framework\system\View\View.php(217): CodeIgniter\View\View->CodeIgniter\View\{closure}()
#7 D:\xampp80\htdocs\app_spm\vendor\codeigniter4\framework\system\Common.php(1097): CodeIgniter\View\View->render('template/conten...', Array, true)
#8 D:\xampp80\htdocs\app_spm\app\Controllers\Super\Super.php(24): view('template/conten...', Array)
#9 D:\xampp80\htdocs\app_spm\app\Controllers\Super\Super.php(66): App\Controllers\Super\Super->_template(Array)
#10 D:\xampp80\htdocs\app_spm\app\Controllers\Super\Super.php(73): App\Controllers\Super\Super->index()
#11 D:\xampp80\htdocs\app_spm\vendor\codeigniter4\framework\system\CodeIgniter.php(824): App\Controllers\Super\Super->manajemen()
#12 D:\xampp80\htdocs\app_spm\vendor\codeigniter4\framework\system\CodeIgniter.php(410): CodeIgniter\CodeIgniter->runController(Object(App\Controllers\Super\Super))
#13 D:\xampp80\htdocs\app_spm\vendor\codeigniter4\framework\system\CodeIgniter.php(318): CodeIgniter\CodeIgniter->handleRequest(NULL, Object(Config\Cache), false)
#14 D:\xampp80\htdocs\app_spm\public\index.php(37): CodeIgniter\CodeIgniter->run()
#15 D:\xampp80\htdocs\app_spm\vendor\codeigniter4\framework\system\Commands\Server\rewrite.php(43): require_once('D:\\xampp80\\htdo...')
#16 {main}
ERROR - 2022-01-12 11:30:07 --> You have an error in your SQL syntax; check the manual that corresponds to your MariaDB server version for the right syntax to use near '..`nama` NOT IN ('super')' at line 3
CRITICAL - 2022-01-12 11:30:07 --> You have an error in your SQL syntax; check the manual that corresponds to your MariaDB server version for the right syntax to use near '..`nama` NOT IN ('super')' at line 3
#0 D:\xampp80\htdocs\app_spm\vendor\codeigniter4\framework\system\Database\MySQLi\Connection.php(292): mysqli->query('SELECT *\nFROM `...', 0)
#1 D:\xampp80\htdocs\app_spm\vendor\codeigniter4\framework\system\Database\BaseConnection.php(670): CodeIgniter\Database\MySQLi\Connection->execute('SELECT *\nFROM `...')
#2 D:\xampp80\htdocs\app_spm\vendor\codeigniter4\framework\system\Database\BaseConnection.php(598): CodeIgniter\Database\BaseConnection->simpleQuery('SELECT *\nFROM `...')
#3 D:\xampp80\htdocs\app_spm\vendor\codeigniter4\framework\system\Database\BaseBuilder.php(1443): CodeIgniter\Database\BaseConnection->query('SELECT *\nFROM `...', Array, false)
#4 D:\xampp80\htdocs\app_spm\app\Models\M_konfig.php(61): CodeIgniter\Database\BaseBuilder->get()
#5 D:\xampp80\htdocs\app_spm\app\Controllers\Super\Super.php(32): App\Models\M_konfig->validasi_session(Array)
#6 D:\xampp80\htdocs\app_spm\vendor\codeigniter4\framework\system\CodeIgniter.php(824): App\Controllers\Super\Super->index()
#7 D:\xampp80\htdocs\app_spm\vendor\codeigniter4\framework\system\CodeIgniter.php(410): CodeIgniter\CodeIgniter->runController(Object(App\Controllers\Super\Super))
#8 D:\xampp80\htdocs\app_spm\vendor\codeigniter4\framework\system\CodeIgniter.php(318): CodeIgniter\CodeIgniter->handleRequest(NULL, Object(Config\Cache), false)
#9 D:\xampp80\htdocs\app_spm\public\index.php(37): CodeIgniter\CodeIgniter->run()
#10 D:\xampp80\htdocs\app_spm\vendor\codeigniter4\framework\system\Commands\Server\rewrite.php(43): require_once('D:\\xampp80\\htdo...')
#11 {main}
CRITICAL - 2022-01-12 00:38:57 --> Unclosed '{' on line 10
#0 D:\xampp80\htdocs\app_spm\vendor\codeigniter4\framework\system\Autoloader\Autoloader.php(241): CodeIgniter\Autoloader\Autoloader->includeFile('D:\\xampp80\\htdo...')
#1 D:\xampp80\htdocs\app_spm\vendor\codeigniter4\framework\system\Autoloader\Autoloader.php(219): CodeIgniter\Autoloader\Autoloader->loadInNamespace('App\\Filters\\Aut...')
#2 D:\xampp80\htdocs\app_spm\vendor\codeigniter4\framework\system\Filters\Filters.php(166): CodeIgniter\Autoloader\Autoloader->loadClass('App\\Filters\\Aut...')
#3 D:\xampp80\htdocs\app_spm\vendor\codeigniter4\framework\system\CodeIgniter.php(384): CodeIgniter\Filters\Filters->run('super', 'before')
#4 D:\xampp80\htdocs\app_spm\vendor\codeigniter4\framework\system\CodeIgniter.php(318): CodeIgniter\CodeIgniter->handleRequest(NULL, Object(Config\Cache), false)
#5 D:\xampp80\htdocs\app_spm\public\index.php(37): CodeIgniter\CodeIgniter->run()
#6 D:\xampp80\htdocs\app_spm\vendor\codeigniter4\framework\system\Commands\Server\rewrite.php(43): require_once('D:\\xampp80\\htdo...')
#7 {main}
