CRITICAL - 2022-01-10 05:50:48 --> Undefined variable $wa
#0 D:\xampp80\htdocs\app_spm\app\Views\report_ncp\filter.php(8): CodeIgniter\Debug\Exceptions->errorHandler(2, 'Undefined varia...', 'D:\\xampp80\\htdo...', 8)
#1 D:\xampp80\htdocs\app_spm\vendor\codeigniter4\framework\system\View\View.php(214): include('D:\\xampp80\\htdo...')
#2 D:\xampp80\htdocs\app_spm\vendor\codeigniter4\framework\system\View\View.php(217): CodeIgniter\View\View->CodeIgniter\View\{closure}()
#3 D:\xampp80\htdocs\app_spm\vendor\codeigniter4\framework\system\Common.php(1097): CodeIgniter\View\View->render('report_ncp/filt...', Array, true)
#4 D:\xampp80\htdocs\app_spm\app\Views\report_ncp\index.php(24): view('report_ncp/filt...')
#5 D:\xampp80\htdocs\app_spm\vendor\codeigniter4\framework\system\View\View.php(214): include('D:\\xampp80\\htdo...')
#6 D:\xampp80\htdocs\app_spm\vendor\codeigniter4\framework\system\View\View.php(217): CodeIgniter\View\View->CodeIgniter\View\{closure}()
#7 D:\xampp80\htdocs\app_spm\vendor\codeigniter4\framework\system\Common.php(1097): CodeIgniter\View\View->render('report_ncp/inde...', Array, true)
#8 D:\xampp80\htdocs\app_spm\app\Controllers\Report_ncp.php(68): view('report_ncp/inde...', Array)
#9 D:\xampp80\htdocs\app_spm\vendor\codeigniter4\framework\system\CodeIgniter.php(824): App\Controllers\Report_ncp->index()
#10 D:\xampp80\htdocs\app_spm\vendor\codeigniter4\framework\system\CodeIgniter.php(410): CodeIgniter\CodeIgniter->runController(Object(App\Controllers\Report_ncp))
#11 D:\xampp80\htdocs\app_spm\vendor\codeigniter4\framework\system\CodeIgniter.php(318): CodeIgniter\CodeIgniter->handleRequest(NULL, Object(Config\Cache), false)
#12 D:\xampp80\htdocs\app_spm\public\index.php(37): CodeIgniter\CodeIgniter->run()
#13 D:\xampp80\htdocs\app_spm\vendor\codeigniter4\framework\system\Commands\Server\rewrite.php(43): require_once('D:\\xampp80\\htdo...')
#14 {main}
CRITICAL - 2022-01-10 06:13:41 --> Undefined array key 1
#0 D:\xampp80\htdocs\app_spm\app\Models\M_report_ncp.php(192): CodeIgniter\Debug\Exceptions->errorHandler(2, 'Undefined array...', 'D:\\xampp80\\htdo...', 192)
#1 D:\xampp80\htdocs\app_spm\app\Models\M_report_ncp.php(119): App\Models\M_report_ncp->_get_datatables()
#2 D:\xampp80\htdocs\app_spm\app\Controllers\Report_ncp.php(78): App\Models\M_report_ncp->get_data()
#3 D:\xampp80\htdocs\app_spm\vendor\codeigniter4\framework\system\CodeIgniter.php(824): App\Controllers\Report_ncp->data_tables()
#4 D:\xampp80\htdocs\app_spm\vendor\codeigniter4\framework\system\CodeIgniter.php(410): CodeIgniter\CodeIgniter->runController(Object(App\Controllers\Report_ncp))
#5 D:\xampp80\htdocs\app_spm\vendor\codeigniter4\framework\system\CodeIgniter.php(318): CodeIgniter\CodeIgniter->handleRequest(NULL, Object(Config\Cache), false)
#6 D:\xampp80\htdocs\app_spm\public\index.php(37): CodeIgniter\CodeIgniter->run()
#7 D:\xampp80\htdocs\app_spm\vendor\codeigniter4\framework\system\Commands\Server\rewrite.php(43): require_once('D:\\xampp80\\htdo...')
#8 {main}
CRITICAL - 2022-01-10 06:29:58 --> You must set the database table to be used with your query.
#0 D:\xampp80\htdocs\app_spm\vendor\codeigniter4\framework\system\Model.php(545): CodeIgniter\Database\BaseConnection->table(NULL)
#1 D:\xampp80\htdocs\app_spm\vendor\codeigniter4\framework\system\Model.php(688): CodeIgniter\Model->builder()
#2 D:\xampp80\htdocs\app_spm\app\Models\M_data_user.php(317): CodeIgniter\Model->__get('input')
#3 D:\xampp80\htdocs\app_spm\app\Controllers\Data_user.php(260): App\Models\M_data_user->downloadXL()
#4 D:\xampp80\htdocs\app_spm\vendor\codeigniter4\framework\system\CodeIgniter.php(824): App\Controllers\Data_user->downloadXL()
#5 D:\xampp80\htdocs\app_spm\vendor\codeigniter4\framework\system\CodeIgniter.php(410): CodeIgniter\CodeIgniter->runController(Object(App\Controllers\Data_user))
#6 D:\xampp80\htdocs\app_spm\vendor\codeigniter4\framework\system\CodeIgniter.php(318): CodeIgniter\CodeIgniter->handleRequest(NULL, Object(Config\Cache), false)
#7 D:\xampp80\htdocs\app_spm\public\index.php(37): CodeIgniter\CodeIgniter->run()
#8 D:\xampp80\htdocs\app_spm\vendor\codeigniter4\framework\system\Commands\Server\rewrite.php(43): require_once('D:\\xampp80\\htdo...')
#9 {main}
CRITICAL - 2022-01-10 06:31:32 --> You must set the database table to be used with your query.
#0 D:\xampp80\htdocs\app_spm\vendor\codeigniter4\framework\system\Model.php(545): CodeIgniter\Database\BaseConnection->table(NULL)
#1 D:\xampp80\htdocs\app_spm\vendor\codeigniter4\framework\system\Model.php(688): CodeIgniter\Model->builder()
#2 D:\xampp80\htdocs\app_spm\app\Models\M_data_user.php(317): CodeIgniter\Model->__get('input')
#3 D:\xampp80\htdocs\app_spm\app\Controllers\Data_user.php(260): App\Models\M_data_user->downloadXL()
#4 D:\xampp80\htdocs\app_spm\vendor\codeigniter4\framework\system\CodeIgniter.php(824): App\Controllers\Data_user->downloadXL()
#5 D:\xampp80\htdocs\app_spm\vendor\codeigniter4\framework\system\CodeIgniter.php(410): CodeIgniter\CodeIgniter->runController(Object(App\Controllers\Data_user))
#6 D:\xampp80\htdocs\app_spm\vendor\codeigniter4\framework\system\CodeIgniter.php(318): CodeIgniter\CodeIgniter->handleRequest(NULL, Object(Config\Cache), false)
#7 D:\xampp80\htdocs\app_spm\public\index.php(37): CodeIgniter\CodeIgniter->run()
#8 D:\xampp80\htdocs\app_spm\vendor\codeigniter4\framework\system\Commands\Server\rewrite.php(43): require_once('D:\\xampp80\\htdo...')
#9 {main}
CRITICAL - 2022-01-10 06:31:53 --> You must set the database table to be used with your query.
#0 D:\xampp80\htdocs\app_spm\vendor\codeigniter4\framework\system\Model.php(545): CodeIgniter\Database\BaseConnection->table(NULL)
#1 D:\xampp80\htdocs\app_spm\vendor\codeigniter4\framework\system\Model.php(688): CodeIgniter\Model->builder()
#2 D:\xampp80\htdocs\app_spm\app\Models\M_data_user.php(317): CodeIgniter\Model->__get('input')
#3 D:\xampp80\htdocs\app_spm\app\Controllers\Data_user.php(260): App\Models\M_data_user->downloadXL()
#4 D:\xampp80\htdocs\app_spm\vendor\codeigniter4\framework\system\CodeIgniter.php(824): App\Controllers\Data_user->downloadXL()
#5 D:\xampp80\htdocs\app_spm\vendor\codeigniter4\framework\system\CodeIgniter.php(410): CodeIgniter\CodeIgniter->runController(Object(App\Controllers\Data_user))
#6 D:\xampp80\htdocs\app_spm\vendor\codeigniter4\framework\system\CodeIgniter.php(318): CodeIgniter\CodeIgniter->handleRequest(NULL, Object(Config\Cache), false)
#7 D:\xampp80\htdocs\app_spm\public\index.php(37): CodeIgniter\CodeIgniter->run()
#8 D:\xampp80\htdocs\app_spm\vendor\codeigniter4\framework\system\Commands\Server\rewrite.php(43): require_once('D:\\xampp80\\htdo...')
#9 {main}
