CRITICAL - 2022-01-02 06:18:12 --> Undefined property: CodeIgniter\View\View::$tanggal
#0 D:\xampp80\htdocs\app_spm\app\Views\profile\index.php(15): CodeIgniter\Debug\Exceptions->errorHandler(2, 'Undefined prope...', 'D:\\xampp80\\htdo...', 15)
#1 D:\xampp80\htdocs\app_spm\vendor\codeigniter4\framework\system\View\View.php(214): include('D:\\xampp80\\htdo...')
#2 D:\xampp80\htdocs\app_spm\vendor\codeigniter4\framework\system\View\View.php(217): CodeIgniter\View\View->CodeIgniter\View\{closure}()
#3 D:\xampp80\htdocs\app_spm\vendor\codeigniter4\framework\system\Common.php(1097): CodeIgniter\View\View->render('profile/index', Array, true)
#4 D:\xampp80\htdocs\app_spm\app\Views\temp_user\content.php(8): view('profile/index')
#5 D:\xampp80\htdocs\app_spm\vendor\codeigniter4\framework\system\View\View.php(214): include('D:\\xampp80\\htdo...')
#6 D:\xampp80\htdocs\app_spm\vendor\codeigniter4\framework\system\View\View.php(217): CodeIgniter\View\View->CodeIgniter\View\{closure}()
#7 D:\xampp80\htdocs\app_spm\vendor\codeigniter4\framework\system\Common.php(1097): CodeIgniter\View\View->render('temp_user/conte...', Array, true)
#8 D:\xampp80\htdocs\app_spm\app\Controllers\Profile.php(23): view('temp_user/conte...', Array)
#9 D:\xampp80\htdocs\app_spm\app\Controllers\Profile.php(65): App\Controllers\Profile->_template(Array)
#10 D:\xampp80\htdocs\app_spm\vendor\codeigniter4\framework\system\CodeIgniter.php(824): App\Controllers\Profile->index()
#11 D:\xampp80\htdocs\app_spm\vendor\codeigniter4\framework\system\CodeIgniter.php(410): CodeIgniter\CodeIgniter->runController(Object(App\Controllers\Profile))
#12 D:\xampp80\htdocs\app_spm\vendor\codeigniter4\framework\system\CodeIgniter.php(318): CodeIgniter\CodeIgniter->handleRequest(NULL, Object(Config\Cache), false)
#13 D:\xampp80\htdocs\app_spm\public\index.php(37): CodeIgniter\CodeIgniter->run()
#14 D:\xampp80\htdocs\app_spm\vendor\codeigniter4\framework\system\Commands\Server\rewrite.php(43): require_once('D:\\xampp80\\htdo...')
#15 {main}
CRITICAL - 2022-01-02 06:22:57 --> Undefined variable $namalevel
#0 D:\xampp80\htdocs\app_spm\app\Views\profile\index.php(36): CodeIgniter\Debug\Exceptions->errorHandler(2, 'Undefined varia...', 'D:\\xampp80\\htdo...', 36)
#1 D:\xampp80\htdocs\app_spm\vendor\codeigniter4\framework\system\View\View.php(214): include('D:\\xampp80\\htdo...')
#2 D:\xampp80\htdocs\app_spm\vendor\codeigniter4\framework\system\View\View.php(217): CodeIgniter\View\View->CodeIgniter\View\{closure}()
#3 D:\xampp80\htdocs\app_spm\vendor\codeigniter4\framework\system\Common.php(1097): CodeIgniter\View\View->render('profile/index', Array, true)
#4 D:\xampp80\htdocs\app_spm\app\Views\temp_user\content.php(8): view('profile/index')
#5 D:\xampp80\htdocs\app_spm\vendor\codeigniter4\framework\system\View\View.php(214): include('D:\\xampp80\\htdo...')
#6 D:\xampp80\htdocs\app_spm\vendor\codeigniter4\framework\system\View\View.php(217): CodeIgniter\View\View->CodeIgniter\View\{closure}()
#7 D:\xampp80\htdocs\app_spm\vendor\codeigniter4\framework\system\Common.php(1097): CodeIgniter\View\View->render('temp_user/conte...', Array, true)
#8 D:\xampp80\htdocs\app_spm\app\Controllers\Profile.php(23): view('temp_user/conte...', Array)
#9 D:\xampp80\htdocs\app_spm\app\Controllers\Profile.php(70): App\Controllers\Profile->_template(Array)
#10 D:\xampp80\htdocs\app_spm\vendor\codeigniter4\framework\system\CodeIgniter.php(824): App\Controllers\Profile->index()
#11 D:\xampp80\htdocs\app_spm\vendor\codeigniter4\framework\system\CodeIgniter.php(410): CodeIgniter\CodeIgniter->runController(Object(App\Controllers\Profile))
#12 D:\xampp80\htdocs\app_spm\vendor\codeigniter4\framework\system\CodeIgniter.php(318): CodeIgniter\CodeIgniter->handleRequest(NULL, Object(Config\Cache), false)
#13 D:\xampp80\htdocs\app_spm\public\index.php(37): CodeIgniter\CodeIgniter->run()
#14 D:\xampp80\htdocs\app_spm\vendor\codeigniter4\framework\system\Commands\Server\rewrite.php(43): require_once('D:\\xampp80\\htdo...')
#15 {main}
CRITICAL - 2022-01-02 06:23:35 --> Undefined variable $namalevel
#0 D:\xampp80\htdocs\app_spm\app\Views\profile\index.php(36): CodeIgniter\Debug\Exceptions->errorHandler(2, 'Undefined varia...', 'D:\\xampp80\\htdo...', 36)
#1 D:\xampp80\htdocs\app_spm\vendor\codeigniter4\framework\system\View\View.php(214): include('D:\\xampp80\\htdo...')
#2 D:\xampp80\htdocs\app_spm\vendor\codeigniter4\framework\system\View\View.php(217): CodeIgniter\View\View->CodeIgniter\View\{closure}()
#3 D:\xampp80\htdocs\app_spm\vendor\codeigniter4\framework\system\Common.php(1097): CodeIgniter\View\View->render('profile/index', Array, true)
#4 D:\xampp80\htdocs\app_spm\app\Views\temp_user\content.php(8): view('profile/index')
#5 D:\xampp80\htdocs\app_spm\vendor\codeigniter4\framework\system\View\View.php(214): include('D:\\xampp80\\htdo...')
#6 D:\xampp80\htdocs\app_spm\vendor\codeigniter4\framework\system\View\View.php(217): CodeIgniter\View\View->CodeIgniter\View\{closure}()
#7 D:\xampp80\htdocs\app_spm\vendor\codeigniter4\framework\system\Common.php(1097): CodeIgniter\View\View->render('temp_user/conte...', Array, true)
#8 D:\xampp80\htdocs\app_spm\app\Controllers\Profile.php(23): view('temp_user/conte...', Array)
#9 D:\xampp80\htdocs\app_spm\app\Controllers\Profile.php(70): App\Controllers\Profile->_template(Array)
#10 D:\xampp80\htdocs\app_spm\vendor\codeigniter4\framework\system\CodeIgniter.php(824): App\Controllers\Profile->index()
#11 D:\xampp80\htdocs\app_spm\vendor\codeigniter4\framework\system\CodeIgniter.php(410): CodeIgniter\CodeIgniter->runController(Object(App\Controllers\Profile))
#12 D:\xampp80\htdocs\app_spm\vendor\codeigniter4\framework\system\CodeIgniter.php(318): CodeIgniter\CodeIgniter->handleRequest(NULL, Object(Config\Cache), false)
#13 D:\xampp80\htdocs\app_spm\public\index.php(37): CodeIgniter\CodeIgniter->run()
#14 D:\xampp80\htdocs\app_spm\vendor\codeigniter4\framework\system\Commands\Server\rewrite.php(43): require_once('D:\\xampp80\\htdo...')
#15 {main}
CRITICAL - 2022-01-02 06:23:37 --> Undefined variable $namalevel
#0 D:\xampp80\htdocs\app_spm\app\Views\profile\index.php(36): CodeIgniter\Debug\Exceptions->errorHandler(2, 'Undefined varia...', 'D:\\xampp80\\htdo...', 36)
#1 D:\xampp80\htdocs\app_spm\vendor\codeigniter4\framework\system\View\View.php(214): include('D:\\xampp80\\htdo...')
#2 D:\xampp80\htdocs\app_spm\vendor\codeigniter4\framework\system\View\View.php(217): CodeIgniter\View\View->CodeIgniter\View\{closure}()
#3 D:\xampp80\htdocs\app_spm\vendor\codeigniter4\framework\system\Common.php(1097): CodeIgniter\View\View->render('profile/index', Array, true)
#4 D:\xampp80\htdocs\app_spm\app\Views\temp_user\content.php(8): view('profile/index')
#5 D:\xampp80\htdocs\app_spm\vendor\codeigniter4\framework\system\View\View.php(214): include('D:\\xampp80\\htdo...')
#6 D:\xampp80\htdocs\app_spm\vendor\codeigniter4\framework\system\View\View.php(217): CodeIgniter\View\View->CodeIgniter\View\{closure}()
#7 D:\xampp80\htdocs\app_spm\vendor\codeigniter4\framework\system\Common.php(1097): CodeIgniter\View\View->render('temp_user/conte...', Array, true)
#8 D:\xampp80\htdocs\app_spm\app\Controllers\Profile.php(23): view('temp_user/conte...', Array)
#9 D:\xampp80\htdocs\app_spm\app\Controllers\Profile.php(70): App\Controllers\Profile->_template(Array)
#10 D:\xampp80\htdocs\app_spm\vendor\codeigniter4\framework\system\CodeIgniter.php(824): App\Controllers\Profile->index()
#11 D:\xampp80\htdocs\app_spm\vendor\codeigniter4\framework\system\CodeIgniter.php(410): CodeIgniter\CodeIgniter->runController(Object(App\Controllers\Profile))
#12 D:\xampp80\htdocs\app_spm\vendor\codeigniter4\framework\system\CodeIgniter.php(318): CodeIgniter\CodeIgniter->handleRequest(NULL, Object(Config\Cache), false)
#13 D:\xampp80\htdocs\app_spm\public\index.php(37): CodeIgniter\CodeIgniter->run()
#14 D:\xampp80\htdocs\app_spm\vendor\codeigniter4\framework\system\Commands\Server\rewrite.php(43): require_once('D:\\xampp80\\htdo...')
#15 {main}
CRITICAL - 2022-01-02 06:24:10 --> Undefined variable $namalevel
#0 D:\xampp80\htdocs\app_spm\app\Views\profile\index.php(36): CodeIgniter\Debug\Exceptions->errorHandler(2, 'Undefined varia...', 'D:\\xampp80\\htdo...', 36)
#1 D:\xampp80\htdocs\app_spm\vendor\codeigniter4\framework\system\View\View.php(214): include('D:\\xampp80\\htdo...')
#2 D:\xampp80\htdocs\app_spm\vendor\codeigniter4\framework\system\View\View.php(217): CodeIgniter\View\View->CodeIgniter\View\{closure}()
#3 D:\xampp80\htdocs\app_spm\vendor\codeigniter4\framework\system\Common.php(1097): CodeIgniter\View\View->render('profile/index', Array, true)
#4 D:\xampp80\htdocs\app_spm\app\Views\temp_user\content.php(8): view('profile/index')
#5 D:\xampp80\htdocs\app_spm\vendor\codeigniter4\framework\system\View\View.php(214): include('D:\\xampp80\\htdo...')
#6 D:\xampp80\htdocs\app_spm\vendor\codeigniter4\framework\system\View\View.php(217): CodeIgniter\View\View->CodeIgniter\View\{closure}()
#7 D:\xampp80\htdocs\app_spm\vendor\codeigniter4\framework\system\Common.php(1097): CodeIgniter\View\View->render('temp_user/conte...', Array, true)
#8 D:\xampp80\htdocs\app_spm\app\Controllers\Profile.php(23): view('temp_user/conte...', Array)
#9 D:\xampp80\htdocs\app_spm\app\Controllers\Profile.php(70): App\Controllers\Profile->_template(Array)
#10 D:\xampp80\htdocs\app_spm\vendor\codeigniter4\framework\system\CodeIgniter.php(824): App\Controllers\Profile->index()
#11 D:\xampp80\htdocs\app_spm\vendor\codeigniter4\framework\system\CodeIgniter.php(410): CodeIgniter\CodeIgniter->runController(Object(App\Controllers\Profile))
#12 D:\xampp80\htdocs\app_spm\vendor\codeigniter4\framework\system\CodeIgniter.php(318): CodeIgniter\CodeIgniter->handleRequest(NULL, Object(Config\Cache), false)
#13 D:\xampp80\htdocs\app_spm\public\index.php(37): CodeIgniter\CodeIgniter->run()
#14 D:\xampp80\htdocs\app_spm\vendor\codeigniter4\framework\system\Commands\Server\rewrite.php(43): require_once('D:\\xampp80\\htdo...')
#15 {main}
CRITICAL - 2022-01-02 06:25:37 --> Undefined variable $namalevel
#0 D:\xampp80\htdocs\app_spm\app\Views\profile\index.php(36): CodeIgniter\Debug\Exceptions->errorHandler(2, 'Undefined varia...', 'D:\\xampp80\\htdo...', 36)
#1 D:\xampp80\htdocs\app_spm\vendor\codeigniter4\framework\system\View\View.php(214): include('D:\\xampp80\\htdo...')
#2 D:\xampp80\htdocs\app_spm\vendor\codeigniter4\framework\system\View\View.php(217): CodeIgniter\View\View->CodeIgniter\View\{closure}()
#3 D:\xampp80\htdocs\app_spm\vendor\codeigniter4\framework\system\Common.php(1097): CodeIgniter\View\View->render('profile/index', Array, true)
#4 D:\xampp80\htdocs\app_spm\app\Views\temp_user\content.php(8): view('profile/index')
#5 D:\xampp80\htdocs\app_spm\vendor\codeigniter4\framework\system\View\View.php(214): include('D:\\xampp80\\htdo...')
#6 D:\xampp80\htdocs\app_spm\vendor\codeigniter4\framework\system\View\View.php(217): CodeIgniter\View\View->CodeIgniter\View\{closure}()
#7 D:\xampp80\htdocs\app_spm\vendor\codeigniter4\framework\system\Common.php(1097): CodeIgniter\View\View->render('temp_user/conte...', Array, true)
#8 D:\xampp80\htdocs\app_spm\app\Controllers\Profile.php(23): view('temp_user/conte...', Array)
#9 D:\xampp80\htdocs\app_spm\app\Controllers\Profile.php(70): App\Controllers\Profile->_template(Array)
#10 D:\xampp80\htdocs\app_spm\vendor\codeigniter4\framework\system\CodeIgniter.php(824): App\Controllers\Profile->index()
#11 D:\xampp80\htdocs\app_spm\vendor\codeigniter4\framework\system\CodeIgniter.php(410): CodeIgniter\CodeIgniter->runController(Object(App\Controllers\Profile))
#12 D:\xampp80\htdocs\app_spm\vendor\codeigniter4\framework\system\CodeIgniter.php(318): CodeIgniter\CodeIgniter->handleRequest(NULL, Object(Config\Cache), false)
#13 D:\xampp80\htdocs\app_spm\public\index.php(37): CodeIgniter\CodeIgniter->run()
#14 D:\xampp80\htdocs\app_spm\vendor\codeigniter4\framework\system\Commands\Server\rewrite.php(43): require_once('D:\\xampp80\\htdo...')
#15 {main}
CRITICAL - 2022-01-02 06:25:38 --> Undefined variable $namalevel
#0 D:\xampp80\htdocs\app_spm\app\Views\profile\index.php(36): CodeIgniter\Debug\Exceptions->errorHandler(2, 'Undefined varia...', 'D:\\xampp80\\htdo...', 36)
#1 D:\xampp80\htdocs\app_spm\vendor\codeigniter4\framework\system\View\View.php(214): include('D:\\xampp80\\htdo...')
#2 D:\xampp80\htdocs\app_spm\vendor\codeigniter4\framework\system\View\View.php(217): CodeIgniter\View\View->CodeIgniter\View\{closure}()
#3 D:\xampp80\htdocs\app_spm\vendor\codeigniter4\framework\system\Common.php(1097): CodeIgniter\View\View->render('profile/index', Array, true)
#4 D:\xampp80\htdocs\app_spm\app\Views\temp_user\content.php(8): view('profile/index')
#5 D:\xampp80\htdocs\app_spm\vendor\codeigniter4\framework\system\View\View.php(214): include('D:\\xampp80\\htdo...')
#6 D:\xampp80\htdocs\app_spm\vendor\codeigniter4\framework\system\View\View.php(217): CodeIgniter\View\View->CodeIgniter\View\{closure}()
#7 D:\xampp80\htdocs\app_spm\vendor\codeigniter4\framework\system\Common.php(1097): CodeIgniter\View\View->render('temp_user/conte...', Array, true)
#8 D:\xampp80\htdocs\app_spm\app\Controllers\Profile.php(23): view('temp_user/conte...', Array)
#9 D:\xampp80\htdocs\app_spm\app\Controllers\Profile.php(70): App\Controllers\Profile->_template(Array)
#10 D:\xampp80\htdocs\app_spm\vendor\codeigniter4\framework\system\CodeIgniter.php(824): App\Controllers\Profile->index()
#11 D:\xampp80\htdocs\app_spm\vendor\codeigniter4\framework\system\CodeIgniter.php(410): CodeIgniter\CodeIgniter->runController(Object(App\Controllers\Profile))
#12 D:\xampp80\htdocs\app_spm\vendor\codeigniter4\framework\system\CodeIgniter.php(318): CodeIgniter\CodeIgniter->handleRequest(NULL, Object(Config\Cache), false)
#13 D:\xampp80\htdocs\app_spm\public\index.php(37): CodeIgniter\CodeIgniter->run()
#14 D:\xampp80\htdocs\app_spm\vendor\codeigniter4\framework\system\Commands\Server\rewrite.php(43): require_once('D:\\xampp80\\htdo...')
#15 {main}
CRITICAL - 2022-01-02 06:25:38 --> Undefined variable $namalevel
#0 D:\xampp80\htdocs\app_spm\app\Views\profile\index.php(36): CodeIgniter\Debug\Exceptions->errorHandler(2, 'Undefined varia...', 'D:\\xampp80\\htdo...', 36)
#1 D:\xampp80\htdocs\app_spm\vendor\codeigniter4\framework\system\View\View.php(214): include('D:\\xampp80\\htdo...')
#2 D:\xampp80\htdocs\app_spm\vendor\codeigniter4\framework\system\View\View.php(217): CodeIgniter\View\View->CodeIgniter\View\{closure}()
#3 D:\xampp80\htdocs\app_spm\vendor\codeigniter4\framework\system\Common.php(1097): CodeIgniter\View\View->render('profile/index', Array, true)
#4 D:\xampp80\htdocs\app_spm\app\Views\temp_user\content.php(8): view('profile/index')
#5 D:\xampp80\htdocs\app_spm\vendor\codeigniter4\framework\system\View\View.php(214): include('D:\\xampp80\\htdo...')
#6 D:\xampp80\htdocs\app_spm\vendor\codeigniter4\framework\system\View\View.php(217): CodeIgniter\View\View->CodeIgniter\View\{closure}()
#7 D:\xampp80\htdocs\app_spm\vendor\codeigniter4\framework\system\Common.php(1097): CodeIgniter\View\View->render('temp_user/conte...', Array, true)
#8 D:\xampp80\htdocs\app_spm\app\Controllers\Profile.php(23): view('temp_user/conte...', Array)
#9 D:\xampp80\htdocs\app_spm\app\Controllers\Profile.php(70): App\Controllers\Profile->_template(Array)
#10 D:\xampp80\htdocs\app_spm\vendor\codeigniter4\framework\system\CodeIgniter.php(824): App\Controllers\Profile->index()
#11 D:\xampp80\htdocs\app_spm\vendor\codeigniter4\framework\system\CodeIgniter.php(410): CodeIgniter\CodeIgniter->runController(Object(App\Controllers\Profile))
#12 D:\xampp80\htdocs\app_spm\vendor\codeigniter4\framework\system\CodeIgniter.php(318): CodeIgniter\CodeIgniter->handleRequest(NULL, Object(Config\Cache), false)
#13 D:\xampp80\htdocs\app_spm\public\index.php(37): CodeIgniter\CodeIgniter->run()
#14 D:\xampp80\htdocs\app_spm\vendor\codeigniter4\framework\system\Commands\Server\rewrite.php(43): require_once('D:\\xampp80\\htdo...')
#15 {main}
CRITICAL - 2022-01-02 07:26:50 --> Call to undefined method App\Controllers\Master_warehouse_area::dropdown_barcode()
#0 D:\xampp80\htdocs\app_spm\vendor\codeigniter4\framework\system\CodeIgniter.php(824): App\Controllers\Master_warehouse_area->index()
#1 D:\xampp80\htdocs\app_spm\vendor\codeigniter4\framework\system\CodeIgniter.php(410): CodeIgniter\CodeIgniter->runController(Object(App\Controllers\Master_warehouse_area))
#2 D:\xampp80\htdocs\app_spm\vendor\codeigniter4\framework\system\CodeIgniter.php(318): CodeIgniter\CodeIgniter->handleRequest(NULL, Object(Config\Cache), false)
#3 D:\xampp80\htdocs\app_spm\public\index.php(37): CodeIgniter\CodeIgniter->run()
#4 D:\xampp80\htdocs\app_spm\vendor\codeigniter4\framework\system\Commands\Server\rewrite.php(43): require_once('D:\\xampp80\\htdo...')
#5 {main}
CRITICAL - 2022-01-02 07:38:07 --> Undefined array key 1
#0 D:\xampp80\htdocs\app_spm\app\Models\M_master_warehouse_area.php(77): CodeIgniter\Debug\Exceptions->errorHandler(2, 'Undefined array...', 'D:\\xampp80\\htdo...', 77)
#1 D:\xampp80\htdocs\app_spm\app\Models\M_master_warehouse_area.php(44): App\Models\M_master_warehouse_area->_get_datatables()
#2 D:\xampp80\htdocs\app_spm\app\Controllers\Master_warehouse_area.php(71): App\Models\M_master_warehouse_area->get_data()
#3 D:\xampp80\htdocs\app_spm\vendor\codeigniter4\framework\system\CodeIgniter.php(824): App\Controllers\Master_warehouse_area->data_tables()
#4 D:\xampp80\htdocs\app_spm\vendor\codeigniter4\framework\system\CodeIgniter.php(410): CodeIgniter\CodeIgniter->runController(Object(App\Controllers\Master_warehouse_area))
#5 D:\xampp80\htdocs\app_spm\vendor\codeigniter4\framework\system\CodeIgniter.php(318): CodeIgniter\CodeIgniter->handleRequest(NULL, Object(Config\Cache), false)
#6 D:\xampp80\htdocs\app_spm\public\index.php(37): CodeIgniter\CodeIgniter->run()
#7 D:\xampp80\htdocs\app_spm\vendor\codeigniter4\framework\system\Commands\Server\rewrite.php(43): require_once('D:\\xampp80\\htdo...')
#8 {main}
CRITICAL - 2022-01-02 07:48:46 --> You must set the database table to be used with your query.
#0 D:\xampp80\htdocs\app_spm\vendor\codeigniter4\framework\system\Model.php(545): CodeIgniter\Database\BaseConnection->table(NULL)
#1 D:\xampp80\htdocs\app_spm\vendor\codeigniter4\framework\system\Model.php(688): CodeIgniter\Model->builder()
#2 D:\xampp80\htdocs\app_spm\app\Models\M_master_warehouse_area.php(99): CodeIgniter\Model->__get('session')
#3 D:\xampp80\htdocs\app_spm\app\Controllers\Master_warehouse_area.php(113): App\Models\M_master_warehouse_area->input_data()
#4 D:\xampp80\htdocs\app_spm\vendor\codeigniter4\framework\system\CodeIgniter.php(824): App\Controllers\Master_warehouse_area->input_data()
#5 D:\xampp80\htdocs\app_spm\vendor\codeigniter4\framework\system\CodeIgniter.php(410): CodeIgniter\CodeIgniter->runController(Object(App\Controllers\Master_warehouse_area))
#6 D:\xampp80\htdocs\app_spm\vendor\codeigniter4\framework\system\CodeIgniter.php(318): CodeIgniter\CodeIgniter->handleRequest(NULL, Object(Config\Cache), false)
#7 D:\xampp80\htdocs\app_spm\public\index.php(37): CodeIgniter\CodeIgniter->run()
#8 D:\xampp80\htdocs\app_spm\vendor\codeigniter4\framework\system\Commands\Server\rewrite.php(43): require_once('D:\\xampp80\\htdo...')
#9 {main}
CRITICAL - 2022-01-02 07:49:16 --> You must set the database table to be used with your query.
#0 D:\xampp80\htdocs\app_spm\vendor\codeigniter4\framework\system\Model.php(545): CodeIgniter\Database\BaseConnection->table(NULL)
#1 D:\xampp80\htdocs\app_spm\vendor\codeigniter4\framework\system\Model.php(688): CodeIgniter\Model->builder()
#2 D:\xampp80\htdocs\app_spm\app\Models\M_master_warehouse_area.php(99): CodeIgniter\Model->__get('session')
#3 D:\xampp80\htdocs\app_spm\app\Controllers\Master_warehouse_area.php(113): App\Models\M_master_warehouse_area->input_data()
#4 D:\xampp80\htdocs\app_spm\vendor\codeigniter4\framework\system\CodeIgniter.php(824): App\Controllers\Master_warehouse_area->input_data()
#5 D:\xampp80\htdocs\app_spm\vendor\codeigniter4\framework\system\CodeIgniter.php(410): CodeIgniter\CodeIgniter->runController(Object(App\Controllers\Master_warehouse_area))
#6 D:\xampp80\htdocs\app_spm\vendor\codeigniter4\framework\system\CodeIgniter.php(318): CodeIgniter\CodeIgniter->handleRequest(NULL, Object(Config\Cache), false)
#7 D:\xampp80\htdocs\app_spm\public\index.php(37): CodeIgniter\CodeIgniter->run()
#8 D:\xampp80\htdocs\app_spm\vendor\codeigniter4\framework\system\Commands\Server\rewrite.php(43): require_once('D:\\xampp80\\htdo...')
#9 {main}
CRITICAL - 2022-01-02 07:50:48 --> You must set the database table to be used with your query.
#0 D:\xampp80\htdocs\app_spm\vendor\codeigniter4\framework\system\Model.php(545): CodeIgniter\Database\BaseConnection->table(NULL)
#1 D:\xampp80\htdocs\app_spm\vendor\codeigniter4\framework\system\Model.php(688): CodeIgniter\Model->builder()
#2 D:\xampp80\htdocs\app_spm\app\Models\M_master_warehouse_area.php(99): CodeIgniter\Model->__get('session')
#3 D:\xampp80\htdocs\app_spm\app\Controllers\Master_warehouse_area.php(113): App\Models\M_master_warehouse_area->input_data()
#4 D:\xampp80\htdocs\app_spm\vendor\codeigniter4\framework\system\CodeIgniter.php(824): App\Controllers\Master_warehouse_area->input_data()
#5 D:\xampp80\htdocs\app_spm\vendor\codeigniter4\framework\system\CodeIgniter.php(410): CodeIgniter\CodeIgniter->runController(Object(App\Controllers\Master_warehouse_area))
#6 D:\xampp80\htdocs\app_spm\vendor\codeigniter4\framework\system\CodeIgniter.php(318): CodeIgniter\CodeIgniter->handleRequest(NULL, Object(Config\Cache), false)
#7 D:\xampp80\htdocs\app_spm\public\index.php(37): CodeIgniter\CodeIgniter->run()
#8 D:\xampp80\htdocs\app_spm\vendor\codeigniter4\framework\system\Commands\Server\rewrite.php(43): require_once('D:\\xampp80\\htdo...')
#9 {main}
CRITICAL - 2022-01-02 07:53:13 --> Call to undefined method CodeIgniter\Security\Security::xss_clean()
#0 D:\xampp80\htdocs\app_spm\app\Controllers\Master_warehouse_area.php(113): App\Models\M_master_warehouse_area->input_data()
#1 D:\xampp80\htdocs\app_spm\vendor\codeigniter4\framework\system\CodeIgniter.php(824): App\Controllers\Master_warehouse_area->input_data()
#2 D:\xampp80\htdocs\app_spm\vendor\codeigniter4\framework\system\CodeIgniter.php(410): CodeIgniter\CodeIgniter->runController(Object(App\Controllers\Master_warehouse_area))
#3 D:\xampp80\htdocs\app_spm\vendor\codeigniter4\framework\system\CodeIgniter.php(318): CodeIgniter\CodeIgniter->handleRequest(NULL, Object(Config\Cache), false)
#4 D:\xampp80\htdocs\app_spm\public\index.php(37): CodeIgniter\CodeIgniter->run()
#5 D:\xampp80\htdocs\app_spm\vendor\codeigniter4\framework\system\Commands\Server\rewrite.php(43): require_once('D:\\xampp80\\htdo...')
#6 {main}
CRITICAL - 2022-01-02 08:17:20 --> You must set the database table to be used with your query.
#0 D:\xampp80\htdocs\app_spm\vendor\codeigniter4\framework\system\Model.php(545): CodeIgniter\Database\BaseConnection->table(NULL)
#1 D:\xampp80\htdocs\app_spm\vendor\codeigniter4\framework\system\Model.php(717): CodeIgniter\Model->builder()
#2 D:\xampp80\htdocs\app_spm\app\Controllers\Master_warehouse_area.php(118): CodeIgniter\Model->__call('edit_data', Array)
#3 D:\xampp80\htdocs\app_spm\vendor\codeigniter4\framework\system\CodeIgniter.php(824): App\Controllers\Master_warehouse_area->edit_data()
#4 D:\xampp80\htdocs\app_spm\vendor\codeigniter4\framework\system\CodeIgniter.php(410): CodeIgniter\CodeIgniter->runController(Object(App\Controllers\Master_warehouse_area))
#5 D:\xampp80\htdocs\app_spm\vendor\codeigniter4\framework\system\CodeIgniter.php(318): CodeIgniter\CodeIgniter->handleRequest(NULL, Object(Config\Cache), false)
#6 D:\xampp80\htdocs\app_spm\public\index.php(37): CodeIgniter\CodeIgniter->run()
#7 D:\xampp80\htdocs\app_spm\vendor\codeigniter4\framework\system\Commands\Server\rewrite.php(43): require_once('D:\\xampp80\\htdo...')
#8 {main}
CRITICAL - 2022-01-02 08:23:04 --> Undefined property: App\Controllers\Master_warehouse_area::$load
#0 D:\xampp80\htdocs\app_spm\app\Controllers\Master_warehouse_area.php(119): CodeIgniter\Debug\Exceptions->errorHandler(2, 'Undefined prope...', 'D:\\xampp80\\htdo...', 119)
#1 D:\xampp80\htdocs\app_spm\vendor\codeigniter4\framework\system\CodeIgniter.php(824): App\Controllers\Master_warehouse_area->edit_data()
#2 D:\xampp80\htdocs\app_spm\vendor\codeigniter4\framework\system\CodeIgniter.php(410): CodeIgniter\CodeIgniter->runController(Object(App\Controllers\Master_warehouse_area))
#3 D:\xampp80\htdocs\app_spm\vendor\codeigniter4\framework\system\CodeIgniter.php(318): CodeIgniter\CodeIgniter->handleRequest(NULL, Object(Config\Cache), false)
#4 D:\xampp80\htdocs\app_spm\public\index.php(37): CodeIgniter\CodeIgniter->run()
#5 D:\xampp80\htdocs\app_spm\vendor\codeigniter4\framework\system\Commands\Server\rewrite.php(43): require_once('D:\\xampp80\\htdo...')
#6 {main}
CRITICAL - 2022-01-02 08:23:36 --> Undefined property: App\Controllers\Master_warehouse_area::$load
#0 D:\xampp80\htdocs\app_spm\app\Controllers\Master_warehouse_area.php(119): CodeIgniter\Debug\Exceptions->errorHandler(2, 'Undefined prope...', 'D:\\xampp80\\htdo...', 119)
#1 D:\xampp80\htdocs\app_spm\vendor\codeigniter4\framework\system\CodeIgniter.php(824): App\Controllers\Master_warehouse_area->edit_data()
#2 D:\xampp80\htdocs\app_spm\vendor\codeigniter4\framework\system\CodeIgniter.php(410): CodeIgniter\CodeIgniter->runController(Object(App\Controllers\Master_warehouse_area))
#3 D:\xampp80\htdocs\app_spm\vendor\codeigniter4\framework\system\CodeIgniter.php(318): CodeIgniter\CodeIgniter->handleRequest(NULL, Object(Config\Cache), false)
#4 D:\xampp80\htdocs\app_spm\public\index.php(37): CodeIgniter\CodeIgniter->run()
#5 D:\xampp80\htdocs\app_spm\vendor\codeigniter4\framework\system\Commands\Server\rewrite.php(43): require_once('D:\\xampp80\\htdo...')
#6 {main}
CRITICAL - 2022-01-02 08:23:40 --> Undefined property: App\Controllers\Master_warehouse_area::$load
#0 D:\xampp80\htdocs\app_spm\app\Controllers\Master_warehouse_area.php(119): CodeIgniter\Debug\Exceptions->errorHandler(2, 'Undefined prope...', 'D:\\xampp80\\htdo...', 119)
#1 D:\xampp80\htdocs\app_spm\vendor\codeigniter4\framework\system\CodeIgniter.php(824): App\Controllers\Master_warehouse_area->edit_data()
#2 D:\xampp80\htdocs\app_spm\vendor\codeigniter4\framework\system\CodeIgniter.php(410): CodeIgniter\CodeIgniter->runController(Object(App\Controllers\Master_warehouse_area))
#3 D:\xampp80\htdocs\app_spm\vendor\codeigniter4\framework\system\CodeIgniter.php(318): CodeIgniter\CodeIgniter->handleRequest(NULL, Object(Config\Cache), false)
#4 D:\xampp80\htdocs\app_spm\public\index.php(37): CodeIgniter\CodeIgniter->run()
#5 D:\xampp80\htdocs\app_spm\vendor\codeigniter4\framework\system\Commands\Server\rewrite.php(43): require_once('D:\\xampp80\\htdo...')
#6 {main}
ERROR - 2022-01-02 08:29:28 --> You have an error in your SQL syntax; check the manual that corresponds to your MariaDB server version for the right syntax to use near '= 'PLY'' at line 6
CRITICAL - 2022-01-02 08:29:28 --> You have an error in your SQL syntax; check the manual that corresponds to your MariaDB server version for the right syntax to use near '= 'PLY'' at line 6
#0 D:\xampp80\htdocs\app_spm\vendor\codeigniter4\framework\system\Database\MySQLi\Connection.php(292): mysqli->query('SELECT COUNT(*)...', 0)
#1 D:\xampp80\htdocs\app_spm\vendor\codeigniter4\framework\system\Database\BaseConnection.php(670): CodeIgniter\Database\MySQLi\Connection->execute('SELECT COUNT(*)...')
#2 D:\xampp80\htdocs\app_spm\vendor\codeigniter4\framework\system\Database\BaseConnection.php(598): CodeIgniter\Database\BaseConnection->simpleQuery('SELECT COUNT(*)...')
#3 D:\xampp80\htdocs\app_spm\vendor\codeigniter4\framework\system\Database\BaseBuilder.php(1527): CodeIgniter\Database\BaseConnection->query('SELECT COUNT(*)...', Array, false)
#4 D:\xampp80\htdocs\app_spm\app\Models\M_master_warehouse_area.php(157): CodeIgniter\Database\BaseBuilder->countAllResults()
#5 D:\xampp80\htdocs\app_spm\app\Controllers\Master_warehouse_area.php(108): App\Models\M_master_warehouse_area->update_data()
#6 D:\xampp80\htdocs\app_spm\vendor\codeigniter4\framework\system\CodeIgniter.php(824): App\Controllers\Master_warehouse_area->update_data()
#7 D:\xampp80\htdocs\app_spm\vendor\codeigniter4\framework\system\CodeIgniter.php(410): CodeIgniter\CodeIgniter->runController(Object(App\Controllers\Master_warehouse_area))
#8 D:\xampp80\htdocs\app_spm\vendor\codeigniter4\framework\system\CodeIgniter.php(318): CodeIgniter\CodeIgniter->handleRequest(NULL, Object(Config\Cache), false)
#9 D:\xampp80\htdocs\app_spm\public\index.php(37): CodeIgniter\CodeIgniter->run()
#10 D:\xampp80\htdocs\app_spm\vendor\codeigniter4\framework\system\Commands\Server\rewrite.php(43): require_once('D:\\xampp80\\htdo...')
#11 {main}
CRITICAL - 2022-01-02 20:05:36 --> Cannot declare class App\Controllers\Master_warehouse_area, because the name is already in use
#0 [internal function]: CodeIgniter\Debug\Exceptions->shutdownHandler()
#1 {main}
CRITICAL - 2022-01-02 20:06:58 --> Undefined property: CodeIgniter\View\View::$db
#0 D:\xampp80\htdocs\app_spm\app\Views\master_rack_spm\index.php(16): CodeIgniter\Debug\Exceptions->errorHandler(2, 'Undefined prope...', 'D:\\xampp80\\htdo...', 16)
#1 D:\xampp80\htdocs\app_spm\vendor\codeigniter4\framework\system\View\View.php(214): include('D:\\xampp80\\htdo...')
#2 D:\xampp80\htdocs\app_spm\vendor\codeigniter4\framework\system\View\View.php(217): CodeIgniter\View\View->CodeIgniter\View\{closure}()
#3 D:\xampp80\htdocs\app_spm\vendor\codeigniter4\framework\system\Common.php(1097): CodeIgniter\View\View->render('master_rack_spm...', Array, true)
#4 D:\xampp80\htdocs\app_spm\app\Views\temp_user\content.php(8): view('master_rack_spm...')
#5 D:\xampp80\htdocs\app_spm\vendor\codeigniter4\framework\system\View\View.php(214): include('D:\\xampp80\\htdo...')
#6 D:\xampp80\htdocs\app_spm\vendor\codeigniter4\framework\system\View\View.php(217): CodeIgniter\View\View->CodeIgniter\View\{closure}()
#7 D:\xampp80\htdocs\app_spm\vendor\codeigniter4\framework\system\Common.php(1097): CodeIgniter\View\View->render('temp_user/conte...', Array, true)
#8 D:\xampp80\htdocs\app_spm\app\Controllers\Master_rack_spm.php(23): view('temp_user/conte...', Array)
#9 D:\xampp80\htdocs\app_spm\app\Controllers\Master_rack_spm.php(64): App\Controllers\Master_rack_spm->_template(Array)
#10 D:\xampp80\htdocs\app_spm\vendor\codeigniter4\framework\system\CodeIgniter.php(824): App\Controllers\Master_rack_spm->index()
#11 D:\xampp80\htdocs\app_spm\vendor\codeigniter4\framework\system\CodeIgniter.php(410): CodeIgniter\CodeIgniter->runController(Object(App\Controllers\Master_rack_spm))
#12 D:\xampp80\htdocs\app_spm\vendor\codeigniter4\framework\system\CodeIgniter.php(318): CodeIgniter\CodeIgniter->handleRequest(NULL, Object(Config\Cache), false)
#13 D:\xampp80\htdocs\app_spm\public\index.php(37): CodeIgniter\CodeIgniter->run()
#14 D:\xampp80\htdocs\app_spm\vendor\codeigniter4\framework\system\Commands\Server\rewrite.php(43): require_once('D:\\xampp80\\htdo...')
#15 {main}
CRITICAL - 2022-01-02 20:11:13 --> Undefined array key 4
#0 D:\xampp80\htdocs\app_spm\app\Models\M_master_rack_spm.php(92): CodeIgniter\Debug\Exceptions->errorHandler(2, 'Undefined array...', 'D:\\xampp80\\htdo...', 92)
#1 D:\xampp80\htdocs\app_spm\app\Models\M_master_rack_spm.php(47): App\Models\M_master_rack_spm->_get_datatables()
#2 D:\xampp80\htdocs\app_spm\app\Controllers\Master_rack_spm.php(73): App\Models\M_master_rack_spm->get_data()
#3 D:\xampp80\htdocs\app_spm\vendor\codeigniter4\framework\system\CodeIgniter.php(824): App\Controllers\Master_rack_spm->data_tables()
#4 D:\xampp80\htdocs\app_spm\vendor\codeigniter4\framework\system\CodeIgniter.php(410): CodeIgniter\CodeIgniter->runController(Object(App\Controllers\Master_rack_spm))
#5 D:\xampp80\htdocs\app_spm\vendor\codeigniter4\framework\system\CodeIgniter.php(318): CodeIgniter\CodeIgniter->handleRequest(NULL, Object(Config\Cache), false)
#6 D:\xampp80\htdocs\app_spm\public\index.php(37): CodeIgniter\CodeIgniter->run()
#7 D:\xampp80\htdocs\app_spm\vendor\codeigniter4\framework\system\Commands\Server\rewrite.php(43): require_once('D:\\xampp80\\htdo...')
#8 {main}
CRITICAL - 2022-01-02 20:16:36 --> Undefined property: CodeIgniter\View\View::$m_reff
#0 D:\xampp80\htdocs\app_spm\app\Views\master_rack_spm\edit.php(7): CodeIgniter\Debug\Exceptions->errorHandler(2, 'Undefined prope...', 'D:\\xampp80\\htdo...', 7)
#1 D:\xampp80\htdocs\app_spm\vendor\codeigniter4\framework\system\View\View.php(214): include('D:\\xampp80\\htdo...')
#2 D:\xampp80\htdocs\app_spm\vendor\codeigniter4\framework\system\View\View.php(217): CodeIgniter\View\View->CodeIgniter\View\{closure}()
#3 D:\xampp80\htdocs\app_spm\vendor\codeigniter4\framework\system\Common.php(1097): CodeIgniter\View\View->render('master_rack_spm...', Array, true)
#4 D:\xampp80\htdocs\app_spm\app\Controllers\Master_rack_spm.php(130): view('master_rack_spm...', Array)
#5 D:\xampp80\htdocs\app_spm\vendor\codeigniter4\framework\system\CodeIgniter.php(824): App\Controllers\Master_rack_spm->edit_data()
#6 D:\xampp80\htdocs\app_spm\vendor\codeigniter4\framework\system\CodeIgniter.php(410): CodeIgniter\CodeIgniter->runController(Object(App\Controllers\Master_rack_spm))
#7 D:\xampp80\htdocs\app_spm\vendor\codeigniter4\framework\system\CodeIgniter.php(318): CodeIgniter\CodeIgniter->handleRequest(NULL, Object(Config\Cache), false)
#8 D:\xampp80\htdocs\app_spm\public\index.php(37): CodeIgniter\CodeIgniter->run()
#9 D:\xampp80\htdocs\app_spm\vendor\codeigniter4\framework\system\Commands\Server\rewrite.php(43): require_once('D:\\xampp80\\htdo...')
#10 {main}
CRITICAL - 2022-01-02 20:16:39 --> Undefined property: CodeIgniter\View\View::$m_reff
#0 D:\xampp80\htdocs\app_spm\app\Views\master_rack_spm\edit.php(7): CodeIgniter\Debug\Exceptions->errorHandler(2, 'Undefined prope...', 'D:\\xampp80\\htdo...', 7)
#1 D:\xampp80\htdocs\app_spm\vendor\codeigniter4\framework\system\View\View.php(214): include('D:\\xampp80\\htdo...')
#2 D:\xampp80\htdocs\app_spm\vendor\codeigniter4\framework\system\View\View.php(217): CodeIgniter\View\View->CodeIgniter\View\{closure}()
#3 D:\xampp80\htdocs\app_spm\vendor\codeigniter4\framework\system\Common.php(1097): CodeIgniter\View\View->render('master_rack_spm...', Array, true)
#4 D:\xampp80\htdocs\app_spm\app\Controllers\Master_rack_spm.php(130): view('master_rack_spm...', Array)
#5 D:\xampp80\htdocs\app_spm\vendor\codeigniter4\framework\system\CodeIgniter.php(824): App\Controllers\Master_rack_spm->edit_data()
#6 D:\xampp80\htdocs\app_spm\vendor\codeigniter4\framework\system\CodeIgniter.php(410): CodeIgniter\CodeIgniter->runController(Object(App\Controllers\Master_rack_spm))
#7 D:\xampp80\htdocs\app_spm\vendor\codeigniter4\framework\system\CodeIgniter.php(318): CodeIgniter\CodeIgniter->handleRequest(NULL, Object(Config\Cache), false)
#8 D:\xampp80\htdocs\app_spm\public\index.php(37): CodeIgniter\CodeIgniter->run()
#9 D:\xampp80\htdocs\app_spm\vendor\codeigniter4\framework\system\Commands\Server\rewrite.php(43): require_once('D:\\xampp80\\htdo...')
#10 {main}
CRITICAL - 2022-01-02 20:23:34 --> Cannot use object of type stdClass as array
#0 D:\xampp80\htdocs\app_spm\vendor\codeigniter4\framework\system\CodeIgniter.php(824): App\Controllers\Master_rack_spm->edit_data()
#1 D:\xampp80\htdocs\app_spm\vendor\codeigniter4\framework\system\CodeIgniter.php(410): CodeIgniter\CodeIgniter->runController(Object(App\Controllers\Master_rack_spm))
#2 D:\xampp80\htdocs\app_spm\vendor\codeigniter4\framework\system\CodeIgniter.php(318): CodeIgniter\CodeIgniter->handleRequest(NULL, Object(Config\Cache), false)
#3 D:\xampp80\htdocs\app_spm\public\index.php(37): CodeIgniter\CodeIgniter->run()
#4 D:\xampp80\htdocs\app_spm\vendor\codeigniter4\framework\system\Commands\Server\rewrite.php(43): require_once('D:\\xampp80\\htdo...')
#5 {main}
CRITICAL - 2022-01-02 20:23:42 --> Cannot use object of type stdClass as array
#0 D:\xampp80\htdocs\app_spm\vendor\codeigniter4\framework\system\CodeIgniter.php(824): App\Controllers\Master_rack_spm->edit_data()
#1 D:\xampp80\htdocs\app_spm\vendor\codeigniter4\framework\system\CodeIgniter.php(410): CodeIgniter\CodeIgniter->runController(Object(App\Controllers\Master_rack_spm))
#2 D:\xampp80\htdocs\app_spm\vendor\codeigniter4\framework\system\CodeIgniter.php(318): CodeIgniter\CodeIgniter->handleRequest(NULL, Object(Config\Cache), false)
#3 D:\xampp80\htdocs\app_spm\public\index.php(37): CodeIgniter\CodeIgniter->run()
#4 D:\xampp80\htdocs\app_spm\vendor\codeigniter4\framework\system\Commands\Server\rewrite.php(43): require_once('D:\\xampp80\\htdo...')
#5 {main}
CRITICAL - 2022-01-02 20:24:57 --> Cannot use object of type stdClass as array
#0 D:\xampp80\htdocs\app_spm\vendor\codeigniter4\framework\system\CodeIgniter.php(824): App\Controllers\Master_rack_spm->edit_data()
#1 D:\xampp80\htdocs\app_spm\vendor\codeigniter4\framework\system\CodeIgniter.php(410): CodeIgniter\CodeIgniter->runController(Object(App\Controllers\Master_rack_spm))
#2 D:\xampp80\htdocs\app_spm\vendor\codeigniter4\framework\system\CodeIgniter.php(318): CodeIgniter\CodeIgniter->handleRequest(NULL, Object(Config\Cache), false)
#3 D:\xampp80\htdocs\app_spm\public\index.php(37): CodeIgniter\CodeIgniter->run()
#4 D:\xampp80\htdocs\app_spm\vendor\codeigniter4\framework\system\Commands\Server\rewrite.php(43): require_once('D:\\xampp80\\htdo...')
#5 {main}
CRITICAL - 2022-01-02 20:28:10 --> Cannot use object of type stdClass as array
#0 D:\xampp80\htdocs\app_spm\vendor\codeigniter4\framework\system\CodeIgniter.php(824): App\Controllers\Master_rack_spm->edit_data()
#1 D:\xampp80\htdocs\app_spm\vendor\codeigniter4\framework\system\CodeIgniter.php(410): CodeIgniter\CodeIgniter->runController(Object(App\Controllers\Master_rack_spm))
#2 D:\xampp80\htdocs\app_spm\vendor\codeigniter4\framework\system\CodeIgniter.php(318): CodeIgniter\CodeIgniter->handleRequest(NULL, Object(Config\Cache), false)
#3 D:\xampp80\htdocs\app_spm\public\index.php(37): CodeIgniter\CodeIgniter->run()
#4 D:\xampp80\htdocs\app_spm\vendor\codeigniter4\framework\system\Commands\Server\rewrite.php(43): require_once('D:\\xampp80\\htdo...')
#5 {main}
CRITICAL - 2022-01-02 20:55:25 --> Undefined variable $wareAreaResult
#0 D:\xampp80\htdocs\app_spm\app\Views\master_rack_spm\index.php(15): CodeIgniter\Debug\Exceptions->errorHandler(2, 'Undefined varia...', 'D:\\xampp80\\htdo...', 15)
#1 D:\xampp80\htdocs\app_spm\vendor\codeigniter4\framework\system\View\View.php(214): include('D:\\xampp80\\htdo...')
#2 D:\xampp80\htdocs\app_spm\vendor\codeigniter4\framework\system\View\View.php(217): CodeIgniter\View\View->CodeIgniter\View\{closure}()
#3 D:\xampp80\htdocs\app_spm\vendor\codeigniter4\framework\system\Common.php(1097): CodeIgniter\View\View->render('master_rack_spm...', Array, true)
#4 D:\xampp80\htdocs\app_spm\app\Controllers\Master_line_spm.php(64): view('master_rack_spm...', Array)
#5 D:\xampp80\htdocs\app_spm\vendor\codeigniter4\framework\system\CodeIgniter.php(824): App\Controllers\Master_line_spm->index()
#6 D:\xampp80\htdocs\app_spm\vendor\codeigniter4\framework\system\CodeIgniter.php(410): CodeIgniter\CodeIgniter->runController(Object(App\Controllers\Master_line_spm))
#7 D:\xampp80\htdocs\app_spm\vendor\codeigniter4\framework\system\CodeIgniter.php(318): CodeIgniter\CodeIgniter->handleRequest(NULL, Object(Config\Cache), false)
#8 D:\xampp80\htdocs\app_spm\public\index.php(37): CodeIgniter\CodeIgniter->run()
#9 D:\xampp80\htdocs\app_spm\vendor\codeigniter4\framework\system\Commands\Server\rewrite.php(43): require_once('D:\\xampp80\\htdo...')
#10 {main}
CRITICAL - 2022-01-02 21:01:28 --> Undefined variable $wareAreaResult
#0 D:\xampp80\htdocs\app_spm\app\Views\master_rack_spm\index.php(15): CodeIgniter\Debug\Exceptions->errorHandler(2, 'Undefined varia...', 'D:\\xampp80\\htdo...', 15)
#1 D:\xampp80\htdocs\app_spm\vendor\codeigniter4\framework\system\View\View.php(214): include('D:\\xampp80\\htdo...')
#2 D:\xampp80\htdocs\app_spm\vendor\codeigniter4\framework\system\View\View.php(217): CodeIgniter\View\View->CodeIgniter\View\{closure}()
#3 D:\xampp80\htdocs\app_spm\vendor\codeigniter4\framework\system\Common.php(1097): CodeIgniter\View\View->render('master_rack_spm...', Array, true)
#4 D:\xampp80\htdocs\app_spm\app\Controllers\Master_line_spm.php(64): view('master_rack_spm...', Array)
#5 D:\xampp80\htdocs\app_spm\vendor\codeigniter4\framework\system\CodeIgniter.php(824): App\Controllers\Master_line_spm->index()
#6 D:\xampp80\htdocs\app_spm\vendor\codeigniter4\framework\system\CodeIgniter.php(410): CodeIgniter\CodeIgniter->runController(Object(App\Controllers\Master_line_spm))
#7 D:\xampp80\htdocs\app_spm\vendor\codeigniter4\framework\system\CodeIgniter.php(318): CodeIgniter\CodeIgniter->handleRequest(NULL, Object(Config\Cache), false)
#8 D:\xampp80\htdocs\app_spm\public\index.php(37): CodeIgniter\CodeIgniter->run()
#9 D:\xampp80\htdocs\app_spm\vendor\codeigniter4\framework\system\Commands\Server\rewrite.php(43): require_once('D:\\xampp80\\htdo...')
#10 {main}
CRITICAL - 2022-01-02 21:01:31 --> Undefined variable $wareAreaResult
#0 D:\xampp80\htdocs\app_spm\app\Views\master_rack_spm\index.php(15): CodeIgniter\Debug\Exceptions->errorHandler(2, 'Undefined varia...', 'D:\\xampp80\\htdo...', 15)
#1 D:\xampp80\htdocs\app_spm\vendor\codeigniter4\framework\system\View\View.php(214): include('D:\\xampp80\\htdo...')
#2 D:\xampp80\htdocs\app_spm\vendor\codeigniter4\framework\system\View\View.php(217): CodeIgniter\View\View->CodeIgniter\View\{closure}()
#3 D:\xampp80\htdocs\app_spm\vendor\codeigniter4\framework\system\Common.php(1097): CodeIgniter\View\View->render('master_rack_spm...', Array, true)
#4 D:\xampp80\htdocs\app_spm\app\Controllers\Master_line_spm.php(64): view('master_rack_spm...', Array)
#5 D:\xampp80\htdocs\app_spm\vendor\codeigniter4\framework\system\CodeIgniter.php(824): App\Controllers\Master_line_spm->index()
#6 D:\xampp80\htdocs\app_spm\vendor\codeigniter4\framework\system\CodeIgniter.php(410): CodeIgniter\CodeIgniter->runController(Object(App\Controllers\Master_line_spm))
#7 D:\xampp80\htdocs\app_spm\vendor\codeigniter4\framework\system\CodeIgniter.php(318): CodeIgniter\CodeIgniter->handleRequest(NULL, Object(Config\Cache), false)
#8 D:\xampp80\htdocs\app_spm\public\index.php(37): CodeIgniter\CodeIgniter->run()
#9 D:\xampp80\htdocs\app_spm\vendor\codeigniter4\framework\system\Commands\Server\rewrite.php(43): require_once('D:\\xampp80\\htdo...')
#10 {main}
CRITICAL - 2022-01-02 21:01:54 --> Undefined variable $wareAreaResult
#0 D:\xampp80\htdocs\app_spm\app\Views\master_rack_spm\index.php(15): CodeIgniter\Debug\Exceptions->errorHandler(2, 'Undefined varia...', 'D:\\xampp80\\htdo...', 15)
#1 D:\xampp80\htdocs\app_spm\vendor\codeigniter4\framework\system\View\View.php(214): include('D:\\xampp80\\htdo...')
#2 D:\xampp80\htdocs\app_spm\vendor\codeigniter4\framework\system\View\View.php(217): CodeIgniter\View\View->CodeIgniter\View\{closure}()
#3 D:\xampp80\htdocs\app_spm\vendor\codeigniter4\framework\system\Common.php(1097): CodeIgniter\View\View->render('master_rack_spm...', Array, true)
#4 D:\xampp80\htdocs\app_spm\app\Controllers\Master_line_spm.php(64): view('master_rack_spm...', Array)
#5 D:\xampp80\htdocs\app_spm\vendor\codeigniter4\framework\system\CodeIgniter.php(824): App\Controllers\Master_line_spm->index()
#6 D:\xampp80\htdocs\app_spm\vendor\codeigniter4\framework\system\CodeIgniter.php(410): CodeIgniter\CodeIgniter->runController(Object(App\Controllers\Master_line_spm))
#7 D:\xampp80\htdocs\app_spm\vendor\codeigniter4\framework\system\CodeIgniter.php(318): CodeIgniter\CodeIgniter->handleRequest(NULL, Object(Config\Cache), false)
#8 D:\xampp80\htdocs\app_spm\public\index.php(37): CodeIgniter\CodeIgniter->run()
#9 D:\xampp80\htdocs\app_spm\vendor\codeigniter4\framework\system\Commands\Server\rewrite.php(43): require_once('D:\\xampp80\\htdo...')
#10 {main}
CRITICAL - 2022-01-02 21:33:16 --> Undefined property: CodeIgniter\View\View::$m_reff
#0 D:\xampp80\htdocs\app_spm\app\Views\master_line_spm\edit.php(7): CodeIgniter\Debug\Exceptions->errorHandler(2, 'Undefined prope...', 'D:\\xampp80\\htdo...', 7)
#1 D:\xampp80\htdocs\app_spm\vendor\codeigniter4\framework\system\View\View.php(214): include('D:\\xampp80\\htdo...')
#2 D:\xampp80\htdocs\app_spm\vendor\codeigniter4\framework\system\View\View.php(217): CodeIgniter\View\View->CodeIgniter\View\{closure}()
#3 D:\xampp80\htdocs\app_spm\vendor\codeigniter4\framework\system\Common.php(1097): CodeIgniter\View\View->render('master_line_spm...', Array, true)
#4 D:\xampp80\htdocs\app_spm\app\Controllers\Master_line_spm.php(135): view('master_line_spm...', Array)
#5 D:\xampp80\htdocs\app_spm\vendor\codeigniter4\framework\system\CodeIgniter.php(824): App\Controllers\Master_line_spm->edit_data()
#6 D:\xampp80\htdocs\app_spm\vendor\codeigniter4\framework\system\CodeIgniter.php(410): CodeIgniter\CodeIgniter->runController(Object(App\Controllers\Master_line_spm))
#7 D:\xampp80\htdocs\app_spm\vendor\codeigniter4\framework\system\CodeIgniter.php(318): CodeIgniter\CodeIgniter->handleRequest(NULL, Object(Config\Cache), false)
#8 D:\xampp80\htdocs\app_spm\public\index.php(37): CodeIgniter\CodeIgniter->run()
#9 D:\xampp80\htdocs\app_spm\vendor\codeigniter4\framework\system\Commands\Server\rewrite.php(43): require_once('D:\\xampp80\\htdo...')
#10 {main}
CRITICAL - 2022-01-02 22:35:06 --> Undefined property: CodeIgniter\View\View::$m_reff
#0 D:\xampp80\htdocs\app_spm\app\Views\master_rack_rem\edit.php(6): CodeIgniter\Debug\Exceptions->errorHandler(2, 'Undefined prope...', 'D:\\xampp80\\htdo...', 6)
#1 D:\xampp80\htdocs\app_spm\vendor\codeigniter4\framework\system\View\View.php(214): include('D:\\xampp80\\htdo...')
#2 D:\xampp80\htdocs\app_spm\vendor\codeigniter4\framework\system\View\View.php(217): CodeIgniter\View\View->CodeIgniter\View\{closure}()
#3 D:\xampp80\htdocs\app_spm\vendor\codeigniter4\framework\system\Common.php(1097): CodeIgniter\View\View->render('master_rack_rem...', Array, true)
#4 D:\xampp80\htdocs\app_spm\app\Controllers\Master_rack_rem.php(130): view('master_rack_rem...', Array)
#5 D:\xampp80\htdocs\app_spm\vendor\codeigniter4\framework\system\CodeIgniter.php(824): App\Controllers\Master_rack_rem->edit_data()
#6 D:\xampp80\htdocs\app_spm\vendor\codeigniter4\framework\system\CodeIgniter.php(410): CodeIgniter\CodeIgniter->runController(Object(App\Controllers\Master_rack_rem))
#7 D:\xampp80\htdocs\app_spm\vendor\codeigniter4\framework\system\CodeIgniter.php(318): CodeIgniter\CodeIgniter->handleRequest(NULL, Object(Config\Cache), false)
#8 D:\xampp80\htdocs\app_spm\public\index.php(37): CodeIgniter\CodeIgniter->run()
#9 D:\xampp80\htdocs\app_spm\vendor\codeigniter4\framework\system\Commands\Server\rewrite.php(43): require_once('D:\\xampp80\\htdo...')
#10 {main}
