CRITICAL - 2022-01-27 10:26:00 --> dbPCS is not a valid database connection group.
#0 D:\xampp80\htdocs\app_dev\app\Models\M_reff.php(17): CodeIgniter\Database\Config::connect('dbPCS', true)
#1 D:\xampp80\htdocs\app_dev\app\Models\M_konfig.php(20): App\Models\M_reff->__construct()
#2 D:\xampp80\htdocs\app_dev\app\Controllers\BaseController.php(56): App\Models\M_konfig->__construct()
#3 D:\xampp80\htdocs\app_dev\vendor\codeigniter4\framework\system\CodeIgniter.php(802): App\Controllers\BaseController->initController(Object(CodeIgniter\HTTP\IncomingRequest), Object(CodeIgniter\HTTP\Response), Object(CodeIgniter\Log\Logger))
#4 D:\xampp80\htdocs\app_dev\vendor\codeigniter4\framework\system\CodeIgniter.php(401): CodeIgniter\CodeIgniter->createController()
#5 D:\xampp80\htdocs\app_dev\vendor\codeigniter4\framework\system\CodeIgniter.php(318): CodeIgniter\CodeIgniter->handleRequest(NULL, Object(Config\Cache), false)
#6 D:\xampp80\htdocs\app_dev\index.php(38): CodeIgniter\CodeIgniter->run()
#7 {main}
CRITICAL - 2022-01-27 10:27:22 --> Undefined variable $title
#0 D:\xampp80\htdocs\app_dev\app\Views\temp_login\head.php(6): CodeIgniter\Debug\Exceptions->errorHandler(2, 'Undefined varia...', 'D:\\xampp80\\htdo...', 6)
#1 D:\xampp80\htdocs\app_dev\vendor\codeigniter4\framework\system\View\View.php(214): include('D:\\xampp80\\htdo...')
#2 D:\xampp80\htdocs\app_dev\vendor\codeigniter4\framework\system\View\View.php(217): CodeIgniter\View\View->CodeIgniter\View\{closure}()
#3 D:\xampp80\htdocs\app_dev\vendor\codeigniter4\framework\system\View\View.php(432): CodeIgniter\View\View->render('temp_login/head', NULL, true)
#4 D:\xampp80\htdocs\app_dev\app\Views\temp_login\main.php(1): CodeIgniter\View\View->include('temp_login/head')
#5 D:\xampp80\htdocs\app_dev\vendor\codeigniter4\framework\system\View\View.php(214): include('D:\\xampp80\\htdo...')
#6 D:\xampp80\htdocs\app_dev\vendor\codeigniter4\framework\system\View\View.php(217): CodeIgniter\View\View->CodeIgniter\View\{closure}()
#7 D:\xampp80\htdocs\app_dev\vendor\codeigniter4\framework\system\View\View.php(230): CodeIgniter\View\View->render('temp_login/main', Array, true)
#8 D:\xampp80\htdocs\app_dev\vendor\codeigniter4\framework\system\Common.php(1097): CodeIgniter\View\View->render('temp_login/cont...', Array, true)
#9 D:\xampp80\htdocs\app_dev\app\Controllers\Auth\Auth.php(51): view('temp_login/cont...', Array)
#10 D:\xampp80\htdocs\app_dev\vendor\codeigniter4\framework\system\CodeIgniter.php(824): App\Controllers\Auth\Auth->index()
#11 D:\xampp80\htdocs\app_dev\vendor\codeigniter4\framework\system\CodeIgniter.php(410): CodeIgniter\CodeIgniter->runController(Object(App\Controllers\Auth\Auth))
#12 D:\xampp80\htdocs\app_dev\vendor\codeigniter4\framework\system\CodeIgniter.php(318): CodeIgniter\CodeIgniter->handleRequest(NULL, Object(Config\Cache), false)
#13 D:\xampp80\htdocs\app_dev\index.php(38): CodeIgniter\CodeIgniter->run()
#14 {main}
CRITICAL - 2022-01-27 10:58:28 --> Cannot declare class App\Models\M_super, because the name is already in use
#0 [internal function]: CodeIgniter\Debug\Exceptions->shutdownHandler()
#1 {main}
CRITICAL - 2022-01-27 11:00:32 --> Cannot declare class App\Models\M_super, because the name is already in use
#0 [internal function]: CodeIgniter\Debug\Exceptions->shutdownHandler()
#1 {main}
CRITICAL - 2022-01-27 11:18:38 --> You must set the database table to be used with your query.
#0 D:\xampp80\htdocs\app_dev\vendor\codeigniter4\framework\system\Model.php(545): CodeIgniter\Database\BaseConnection->table(NULL)
#1 D:\xampp80\htdocs\app_dev\vendor\codeigniter4\framework\system\Model.php(688): CodeIgniter\Model->builder()
#2 D:\xampp80\htdocs\app_dev\app\Models\M_auth.php(71): CodeIgniter\Model->__get('m_konfig')
#3 D:\xampp80\htdocs\app_dev\app\Controllers\Auth\Auth.php(57): App\Models\M_auth->cekLogin()
#4 D:\xampp80\htdocs\app_dev\vendor\codeigniter4\framework\system\CodeIgniter.php(824): App\Controllers\Auth\Auth->cekLogin()
#5 D:\xampp80\htdocs\app_dev\vendor\codeigniter4\framework\system\CodeIgniter.php(410): CodeIgniter\CodeIgniter->runController(Object(App\Controllers\Auth\Auth))
#6 D:\xampp80\htdocs\app_dev\vendor\codeigniter4\framework\system\CodeIgniter.php(318): CodeIgniter\CodeIgniter->handleRequest(NULL, Object(Config\Cache), false)
#7 D:\xampp80\htdocs\app_dev\index.php(38): CodeIgniter\CodeIgniter->run()
#8 {main}
CRITICAL - 2022-01-27 11:19:31 --> You must set the database table to be used with your query.
#0 D:\xampp80\htdocs\app_dev\vendor\codeigniter4\framework\system\Model.php(545): CodeIgniter\Database\BaseConnection->table(NULL)
#1 D:\xampp80\htdocs\app_dev\vendor\codeigniter4\framework\system\Model.php(688): CodeIgniter\Model->builder()
#2 D:\xampp80\htdocs\app_dev\app\Models\M_auth.php(71): CodeIgniter\Model->__get('m_konfig')
#3 D:\xampp80\htdocs\app_dev\app\Controllers\Auth\Auth.php(57): App\Models\M_auth->cekLogin()
#4 D:\xampp80\htdocs\app_dev\vendor\codeigniter4\framework\system\CodeIgniter.php(824): App\Controllers\Auth\Auth->cekLogin()
#5 D:\xampp80\htdocs\app_dev\vendor\codeigniter4\framework\system\CodeIgniter.php(410): CodeIgniter\CodeIgniter->runController(Object(App\Controllers\Auth\Auth))
#6 D:\xampp80\htdocs\app_dev\vendor\codeigniter4\framework\system\CodeIgniter.php(318): CodeIgniter\CodeIgniter->handleRequest(NULL, Object(Config\Cache), false)
#7 D:\xampp80\htdocs\app_dev\index.php(38): CodeIgniter\CodeIgniter->run()
#8 {main}
CRITICAL - 2022-01-27 11:20:19 --> Invalid file: temp_back/content.php
#0 D:\xampp80\htdocs\app_dev\vendor\codeigniter4\framework\system\View\View.php(198): CodeIgniter\Exceptions\FrameworkException::forInvalidFile('temp_back/conte...')
#1 D:\xampp80\htdocs\app_dev\vendor\codeigniter4\framework\system\Common.php(1097): CodeIgniter\View\View->render('temp_back/conte...', Array, true)
#2 D:\xampp80\htdocs\app_dev\app\Controllers\Super\Super.php(26): view('temp_back/conte...', Array)
#3 D:\xampp80\htdocs\app_dev\app\Controllers\Super\Super.php(68): App\Controllers\Super\Super->_template(Array)
#4 D:\xampp80\htdocs\app_dev\vendor\codeigniter4\framework\system\CodeIgniter.php(824): App\Controllers\Super\Super->index()
#5 D:\xampp80\htdocs\app_dev\vendor\codeigniter4\framework\system\CodeIgniter.php(410): CodeIgniter\CodeIgniter->runController(Object(App\Controllers\Super\Super))
#6 D:\xampp80\htdocs\app_dev\vendor\codeigniter4\framework\system\CodeIgniter.php(318): CodeIgniter\CodeIgniter->handleRequest(NULL, Object(Config\Cache), false)
#7 D:\xampp80\htdocs\app_dev\index.php(38): CodeIgniter\CodeIgniter->run()
#8 {main}
CRITICAL - 2022-01-27 11:20:34 --> Invalid file: temp_back/content.php
#0 D:\xampp80\htdocs\app_dev\vendor\codeigniter4\framework\system\View\View.php(198): CodeIgniter\Exceptions\FrameworkException::forInvalidFile('temp_back/conte...')
#1 D:\xampp80\htdocs\app_dev\vendor\codeigniter4\framework\system\Common.php(1097): CodeIgniter\View\View->render('temp_back/conte...', Array, true)
#2 D:\xampp80\htdocs\app_dev\app\Controllers\Super\Super.php(26): view('temp_back/conte...', Array)
#3 D:\xampp80\htdocs\app_dev\app\Controllers\Super\Super.php(68): App\Controllers\Super\Super->_template(Array)
#4 D:\xampp80\htdocs\app_dev\vendor\codeigniter4\framework\system\CodeIgniter.php(824): App\Controllers\Super\Super->index()
#5 D:\xampp80\htdocs\app_dev\vendor\codeigniter4\framework\system\CodeIgniter.php(410): CodeIgniter\CodeIgniter->runController(Object(App\Controllers\Super\Super))
#6 D:\xampp80\htdocs\app_dev\vendor\codeigniter4\framework\system\CodeIgniter.php(318): CodeIgniter\CodeIgniter->handleRequest(NULL, Object(Config\Cache), false)
#7 D:\xampp80\htdocs\app_dev\index.php(38): CodeIgniter\CodeIgniter->run()
#8 {main}
CRITICAL - 2022-01-27 11:20:52 --> You must set the database table to be used with your query.
#0 D:\xampp80\htdocs\app_dev\vendor\codeigniter4\framework\system\Model.php(545): CodeIgniter\Database\BaseConnection->table(NULL)
#1 D:\xampp80\htdocs\app_dev\vendor\codeigniter4\framework\system\Model.php(688): CodeIgniter\Model->builder()
#2 D:\xampp80\htdocs\app_dev\app\Models\M_auth.php(71): CodeIgniter\Model->__get('m_konfig')
#3 D:\xampp80\htdocs\app_dev\app\Controllers\Auth\Auth.php(57): App\Models\M_auth->cekLogin()
#4 D:\xampp80\htdocs\app_dev\vendor\codeigniter4\framework\system\CodeIgniter.php(824): App\Controllers\Auth\Auth->cekLogin()
#5 D:\xampp80\htdocs\app_dev\vendor\codeigniter4\framework\system\CodeIgniter.php(410): CodeIgniter\CodeIgniter->runController(Object(App\Controllers\Auth\Auth))
#6 D:\xampp80\htdocs\app_dev\vendor\codeigniter4\framework\system\CodeIgniter.php(318): CodeIgniter\CodeIgniter->handleRequest(NULL, Object(Config\Cache), false)
#7 D:\xampp80\htdocs\app_dev\index.php(38): CodeIgniter\CodeIgniter->run()
#8 {main}
CRITICAL - 2022-01-27 11:23:02 --> Invalid file: temp_back/content.php
#0 D:\xampp80\htdocs\app_dev\vendor\codeigniter4\framework\system\View\View.php(198): CodeIgniter\Exceptions\FrameworkException::forInvalidFile('temp_back/conte...')
#1 D:\xampp80\htdocs\app_dev\vendor\codeigniter4\framework\system\Common.php(1097): CodeIgniter\View\View->render('temp_back/conte...', Array, true)
#2 D:\xampp80\htdocs\app_dev\app\Controllers\Super\Super.php(26): view('temp_back/conte...', Array)
#3 D:\xampp80\htdocs\app_dev\app\Controllers\Super\Super.php(68): App\Controllers\Super\Super->_template(Array)
#4 D:\xampp80\htdocs\app_dev\vendor\codeigniter4\framework\system\CodeIgniter.php(824): App\Controllers\Super\Super->index()
#5 D:\xampp80\htdocs\app_dev\vendor\codeigniter4\framework\system\CodeIgniter.php(410): CodeIgniter\CodeIgniter->runController(Object(App\Controllers\Super\Super))
#6 D:\xampp80\htdocs\app_dev\vendor\codeigniter4\framework\system\CodeIgniter.php(318): CodeIgniter\CodeIgniter->handleRequest(NULL, Object(Config\Cache), false)
#7 D:\xampp80\htdocs\app_dev\index.php(38): CodeIgniter\CodeIgniter->run()
#8 {main}
CRITICAL - 2022-01-27 11:23:24 --> You must set the database table to be used with your query.
#0 D:\xampp80\htdocs\app_dev\vendor\codeigniter4\framework\system\Model.php(545): CodeIgniter\Database\BaseConnection->table(NULL)
#1 D:\xampp80\htdocs\app_dev\vendor\codeigniter4\framework\system\Model.php(688): CodeIgniter\Model->builder()
#2 D:\xampp80\htdocs\app_dev\app\Models\M_auth.php(71): CodeIgniter\Model->__get('m_konfig')
#3 D:\xampp80\htdocs\app_dev\app\Controllers\Auth\Auth.php(57): App\Models\M_auth->cekLogin()
#4 D:\xampp80\htdocs\app_dev\vendor\codeigniter4\framework\system\CodeIgniter.php(824): App\Controllers\Auth\Auth->cekLogin()
#5 D:\xampp80\htdocs\app_dev\vendor\codeigniter4\framework\system\CodeIgniter.php(410): CodeIgniter\CodeIgniter->runController(Object(App\Controllers\Auth\Auth))
#6 D:\xampp80\htdocs\app_dev\vendor\codeigniter4\framework\system\CodeIgniter.php(318): CodeIgniter\CodeIgniter->handleRequest(NULL, Object(Config\Cache), false)
#7 D:\xampp80\htdocs\app_dev\index.php(38): CodeIgniter\CodeIgniter->run()
#8 {main}
CRITICAL - 2022-01-27 11:25:42 --> Invalid file: temp_back/content.php
#0 D:\xampp80\htdocs\app_dev\vendor\codeigniter4\framework\system\View\View.php(198): CodeIgniter\Exceptions\FrameworkException::forInvalidFile('temp_back/conte...')
#1 D:\xampp80\htdocs\app_dev\vendor\codeigniter4\framework\system\Common.php(1097): CodeIgniter\View\View->render('temp_back/conte...', Array, true)
#2 D:\xampp80\htdocs\app_dev\app\Controllers\Super\Super.php(26): view('temp_back/conte...', Array)
#3 D:\xampp80\htdocs\app_dev\app\Controllers\Super\Super.php(68): App\Controllers\Super\Super->_template(Array)
#4 D:\xampp80\htdocs\app_dev\vendor\codeigniter4\framework\system\CodeIgniter.php(824): App\Controllers\Super\Super->index()
#5 D:\xampp80\htdocs\app_dev\vendor\codeigniter4\framework\system\CodeIgniter.php(410): CodeIgniter\CodeIgniter->runController(Object(App\Controllers\Super\Super))
#6 D:\xampp80\htdocs\app_dev\vendor\codeigniter4\framework\system\CodeIgniter.php(318): CodeIgniter\CodeIgniter->handleRequest(NULL, Object(Config\Cache), false)
#7 D:\xampp80\htdocs\app_dev\index.php(38): CodeIgniter\CodeIgniter->run()
#8 {main}
CRITICAL - 2022-01-27 11:25:59 --> You must set the database table to be used with your query.
#0 D:\xampp80\htdocs\app_dev\vendor\codeigniter4\framework\system\Model.php(545): CodeIgniter\Database\BaseConnection->table(NULL)
#1 D:\xampp80\htdocs\app_dev\vendor\codeigniter4\framework\system\Model.php(688): CodeIgniter\Model->builder()
#2 D:\xampp80\htdocs\app_dev\app\Models\M_auth.php(74): CodeIgniter\Model->__get('m_konfig')
#3 D:\xampp80\htdocs\app_dev\app\Controllers\Auth\Auth.php(57): App\Models\M_auth->cekLogin()
#4 D:\xampp80\htdocs\app_dev\vendor\codeigniter4\framework\system\CodeIgniter.php(824): App\Controllers\Auth\Auth->cekLogin()
#5 D:\xampp80\htdocs\app_dev\vendor\codeigniter4\framework\system\CodeIgniter.php(410): CodeIgniter\CodeIgniter->runController(Object(App\Controllers\Auth\Auth))
#6 D:\xampp80\htdocs\app_dev\vendor\codeigniter4\framework\system\CodeIgniter.php(318): CodeIgniter\CodeIgniter->handleRequest(NULL, Object(Config\Cache), false)
#7 D:\xampp80\htdocs\app_dev\index.php(38): CodeIgniter\CodeIgniter->run()
#8 {main}
CRITICAL - 2022-01-27 11:27:10 --> Invalid file: temp_back/content.php
#0 D:\xampp80\htdocs\app_dev\vendor\codeigniter4\framework\system\View\View.php(198): CodeIgniter\Exceptions\FrameworkException::forInvalidFile('temp_back/conte...')
#1 D:\xampp80\htdocs\app_dev\vendor\codeigniter4\framework\system\Common.php(1097): CodeIgniter\View\View->render('temp_back/conte...', Array, true)
#2 D:\xampp80\htdocs\app_dev\app\Controllers\Super\Super.php(26): view('temp_back/conte...', Array)
#3 D:\xampp80\htdocs\app_dev\app\Controllers\Super\Super.php(68): App\Controllers\Super\Super->_template(Array)
#4 D:\xampp80\htdocs\app_dev\vendor\codeigniter4\framework\system\CodeIgniter.php(824): App\Controllers\Super\Super->index()
#5 D:\xampp80\htdocs\app_dev\vendor\codeigniter4\framework\system\CodeIgniter.php(410): CodeIgniter\CodeIgniter->runController(Object(App\Controllers\Super\Super))
#6 D:\xampp80\htdocs\app_dev\vendor\codeigniter4\framework\system\CodeIgniter.php(318): CodeIgniter\CodeIgniter->handleRequest(NULL, Object(Config\Cache), false)
#7 D:\xampp80\htdocs\app_dev\index.php(38): CodeIgniter\CodeIgniter->run()
#8 {main}
CRITICAL - 2022-01-27 11:27:31 --> Invalid file: temp_back/content.php
#0 D:\xampp80\htdocs\app_dev\vendor\codeigniter4\framework\system\View\View.php(198): CodeIgniter\Exceptions\FrameworkException::forInvalidFile('temp_back/conte...')
#1 D:\xampp80\htdocs\app_dev\vendor\codeigniter4\framework\system\Common.php(1097): CodeIgniter\View\View->render('temp_back/conte...', Array, true)
#2 D:\xampp80\htdocs\app_dev\app\Controllers\Super\Super.php(26): view('temp_back/conte...', Array)
#3 D:\xampp80\htdocs\app_dev\app\Controllers\Super\Super.php(68): App\Controllers\Super\Super->_template(Array)
#4 D:\xampp80\htdocs\app_dev\vendor\codeigniter4\framework\system\CodeIgniter.php(824): App\Controllers\Super\Super->index()
#5 D:\xampp80\htdocs\app_dev\vendor\codeigniter4\framework\system\CodeIgniter.php(410): CodeIgniter\CodeIgniter->runController(Object(App\Controllers\Super\Super))
#6 D:\xampp80\htdocs\app_dev\vendor\codeigniter4\framework\system\CodeIgniter.php(318): CodeIgniter\CodeIgniter->handleRequest(NULL, Object(Config\Cache), false)
#7 D:\xampp80\htdocs\app_dev\index.php(38): CodeIgniter\CodeIgniter->run()
#8 {main}
CRITICAL - 2022-01-27 11:27:47 --> Invalid file: temp_back/content.php
#0 D:\xampp80\htdocs\app_dev\vendor\codeigniter4\framework\system\View\View.php(198): CodeIgniter\Exceptions\FrameworkException::forInvalidFile('temp_back/conte...')
#1 D:\xampp80\htdocs\app_dev\vendor\codeigniter4\framework\system\Common.php(1097): CodeIgniter\View\View->render('temp_back/conte...', Array, true)
#2 D:\xampp80\htdocs\app_dev\app\Controllers\Super\Super.php(26): view('temp_back/conte...', Array)
#3 D:\xampp80\htdocs\app_dev\app\Controllers\Super\Super.php(68): App\Controllers\Super\Super->_template(Array)
#4 D:\xampp80\htdocs\app_dev\vendor\codeigniter4\framework\system\CodeIgniter.php(824): App\Controllers\Super\Super->index()
#5 D:\xampp80\htdocs\app_dev\vendor\codeigniter4\framework\system\CodeIgniter.php(410): CodeIgniter\CodeIgniter->runController(Object(App\Controllers\Super\Super))
#6 D:\xampp80\htdocs\app_dev\vendor\codeigniter4\framework\system\CodeIgniter.php(318): CodeIgniter\CodeIgniter->handleRequest(NULL, Object(Config\Cache), false)
#7 D:\xampp80\htdocs\app_dev\index.php(38): CodeIgniter\CodeIgniter->run()
#8 {main}
CRITICAL - 2022-01-27 11:28:03 --> Invalid file: temp_back/content.php
#0 D:\xampp80\htdocs\app_dev\vendor\codeigniter4\framework\system\View\View.php(198): CodeIgniter\Exceptions\FrameworkException::forInvalidFile('temp_back/conte...')
#1 D:\xampp80\htdocs\app_dev\vendor\codeigniter4\framework\system\Common.php(1097): CodeIgniter\View\View->render('temp_back/conte...', Array, true)
#2 D:\xampp80\htdocs\app_dev\app\Controllers\Super\Super.php(26): view('temp_back/conte...', Array)
#3 D:\xampp80\htdocs\app_dev\app\Controllers\Super\Super.php(68): App\Controllers\Super\Super->_template(Array)
#4 D:\xampp80\htdocs\app_dev\vendor\codeigniter4\framework\system\CodeIgniter.php(824): App\Controllers\Super\Super->index()
#5 D:\xampp80\htdocs\app_dev\vendor\codeigniter4\framework\system\CodeIgniter.php(410): CodeIgniter\CodeIgniter->runController(Object(App\Controllers\Super\Super))
#6 D:\xampp80\htdocs\app_dev\vendor\codeigniter4\framework\system\CodeIgniter.php(318): CodeIgniter\CodeIgniter->handleRequest(NULL, Object(Config\Cache), false)
#7 D:\xampp80\htdocs\app_dev\index.php(38): CodeIgniter\CodeIgniter->run()
#8 {main}
CRITICAL - 2022-01-27 11:58:02 --> You must set the database table to be used with your query.
#0 D:\xampp80\htdocs\app_dev\vendor\codeigniter4\framework\system\Model.php(545): CodeIgniter\Database\BaseConnection->table(NULL)
#1 D:\xampp80\htdocs\app_dev\vendor\codeigniter4\framework\system\Model.php(688): CodeIgniter\Model->builder()
#2 D:\xampp80\htdocs\app_dev\app\Models\M_konfig.php(81): CodeIgniter\Model->__get('m_konfig')
#3 D:\xampp80\htdocs\app_dev\app\Controllers\Auth\Auth.php(31): App\Models\M_konfig->konfig_app()
#4 D:\xampp80\htdocs\app_dev\vendor\codeigniter4\framework\system\CodeIgniter.php(824): App\Controllers\Auth\Auth->index()
#5 D:\xampp80\htdocs\app_dev\vendor\codeigniter4\framework\system\CodeIgniter.php(410): CodeIgniter\CodeIgniter->runController(Object(App\Controllers\Auth\Auth))
#6 D:\xampp80\htdocs\app_dev\vendor\codeigniter4\framework\system\CodeIgniter.php(318): CodeIgniter\CodeIgniter->handleRequest(NULL, Object(Config\Cache), false)
#7 D:\xampp80\htdocs\app_dev\index.php(38): CodeIgniter\CodeIgniter->run()
#8 {main}
CRITICAL - 2022-01-27 12:00:19 --> You must set the database table to be used with your query.
#0 D:\xampp80\htdocs\app_dev\vendor\codeigniter4\framework\system\Model.php(545): CodeIgniter\Database\BaseConnection->table(NULL)
#1 D:\xampp80\htdocs\app_dev\vendor\codeigniter4\framework\system\Model.php(688): CodeIgniter\Model->builder()
#2 D:\xampp80\htdocs\app_dev\app\Models\M_konfig.php(81): CodeIgniter\Model->__get('m_konfig')
#3 D:\xampp80\htdocs\app_dev\app\Controllers\Auth\Auth.php(31): App\Models\M_konfig->konfig_app()
#4 D:\xampp80\htdocs\app_dev\vendor\codeigniter4\framework\system\CodeIgniter.php(824): App\Controllers\Auth\Auth->index()
#5 D:\xampp80\htdocs\app_dev\vendor\codeigniter4\framework\system\CodeIgniter.php(410): CodeIgniter\CodeIgniter->runController(Object(App\Controllers\Auth\Auth))
#6 D:\xampp80\htdocs\app_dev\vendor\codeigniter4\framework\system\CodeIgniter.php(318): CodeIgniter\CodeIgniter->handleRequest(NULL, Object(Config\Cache), false)
#7 D:\xampp80\htdocs\app_dev\index.php(38): CodeIgniter\CodeIgniter->run()
#8 {main}
CRITICAL - 2022-01-27 12:00:49 --> You must set the database table to be used with your query.
#0 D:\xampp80\htdocs\app_dev\vendor\codeigniter4\framework\system\Model.php(545): CodeIgniter\Database\BaseConnection->table(NULL)
#1 D:\xampp80\htdocs\app_dev\vendor\codeigniter4\framework\system\Model.php(688): CodeIgniter\Model->builder()
#2 D:\xampp80\htdocs\app_dev\app\Models\M_konfig.php(81): CodeIgniter\Model->__get('m_konfig')
#3 D:\xampp80\htdocs\app_dev\app\Controllers\Auth\Auth.php(31): App\Models\M_konfig->konfig_app()
#4 D:\xampp80\htdocs\app_dev\vendor\codeigniter4\framework\system\CodeIgniter.php(824): App\Controllers\Auth\Auth->index()
#5 D:\xampp80\htdocs\app_dev\vendor\codeigniter4\framework\system\CodeIgniter.php(410): CodeIgniter\CodeIgniter->runController(Object(App\Controllers\Auth\Auth))
#6 D:\xampp80\htdocs\app_dev\vendor\codeigniter4\framework\system\CodeIgniter.php(318): CodeIgniter\CodeIgniter->handleRequest(NULL, Object(Config\Cache), false)
#7 D:\xampp80\htdocs\app_dev\index.php(38): CodeIgniter\CodeIgniter->run()
#8 {main}
CRITICAL - 2022-01-27 12:01:15 --> You must set the database table to be used with your query.
#0 D:\xampp80\htdocs\app_dev\vendor\codeigniter4\framework\system\Model.php(545): CodeIgniter\Database\BaseConnection->table(NULL)
#1 D:\xampp80\htdocs\app_dev\vendor\codeigniter4\framework\system\Model.php(688): CodeIgniter\Model->builder()
#2 D:\xampp80\htdocs\app_dev\app\Models\M_konfig.php(81): CodeIgniter\Model->__get('m_konfig')
#3 D:\xampp80\htdocs\app_dev\app\Controllers\Auth\Auth.php(31): App\Models\M_konfig->konfig_app()
#4 D:\xampp80\htdocs\app_dev\vendor\codeigniter4\framework\system\CodeIgniter.php(824): App\Controllers\Auth\Auth->index()
#5 D:\xampp80\htdocs\app_dev\vendor\codeigniter4\framework\system\CodeIgniter.php(410): CodeIgniter\CodeIgniter->runController(Object(App\Controllers\Auth\Auth))
#6 D:\xampp80\htdocs\app_dev\vendor\codeigniter4\framework\system\CodeIgniter.php(318): CodeIgniter\CodeIgniter->handleRequest(NULL, Object(Config\Cache), false)
#7 D:\xampp80\htdocs\app_dev\index.php(38): CodeIgniter\CodeIgniter->run()
#8 {main}
CRITICAL - 2022-01-27 12:01:16 --> You must set the database table to be used with your query.
#0 D:\xampp80\htdocs\app_dev\vendor\codeigniter4\framework\system\Model.php(545): CodeIgniter\Database\BaseConnection->table(NULL)
#1 D:\xampp80\htdocs\app_dev\vendor\codeigniter4\framework\system\Model.php(688): CodeIgniter\Model->builder()
#2 D:\xampp80\htdocs\app_dev\app\Models\M_konfig.php(81): CodeIgniter\Model->__get('m_konfig')
#3 D:\xampp80\htdocs\app_dev\app\Controllers\Auth\Auth.php(31): App\Models\M_konfig->konfig_app()
#4 D:\xampp80\htdocs\app_dev\vendor\codeigniter4\framework\system\CodeIgniter.php(824): App\Controllers\Auth\Auth->index()
#5 D:\xampp80\htdocs\app_dev\vendor\codeigniter4\framework\system\CodeIgniter.php(410): CodeIgniter\CodeIgniter->runController(Object(App\Controllers\Auth\Auth))
#6 D:\xampp80\htdocs\app_dev\vendor\codeigniter4\framework\system\CodeIgniter.php(318): CodeIgniter\CodeIgniter->handleRequest(NULL, Object(Config\Cache), false)
#7 D:\xampp80\htdocs\app_dev\index.php(38): CodeIgniter\CodeIgniter->run()
#8 {main}
CRITICAL - 2022-01-27 12:03:32 --> Attempt to read property "title" on array
#0 D:\xampp80\htdocs\app_dev\app\Views\temp_login\head.php(6): CodeIgniter\Debug\Exceptions->errorHandler(2, 'Attempt to read...', 'D:\\xampp80\\htdo...', 6)
#1 D:\xampp80\htdocs\app_dev\vendor\codeigniter4\framework\system\View\View.php(214): include('D:\\xampp80\\htdo...')
#2 D:\xampp80\htdocs\app_dev\vendor\codeigniter4\framework\system\View\View.php(217): CodeIgniter\View\View->CodeIgniter\View\{closure}()
#3 D:\xampp80\htdocs\app_dev\vendor\codeigniter4\framework\system\View\View.php(432): CodeIgniter\View\View->render('temp_login/head', NULL, true)
#4 D:\xampp80\htdocs\app_dev\app\Views\temp_login\main.php(1): CodeIgniter\View\View->include('temp_login/head')
#5 D:\xampp80\htdocs\app_dev\vendor\codeigniter4\framework\system\View\View.php(214): include('D:\\xampp80\\htdo...')
#6 D:\xampp80\htdocs\app_dev\vendor\codeigniter4\framework\system\View\View.php(217): CodeIgniter\View\View->CodeIgniter\View\{closure}()
#7 D:\xampp80\htdocs\app_dev\vendor\codeigniter4\framework\system\View\View.php(230): CodeIgniter\View\View->render('temp_login/main', Array, true)
#8 D:\xampp80\htdocs\app_dev\vendor\codeigniter4\framework\system\Common.php(1097): CodeIgniter\View\View->render('temp_login/cont...', Array, true)
#9 D:\xampp80\htdocs\app_dev\app\Controllers\Auth\Auth.php(32): view('temp_login/cont...', Array)
#10 D:\xampp80\htdocs\app_dev\vendor\codeigniter4\framework\system\CodeIgniter.php(824): App\Controllers\Auth\Auth->index()
#11 D:\xampp80\htdocs\app_dev\vendor\codeigniter4\framework\system\CodeIgniter.php(410): CodeIgniter\CodeIgniter->runController(Object(App\Controllers\Auth\Auth))
#12 D:\xampp80\htdocs\app_dev\vendor\codeigniter4\framework\system\CodeIgniter.php(318): CodeIgniter\CodeIgniter->handleRequest(NULL, Object(Config\Cache), false)
#13 D:\xampp80\htdocs\app_dev\index.php(38): CodeIgniter\CodeIgniter->run()
#14 {main}
CRITICAL - 2022-01-27 12:05:17 --> Array to string conversion
#0 D:\xampp80\htdocs\app_dev\app\Views\temp_login\head.php(6): CodeIgniter\Debug\Exceptions->errorHandler(2, 'Array to string...', 'D:\\xampp80\\htdo...', 6)
#1 D:\xampp80\htdocs\app_dev\vendor\codeigniter4\framework\system\View\View.php(214): include('D:\\xampp80\\htdo...')
#2 D:\xampp80\htdocs\app_dev\vendor\codeigniter4\framework\system\View\View.php(217): CodeIgniter\View\View->CodeIgniter\View\{closure}()
#3 D:\xampp80\htdocs\app_dev\vendor\codeigniter4\framework\system\View\View.php(432): CodeIgniter\View\View->render('temp_login/head', NULL, true)
#4 D:\xampp80\htdocs\app_dev\app\Views\temp_login\main.php(1): CodeIgniter\View\View->include('temp_login/head')
#5 D:\xampp80\htdocs\app_dev\vendor\codeigniter4\framework\system\View\View.php(214): include('D:\\xampp80\\htdo...')
#6 D:\xampp80\htdocs\app_dev\vendor\codeigniter4\framework\system\View\View.php(217): CodeIgniter\View\View->CodeIgniter\View\{closure}()
#7 D:\xampp80\htdocs\app_dev\vendor\codeigniter4\framework\system\View\View.php(230): CodeIgniter\View\View->render('temp_login/main', Array, true)
#8 D:\xampp80\htdocs\app_dev\vendor\codeigniter4\framework\system\Common.php(1097): CodeIgniter\View\View->render('temp_login/cont...', Array, true)
#9 D:\xampp80\htdocs\app_dev\app\Controllers\Auth\Auth.php(32): view('temp_login/cont...', Array)
#10 D:\xampp80\htdocs\app_dev\vendor\codeigniter4\framework\system\CodeIgniter.php(824): App\Controllers\Auth\Auth->index()
#11 D:\xampp80\htdocs\app_dev\vendor\codeigniter4\framework\system\CodeIgniter.php(410): CodeIgniter\CodeIgniter->runController(Object(App\Controllers\Auth\Auth))
#12 D:\xampp80\htdocs\app_dev\vendor\codeigniter4\framework\system\CodeIgniter.php(318): CodeIgniter\CodeIgniter->handleRequest(NULL, Object(Config\Cache), false)
#13 D:\xampp80\htdocs\app_dev\index.php(38): CodeIgniter\CodeIgniter->run()
#14 {main}
CRITICAL - 2022-01-27 13:30:01 --> Undefined variable $data
#0 D:\xampp80\htdocs\app_dev\app\Controllers\Auth\Auth.php(31): CodeIgniter\Debug\Exceptions->errorHandler(2, 'Undefined varia...', 'D:\\xampp80\\htdo...', 31)
#1 D:\xampp80\htdocs\app_dev\vendor\codeigniter4\framework\system\CodeIgniter.php(824): App\Controllers\Auth\Auth->index()
#2 D:\xampp80\htdocs\app_dev\vendor\codeigniter4\framework\system\CodeIgniter.php(410): CodeIgniter\CodeIgniter->runController(Object(App\Controllers\Auth\Auth))
#3 D:\xampp80\htdocs\app_dev\vendor\codeigniter4\framework\system\CodeIgniter.php(318): CodeIgniter\CodeIgniter->handleRequest(NULL, Object(Config\Cache), false)
#4 D:\xampp80\htdocs\app_dev\index.php(38): CodeIgniter\CodeIgniter->run()
#5 {main}
CRITICAL - 2022-01-27 13:30:44 --> Array to string conversion
#0 D:\xampp80\htdocs\app_dev\app\Views\temp_login\head.php(6): CodeIgniter\Debug\Exceptions->errorHandler(2, 'Array to string...', 'D:\\xampp80\\htdo...', 6)
#1 D:\xampp80\htdocs\app_dev\vendor\codeigniter4\framework\system\View\View.php(214): include('D:\\xampp80\\htdo...')
#2 D:\xampp80\htdocs\app_dev\vendor\codeigniter4\framework\system\View\View.php(217): CodeIgniter\View\View->CodeIgniter\View\{closure}()
#3 D:\xampp80\htdocs\app_dev\vendor\codeigniter4\framework\system\View\View.php(432): CodeIgniter\View\View->render('temp_login/head', NULL, true)
#4 D:\xampp80\htdocs\app_dev\app\Views\temp_login\main.php(1): CodeIgniter\View\View->include('temp_login/head')
#5 D:\xampp80\htdocs\app_dev\vendor\codeigniter4\framework\system\View\View.php(214): include('D:\\xampp80\\htdo...')
#6 D:\xampp80\htdocs\app_dev\vendor\codeigniter4\framework\system\View\View.php(217): CodeIgniter\View\View->CodeIgniter\View\{closure}()
#7 D:\xampp80\htdocs\app_dev\vendor\codeigniter4\framework\system\View\View.php(230): CodeIgniter\View\View->render('temp_login/main', Array, true)
#8 D:\xampp80\htdocs\app_dev\vendor\codeigniter4\framework\system\Common.php(1097): CodeIgniter\View\View->render('temp_login/cont...', Array, true)
#9 D:\xampp80\htdocs\app_dev\app\Controllers\Auth\Auth.php(32): view('temp_login/cont...', Array)
#10 D:\xampp80\htdocs\app_dev\vendor\codeigniter4\framework\system\CodeIgniter.php(824): App\Controllers\Auth\Auth->index()
#11 D:\xampp80\htdocs\app_dev\vendor\codeigniter4\framework\system\CodeIgniter.php(410): CodeIgniter\CodeIgniter->runController(Object(App\Controllers\Auth\Auth))
#12 D:\xampp80\htdocs\app_dev\vendor\codeigniter4\framework\system\CodeIgniter.php(318): CodeIgniter\CodeIgniter->handleRequest(NULL, Object(Config\Cache), false)
#13 D:\xampp80\htdocs\app_dev\index.php(38): CodeIgniter\CodeIgniter->run()
#14 {main}
CRITICAL - 2022-01-27 13:43:12 --> Undefined property: stdClass::$poto
#0 D:\xampp80\htdocs\app_dev\app\Views\super\manajemen.php(30): CodeIgniter\Debug\Exceptions->errorHandler(2, 'Undefined prope...', 'D:\\xampp80\\htdo...', 30)
#1 D:\xampp80\htdocs\app_dev\vendor\codeigniter4\framework\system\View\View.php(214): include('D:\\xampp80\\htdo...')
#2 D:\xampp80\htdocs\app_dev\vendor\codeigniter4\framework\system\View\View.php(217): CodeIgniter\View\View->CodeIgniter\View\{closure}()
#3 D:\xampp80\htdocs\app_dev\vendor\codeigniter4\framework\system\Common.php(1097): CodeIgniter\View\View->render('super/manajemen', Array, true)
#4 D:\xampp80\htdocs\app_dev\app\Views\temp_back\content.php(9): view('super/manajemen')
#5 D:\xampp80\htdocs\app_dev\vendor\codeigniter4\framework\system\View\View.php(214): include('D:\\xampp80\\htdo...')
#6 D:\xampp80\htdocs\app_dev\vendor\codeigniter4\framework\system\View\View.php(217): CodeIgniter\View\View->CodeIgniter\View\{closure}()
#7 D:\xampp80\htdocs\app_dev\vendor\codeigniter4\framework\system\Common.php(1097): CodeIgniter\View\View->render('temp_back/conte...', Array, true)
#8 D:\xampp80\htdocs\app_dev\app\Controllers\Super\Super.php(26): view('temp_back/conte...', Array)
#9 D:\xampp80\htdocs\app_dev\app\Controllers\Super\Super.php(68): App\Controllers\Super\Super->_template(Array)
#10 D:\xampp80\htdocs\app_dev\vendor\codeigniter4\framework\system\CodeIgniter.php(824): App\Controllers\Super\Super->index()
#11 D:\xampp80\htdocs\app_dev\vendor\codeigniter4\framework\system\CodeIgniter.php(410): CodeIgniter\CodeIgniter->runController(Object(App\Controllers\Super\Super))
#12 D:\xampp80\htdocs\app_dev\vendor\codeigniter4\framework\system\CodeIgniter.php(318): CodeIgniter\CodeIgniter->handleRequest(NULL, Object(Config\Cache), false)
#13 D:\xampp80\htdocs\app_dev\index.php(38): CodeIgniter\CodeIgniter->run()
#14 {main}
CRITICAL - 2022-01-27 13:56:12 --> You must set the database table to be used with your query.
#0 D:\xampp80\htdocs\app_dev\vendor\codeigniter4\framework\system\Model.php(545): CodeIgniter\Database\BaseConnection->table(NULL)
#1 D:\xampp80\htdocs\app_dev\vendor\codeigniter4\framework\system\Model.php(717): CodeIgniter\Model->builder()
#2 D:\xampp80\htdocs\app_dev\app\Controllers\Super\Super.php(39): CodeIgniter\Model->__call('count_level', Array)
#3 D:\xampp80\htdocs\app_dev\app\Controllers\Super\Super.php(31): App\Controllers\Super\Super->dashboard()
#4 D:\xampp80\htdocs\app_dev\vendor\codeigniter4\framework\system\CodeIgniter.php(824): App\Controllers\Super\Super->index()
#5 D:\xampp80\htdocs\app_dev\vendor\codeigniter4\framework\system\CodeIgniter.php(410): CodeIgniter\CodeIgniter->runController(Object(App\Controllers\Super\Super))
#6 D:\xampp80\htdocs\app_dev\vendor\codeigniter4\framework\system\CodeIgniter.php(318): CodeIgniter\CodeIgniter->handleRequest(NULL, Object(Config\Cache), false)
#7 D:\xampp80\htdocs\app_dev\index.php(38): CodeIgniter\CodeIgniter->run()
#8 {main}
CRITICAL - 2022-01-27 14:12:13 --> Call to undefined method CodeIgniter\Database\MySQLi\Result::countAllResults()
#0 D:\xampp80\htdocs\app_dev\app\Controllers\Super\Super.php(40): App\Models\M_super->count_user(1)
#1 D:\xampp80\htdocs\app_dev\app\Controllers\Super\Super.php(31): App\Controllers\Super\Super->dashboard()
#2 D:\xampp80\htdocs\app_dev\vendor\codeigniter4\framework\system\CodeIgniter.php(824): App\Controllers\Super\Super->index()
#3 D:\xampp80\htdocs\app_dev\vendor\codeigniter4\framework\system\CodeIgniter.php(410): CodeIgniter\CodeIgniter->runController(Object(App\Controllers\Super\Super))
#4 D:\xampp80\htdocs\app_dev\vendor\codeigniter4\framework\system\CodeIgniter.php(318): CodeIgniter\CodeIgniter->handleRequest(NULL, Object(Config\Cache), false)
#5 D:\xampp80\htdocs\app_dev\index.php(38): CodeIgniter\CodeIgniter->run()
#6 {main}
CRITICAL - 2022-01-27 14:13:45 --> Call to undefined method CodeIgniter\Database\MySQLi\Result::countAllResults()
#0 D:\xampp80\htdocs\app_dev\app\Controllers\Super\Super.php(39): App\Models\M_super->count_level()
#1 D:\xampp80\htdocs\app_dev\app\Controllers\Super\Super.php(31): App\Controllers\Super\Super->dashboard()
#2 D:\xampp80\htdocs\app_dev\vendor\codeigniter4\framework\system\CodeIgniter.php(824): App\Controllers\Super\Super->index()
#3 D:\xampp80\htdocs\app_dev\vendor\codeigniter4\framework\system\CodeIgniter.php(410): CodeIgniter\CodeIgniter->runController(Object(App\Controllers\Super\Super))
#4 D:\xampp80\htdocs\app_dev\vendor\codeigniter4\framework\system\CodeIgniter.php(318): CodeIgniter\CodeIgniter->handleRequest(NULL, Object(Config\Cache), false)
#5 D:\xampp80\htdocs\app_dev\index.php(38): CodeIgniter\CodeIgniter->run()
#6 {main}
CRITICAL - 2022-01-27 14:14:04 --> Call to undefined method CodeIgniter\Database\MySQLi\Result::countAllResults()
#0 D:\xampp80\htdocs\app_dev\app\Controllers\Super\Super.php(40): App\Models\M_super->count_user(1)
#1 D:\xampp80\htdocs\app_dev\app\Controllers\Super\Super.php(31): App\Controllers\Super\Super->dashboard()
#2 D:\xampp80\htdocs\app_dev\vendor\codeigniter4\framework\system\CodeIgniter.php(824): App\Controllers\Super\Super->index()
#3 D:\xampp80\htdocs\app_dev\vendor\codeigniter4\framework\system\CodeIgniter.php(410): CodeIgniter\CodeIgniter->runController(Object(App\Controllers\Super\Super))
#4 D:\xampp80\htdocs\app_dev\vendor\codeigniter4\framework\system\CodeIgniter.php(318): CodeIgniter\CodeIgniter->handleRequest(NULL, Object(Config\Cache), false)
#5 D:\xampp80\htdocs\app_dev\index.php(38): CodeIgniter\CodeIgniter->run()
#6 {main}
CRITICAL - 2022-01-27 14:14:54 --> Call to undefined method CodeIgniter\Database\MySQLi\Builder::getNumRows()
#0 D:\xampp80\htdocs\app_dev\app\Controllers\Super\Super.php(39): App\Models\M_super->count_level()
#1 D:\xampp80\htdocs\app_dev\app\Controllers\Super\Super.php(31): App\Controllers\Super\Super->dashboard()
#2 D:\xampp80\htdocs\app_dev\vendor\codeigniter4\framework\system\CodeIgniter.php(824): App\Controllers\Super\Super->index()
#3 D:\xampp80\htdocs\app_dev\vendor\codeigniter4\framework\system\CodeIgniter.php(410): CodeIgniter\CodeIgniter->runController(Object(App\Controllers\Super\Super))
#4 D:\xampp80\htdocs\app_dev\vendor\codeigniter4\framework\system\CodeIgniter.php(318): CodeIgniter\CodeIgniter->handleRequest(NULL, Object(Config\Cache), false)
#5 D:\xampp80\htdocs\app_dev\index.php(38): CodeIgniter\CodeIgniter->run()
#6 {main}
CRITICAL - 2022-01-27 14:16:10 --> Invalid file: super/dashboard.php
#0 D:\xampp80\htdocs\app_dev\vendor\codeigniter4\framework\system\View\View.php(198): CodeIgniter\Exceptions\FrameworkException::forInvalidFile('super/dashboard...')
#1 D:\xampp80\htdocs\app_dev\vendor\codeigniter4\framework\system\Common.php(1097): CodeIgniter\View\View->render('super/dashboard', Array, true)
#2 D:\xampp80\htdocs\app_dev\app\Views\temp_back\content.php(9): view('super/dashboard')
#3 D:\xampp80\htdocs\app_dev\vendor\codeigniter4\framework\system\View\View.php(214): include('D:\\xampp80\\htdo...')
#4 D:\xampp80\htdocs\app_dev\vendor\codeigniter4\framework\system\View\View.php(217): CodeIgniter\View\View->CodeIgniter\View\{closure}()
#5 D:\xampp80\htdocs\app_dev\vendor\codeigniter4\framework\system\Common.php(1097): CodeIgniter\View\View->render('temp_back/conte...', Array, true)
#6 D:\xampp80\htdocs\app_dev\app\Controllers\Super\Super.php(26): view('temp_back/conte...', Array)
#7 D:\xampp80\htdocs\app_dev\app\Controllers\Super\Super.php(49): App\Controllers\Super\Super->_template(Array)
#8 D:\xampp80\htdocs\app_dev\app\Controllers\Super\Super.php(31): App\Controllers\Super\Super->dashboard()
#9 D:\xampp80\htdocs\app_dev\vendor\codeigniter4\framework\system\CodeIgniter.php(824): App\Controllers\Super\Super->index()
#10 D:\xampp80\htdocs\app_dev\vendor\codeigniter4\framework\system\CodeIgniter.php(410): CodeIgniter\CodeIgniter->runController(Object(App\Controllers\Super\Super))
#11 D:\xampp80\htdocs\app_dev\vendor\codeigniter4\framework\system\CodeIgniter.php(318): CodeIgniter\CodeIgniter->handleRequest(NULL, Object(Config\Cache), false)
#12 D:\xampp80\htdocs\app_dev\index.php(38): CodeIgniter\CodeIgniter->run()
#13 {main}
CRITICAL - 2022-01-27 14:20:17 --> Undefined property: CodeIgniter\View\View::$m_konfig
#0 D:\xampp80\htdocs\app_dev\app\Views\super\dashboard.php(11): CodeIgniter\Debug\Exceptions->errorHandler(2, 'Undefined prope...', 'D:\\xampp80\\htdo...', 11)
#1 D:\xampp80\htdocs\app_dev\vendor\codeigniter4\framework\system\View\View.php(214): include('D:\\xampp80\\htdo...')
#2 D:\xampp80\htdocs\app_dev\vendor\codeigniter4\framework\system\View\View.php(217): CodeIgniter\View\View->CodeIgniter\View\{closure}()
#3 D:\xampp80\htdocs\app_dev\vendor\codeigniter4\framework\system\Common.php(1097): CodeIgniter\View\View->render('super/dashboard', Array, true)
#4 D:\xampp80\htdocs\app_dev\app\Views\temp_back\content.php(9): view('super/dashboard')
#5 D:\xampp80\htdocs\app_dev\vendor\codeigniter4\framework\system\View\View.php(214): include('D:\\xampp80\\htdo...')
#6 D:\xampp80\htdocs\app_dev\vendor\codeigniter4\framework\system\View\View.php(217): CodeIgniter\View\View->CodeIgniter\View\{closure}()
#7 D:\xampp80\htdocs\app_dev\vendor\codeigniter4\framework\system\Common.php(1097): CodeIgniter\View\View->render('temp_back/conte...', Array, true)
#8 D:\xampp80\htdocs\app_dev\app\Controllers\Super\Super.php(26): view('temp_back/conte...', Array)
#9 D:\xampp80\htdocs\app_dev\app\Controllers\Super\Super.php(49): App\Controllers\Super\Super->_template(Array)
#10 D:\xampp80\htdocs\app_dev\app\Controllers\Super\Super.php(31): App\Controllers\Super\Super->dashboard()
#11 D:\xampp80\htdocs\app_dev\vendor\codeigniter4\framework\system\CodeIgniter.php(824): App\Controllers\Super\Super->index()
#12 D:\xampp80\htdocs\app_dev\vendor\codeigniter4\framework\system\CodeIgniter.php(410): CodeIgniter\CodeIgniter->runController(Object(App\Controllers\Super\Super))
#13 D:\xampp80\htdocs\app_dev\vendor\codeigniter4\framework\system\CodeIgniter.php(318): CodeIgniter\CodeIgniter->handleRequest(NULL, Object(Config\Cache), false)
#14 D:\xampp80\htdocs\app_dev\index.php(38): CodeIgniter\CodeIgniter->run()
#15 {main}
CRITICAL - 2022-01-27 14:21:30 --> Undefined property: CodeIgniter\View\View::$uri
#0 D:\xampp80\htdocs\app_dev\app\Views\temp_back\foot.php(90): CodeIgniter\Debug\Exceptions->errorHandler(2, 'Undefined prope...', 'D:\\xampp80\\htdo...', 90)
#1 D:\xampp80\htdocs\app_dev\vendor\codeigniter4\framework\system\View\View.php(214): include('D:\\xampp80\\htdo...')
#2 D:\xampp80\htdocs\app_dev\vendor\codeigniter4\framework\system\View\View.php(217): CodeIgniter\View\View->CodeIgniter\View\{closure}()
#3 D:\xampp80\htdocs\app_dev\vendor\codeigniter4\framework\system\View\View.php(432): CodeIgniter\View\View->render('temp_back/foot', NULL, true)
#4 D:\xampp80\htdocs\app_dev\app\Views\temp_back\main.php(5): CodeIgniter\View\View->include('temp_back/foot')
#5 D:\xampp80\htdocs\app_dev\vendor\codeigniter4\framework\system\View\View.php(214): include('D:\\xampp80\\htdo...')
#6 D:\xampp80\htdocs\app_dev\vendor\codeigniter4\framework\system\View\View.php(217): CodeIgniter\View\View->CodeIgniter\View\{closure}()
#7 D:\xampp80\htdocs\app_dev\vendor\codeigniter4\framework\system\View\View.php(230): CodeIgniter\View\View->render('temp_back/main', Array, true)
#8 D:\xampp80\htdocs\app_dev\vendor\codeigniter4\framework\system\Common.php(1097): CodeIgniter\View\View->render('temp_back/conte...', Array, true)
#9 D:\xampp80\htdocs\app_dev\app\Controllers\Super\Super.php(26): view('temp_back/conte...', Array)
#10 D:\xampp80\htdocs\app_dev\app\Controllers\Super\Super.php(49): App\Controllers\Super\Super->_template(Array)
#11 D:\xampp80\htdocs\app_dev\app\Controllers\Super\Super.php(31): App\Controllers\Super\Super->dashboard()
#12 D:\xampp80\htdocs\app_dev\vendor\codeigniter4\framework\system\CodeIgniter.php(824): App\Controllers\Super\Super->index()
#13 D:\xampp80\htdocs\app_dev\vendor\codeigniter4\framework\system\CodeIgniter.php(410): CodeIgniter\CodeIgniter->runController(Object(App\Controllers\Super\Super))
#14 D:\xampp80\htdocs\app_dev\vendor\codeigniter4\framework\system\CodeIgniter.php(318): CodeIgniter\CodeIgniter->handleRequest(NULL, Object(Config\Cache), false)
#15 D:\xampp80\htdocs\app_dev\index.php(38): CodeIgniter\CodeIgniter->run()
#16 {main}
CRITICAL - 2022-01-27 14:42:23 --> syntax error, unexpected token "if"
#0 D:\xampp80\htdocs\app_dev\vendor\codeigniter4\framework\system\Autoloader\Autoloader.php(241): CodeIgniter\Autoloader\Autoloader->includeFile('D:\\xampp80\\htdo...')
#1 D:\xampp80\htdocs\app_dev\vendor\codeigniter4\framework\system\Autoloader\Autoloader.php(219): CodeIgniter\Autoloader\Autoloader->loadInNamespace('App\\Models\\M_ko...')
#2 D:\xampp80\htdocs\app_dev\app\Filters\Auth.php(36): CodeIgniter\Autoloader\Autoloader->loadClass('App\\Models\\M_ko...')
#3 D:\xampp80\htdocs\app_dev\vendor\codeigniter4\framework\system\Filters\Filters.php(173): App\Filters\Auth->before(Object(CodeIgniter\HTTP\IncomingRequest), NULL)
#4 D:\xampp80\htdocs\app_dev\vendor\codeigniter4\framework\system\CodeIgniter.php(384): CodeIgniter\Filters\Filters->run('super', 'before')
#5 D:\xampp80\htdocs\app_dev\vendor\codeigniter4\framework\system\CodeIgniter.php(318): CodeIgniter\CodeIgniter->handleRequest(NULL, Object(Config\Cache), false)
#6 D:\xampp80\htdocs\app_dev\index.php(38): CodeIgniter\CodeIgniter->run()
#7 {main}
CRITICAL - 2022-01-27 14:47:30 --> Undefined variable $target
#0 D:\xampp80\htdocs\app_dev\app\Models\M_konfig.php(182): CodeIgniter\Debug\Exceptions->errorHandler(2, 'Undefined varia...', 'D:\\xampp80\\htdo...', 182)
#1 D:\xampp80\htdocs\app_dev\app\Models\M_konfig.php(100): App\Models\M_konfig->menusuper()
#2 D:\xampp80\htdocs\app_dev\app\Controllers\Super\Super.php(38): App\Models\M_konfig->konfig_app()
#3 D:\xampp80\htdocs\app_dev\app\Controllers\Super\Super.php(31): App\Controllers\Super\Super->dashboard()
#4 D:\xampp80\htdocs\app_dev\vendor\codeigniter4\framework\system\CodeIgniter.php(824): App\Controllers\Super\Super->index()
#5 D:\xampp80\htdocs\app_dev\vendor\codeigniter4\framework\system\CodeIgniter.php(410): CodeIgniter\CodeIgniter->runController(Object(App\Controllers\Super\Super))
#6 D:\xampp80\htdocs\app_dev\vendor\codeigniter4\framework\system\CodeIgniter.php(318): CodeIgniter\CodeIgniter->handleRequest(NULL, Object(Config\Cache), false)
#7 D:\xampp80\htdocs\app_dev\index.php(38): CodeIgniter\CodeIgniter->run()
#8 {main}
CRITICAL - 2022-01-27 16:29:18 --> Invalid file: add_manajemen.php
#0 D:\xampp80\htdocs\app_dev\vendor\codeigniter4\framework\system\View\View.php(198): CodeIgniter\Exceptions\FrameworkException::forInvalidFile('add_manajemen.p...')
#1 D:\xampp80\htdocs\app_dev\vendor\codeigniter4\framework\system\Common.php(1097): CodeIgniter\View\View->render('add_manajemen', Array, true)
#2 D:\xampp80\htdocs\app_dev\app\Controllers\Super\Super.php(67): view('add_manajemen')
#3 D:\xampp80\htdocs\app_dev\vendor\codeigniter4\framework\system\CodeIgniter.php(824): App\Controllers\Super\Super->input_UG()
#4 D:\xampp80\htdocs\app_dev\vendor\codeigniter4\framework\system\CodeIgniter.php(410): CodeIgniter\CodeIgniter->runController(Object(App\Controllers\Super\Super))
#5 D:\xampp80\htdocs\app_dev\vendor\codeigniter4\framework\system\CodeIgniter.php(318): CodeIgniter\CodeIgniter->handleRequest(NULL, Object(Config\Cache), false)
#6 D:\xampp80\htdocs\app_dev\index.php(38): CodeIgniter\CodeIgniter->run()
#7 {main}
CRITICAL - 2022-01-27 16:34:15 --> Invalid file: add_manajemen.php
#0 D:\xampp80\htdocs\app_dev\vendor\codeigniter4\framework\system\View\View.php(198): CodeIgniter\Exceptions\FrameworkException::forInvalidFile('add_manajemen.p...')
#1 D:\xampp80\htdocs\app_dev\vendor\codeigniter4\framework\system\Common.php(1097): CodeIgniter\View\View->render('add_manajemen', Array, true)
#2 D:\xampp80\htdocs\app_dev\app\Controllers\Super\Super.php(67): view('add_manajemen')
#3 D:\xampp80\htdocs\app_dev\vendor\codeigniter4\framework\system\CodeIgniter.php(824): App\Controllers\Super\Super->input_UG()
#4 D:\xampp80\htdocs\app_dev\vendor\codeigniter4\framework\system\CodeIgniter.php(410): CodeIgniter\CodeIgniter->runController(Object(App\Controllers\Super\Super))
#5 D:\xampp80\htdocs\app_dev\vendor\codeigniter4\framework\system\CodeIgniter.php(318): CodeIgniter\CodeIgniter->handleRequest(NULL, Object(Config\Cache), false)
#6 D:\xampp80\htdocs\app_dev\index.php(38): CodeIgniter\CodeIgniter->run()
#7 {main}
CRITICAL - 2022-01-27 16:41:20 --> Call to undefined method CodeIgniter\Database\MySQLi\Connection::from()
#0 D:\xampp80\htdocs\app_dev\app\Controllers\Super\Super.php(76): App\Models\M_super->edit_UG()
#1 D:\xampp80\htdocs\app_dev\vendor\codeigniter4\framework\system\CodeIgniter.php(824): App\Controllers\Super\Super->edit_UG()
#2 D:\xampp80\htdocs\app_dev\vendor\codeigniter4\framework\system\CodeIgniter.php(410): CodeIgniter\CodeIgniter->runController(Object(App\Controllers\Super\Super))
#3 D:\xampp80\htdocs\app_dev\vendor\codeigniter4\framework\system\CodeIgniter.php(318): CodeIgniter\CodeIgniter->handleRequest(NULL, Object(Config\Cache), false)
#4 D:\xampp80\htdocs\app_dev\index.php(38): CodeIgniter\CodeIgniter->run()
#5 {main}
CRITICAL - 2022-01-27 16:51:27 --> Call to undefined method CodeIgniter\Database\MySQLi\Connection::from()
#0 D:\xampp80\htdocs\app_dev\app\Controllers\Super\Super.php(76): App\Models\M_super->edit_UG()
#1 D:\xampp80\htdocs\app_dev\vendor\codeigniter4\framework\system\CodeIgniter.php(824): App\Controllers\Super\Super->edit_UG()
#2 D:\xampp80\htdocs\app_dev\vendor\codeigniter4\framework\system\CodeIgniter.php(410): CodeIgniter\CodeIgniter->runController(Object(App\Controllers\Super\Super))
#3 D:\xampp80\htdocs\app_dev\vendor\codeigniter4\framework\system\CodeIgniter.php(318): CodeIgniter\CodeIgniter->handleRequest(NULL, Object(Config\Cache), false)
#4 D:\xampp80\htdocs\app_dev\index.php(38): CodeIgniter\CodeIgniter->run()
#5 {main}
CRITICAL - 2022-01-27 17:11:44 --> Call to undefined method CodeIgniter\Database\MySQLi\Result::countAllResults()
#0 D:\xampp80\htdocs\app_dev\app\Controllers\Super\Super.php(81): App\Models\M_super->update_UG()
#1 D:\xampp80\htdocs\app_dev\vendor\codeigniter4\framework\system\CodeIgniter.php(824): App\Controllers\Super\Super->update_UG()
#2 D:\xampp80\htdocs\app_dev\vendor\codeigniter4\framework\system\CodeIgniter.php(410): CodeIgniter\CodeIgniter->runController(Object(App\Controllers\Super\Super))
#3 D:\xampp80\htdocs\app_dev\vendor\codeigniter4\framework\system\CodeIgniter.php(318): CodeIgniter\CodeIgniter->handleRequest(NULL, Object(Config\Cache), false)
#4 D:\xampp80\htdocs\app_dev\index.php(38): CodeIgniter\CodeIgniter->run()
#5 {main}
CRITICAL - 2022-01-27 17:11:51 --> Call to undefined method CodeIgniter\Database\MySQLi\Result::countAllResults()
#0 D:\xampp80\htdocs\app_dev\app\Controllers\Super\Super.php(81): App\Models\M_super->update_UG()
#1 D:\xampp80\htdocs\app_dev\vendor\codeigniter4\framework\system\CodeIgniter.php(824): App\Controllers\Super\Super->update_UG()
#2 D:\xampp80\htdocs\app_dev\vendor\codeigniter4\framework\system\CodeIgniter.php(410): CodeIgniter\CodeIgniter->runController(Object(App\Controllers\Super\Super))
#3 D:\xampp80\htdocs\app_dev\vendor\codeigniter4\framework\system\CodeIgniter.php(318): CodeIgniter\CodeIgniter->handleRequest(NULL, Object(Config\Cache), false)
#4 D:\xampp80\htdocs\app_dev\index.php(38): CodeIgniter\CodeIgniter->run()
#5 {main}
CRITICAL - 2022-01-27 17:12:58 --> Call to undefined method CodeIgniter\Database\MySQLi\Result::get()
#0 D:\xampp80\htdocs\app_dev\app\Controllers\Super\Super.php(81): App\Models\M_super->update_UG()
#1 D:\xampp80\htdocs\app_dev\vendor\codeigniter4\framework\system\CodeIgniter.php(824): App\Controllers\Super\Super->update_UG()
#2 D:\xampp80\htdocs\app_dev\vendor\codeigniter4\framework\system\CodeIgniter.php(410): CodeIgniter\CodeIgniter->runController(Object(App\Controllers\Super\Super))
#3 D:\xampp80\htdocs\app_dev\vendor\codeigniter4\framework\system\CodeIgniter.php(318): CodeIgniter\CodeIgniter->handleRequest(NULL, Object(Config\Cache), false)
#4 D:\xampp80\htdocs\app_dev\index.php(38): CodeIgniter\CodeIgniter->run()
#5 {main}
CRITICAL - 2022-01-27 17:13:19 --> CodeIgniter\Database\BaseBuilder::update(): Argument #1 ($set) must be of type ?array, string given, called in D:\xampp80\htdocs\app_dev\app\Models\M_super.php on line 153
#0 D:\xampp80\htdocs\app_dev\app\Models\M_super.php(153): CodeIgniter\Database\BaseBuilder->update('main_level')
#1 D:\xampp80\htdocs\app_dev\app\Controllers\Super\Super.php(81): App\Models\M_super->update_UG()
#2 D:\xampp80\htdocs\app_dev\vendor\codeigniter4\framework\system\CodeIgniter.php(824): App\Controllers\Super\Super->update_UG()
#3 D:\xampp80\htdocs\app_dev\vendor\codeigniter4\framework\system\CodeIgniter.php(410): CodeIgniter\CodeIgniter->runController(Object(App\Controllers\Super\Super))
#4 D:\xampp80\htdocs\app_dev\vendor\codeigniter4\framework\system\CodeIgniter.php(318): CodeIgniter\CodeIgniter->handleRequest(NULL, Object(Config\Cache), false)
#5 D:\xampp80\htdocs\app_dev\index.php(38): CodeIgniter\CodeIgniter->run()
#6 {main}
CRITICAL - 2022-01-27 17:14:43 --> Call to undefined method CodeIgniter\Database\MySQLi\Result::get()
#0 D:\xampp80\htdocs\app_dev\app\Controllers\Super\Super.php(81): App\Models\M_super->update_UG()
#1 D:\xampp80\htdocs\app_dev\vendor\codeigniter4\framework\system\CodeIgniter.php(824): App\Controllers\Super\Super->update_UG()
#2 D:\xampp80\htdocs\app_dev\vendor\codeigniter4\framework\system\CodeIgniter.php(410): CodeIgniter\CodeIgniter->runController(Object(App\Controllers\Super\Super))
#3 D:\xampp80\htdocs\app_dev\vendor\codeigniter4\framework\system\CodeIgniter.php(318): CodeIgniter\CodeIgniter->handleRequest(NULL, Object(Config\Cache), false)
#4 D:\xampp80\htdocs\app_dev\index.php(38): CodeIgniter\CodeIgniter->run()
#5 {main}
CRITICAL - 2022-01-27 17:16:03 --> Call to undefined method CodeIgniter\Database\MySQLi\Result::countAllResults()
#0 D:\xampp80\htdocs\app_dev\app\Controllers\Super\Super.php(81): App\Models\M_super->update_UG()
#1 D:\xampp80\htdocs\app_dev\vendor\codeigniter4\framework\system\CodeIgniter.php(824): App\Controllers\Super\Super->update_UG()
#2 D:\xampp80\htdocs\app_dev\vendor\codeigniter4\framework\system\CodeIgniter.php(410): CodeIgniter\CodeIgniter->runController(Object(App\Controllers\Super\Super))
#3 D:\xampp80\htdocs\app_dev\vendor\codeigniter4\framework\system\CodeIgniter.php(318): CodeIgniter\CodeIgniter->handleRequest(NULL, Object(Config\Cache), false)
#4 D:\xampp80\htdocs\app_dev\index.php(38): CodeIgniter\CodeIgniter->run()
#5 {main}
CRITICAL - 2022-01-27 17:23:10 --> CodeIgniter\Database\BaseBuilder::update(): Argument #1 ($set) must be of type ?array, string given, called in D:\xampp80\htdocs\app_dev\app\Models\M_super.php on line 158
#0 D:\xampp80\htdocs\app_dev\app\Models\M_super.php(158): CodeIgniter\Database\BaseBuilder->update('main_level')
#1 D:\xampp80\htdocs\app_dev\app\Controllers\Super\Super.php(81): App\Models\M_super->update_UG()
#2 D:\xampp80\htdocs\app_dev\vendor\codeigniter4\framework\system\CodeIgniter.php(824): App\Controllers\Super\Super->update_UG()
#3 D:\xampp80\htdocs\app_dev\vendor\codeigniter4\framework\system\CodeIgniter.php(410): CodeIgniter\CodeIgniter->runController(Object(App\Controllers\Super\Super))
#4 D:\xampp80\htdocs\app_dev\vendor\codeigniter4\framework\system\CodeIgniter.php(318): CodeIgniter\CodeIgniter->handleRequest(NULL, Object(Config\Cache), false)
#5 D:\xampp80\htdocs\app_dev\index.php(38): CodeIgniter\CodeIgniter->run()
#6 {main}
CRITICAL - 2022-01-27 17:29:38 --> You must set the database table to be used with your query.
#0 D:\xampp80\htdocs\app_dev\vendor\codeigniter4\framework\system\Model.php(545): CodeIgniter\Database\BaseConnection->table(NULL)
#1 D:\xampp80\htdocs\app_dev\vendor\codeigniter4\framework\system\Model.php(688): CodeIgniter\Model->builder()
#2 D:\xampp80\htdocs\app_dev\app\Models\M_super.php(48): CodeIgniter\Model->__get('main_lssevels')
#3 D:\xampp80\htdocs\app_dev\app\Controllers\Super\Super.php(38): App\Models\M_super->count_level()
#4 D:\xampp80\htdocs\app_dev\vendor\codeigniter4\framework\system\CodeIgniter.php(824): App\Controllers\Super\Super->dashboard()
#5 D:\xampp80\htdocs\app_dev\vendor\codeigniter4\framework\system\CodeIgniter.php(410): CodeIgniter\CodeIgniter->runController(Object(App\Controllers\Super\Super))
#6 D:\xampp80\htdocs\app_dev\vendor\codeigniter4\framework\system\CodeIgniter.php(318): CodeIgniter\CodeIgniter->handleRequest(NULL, Object(Config\Cache), false)
#7 D:\xampp80\htdocs\app_dev\index.php(38): CodeIgniter\CodeIgniter->run()
#8 {main}
CRITICAL - 2022-01-27 17:29:42 --> You must set the database table to be used with your query.
#0 D:\xampp80\htdocs\app_dev\vendor\codeigniter4\framework\system\Model.php(545): CodeIgniter\Database\BaseConnection->table(NULL)
#1 D:\xampp80\htdocs\app_dev\vendor\codeigniter4\framework\system\Model.php(688): CodeIgniter\Model->builder()
#2 D:\xampp80\htdocs\app_dev\app\Models\M_super.php(48): CodeIgniter\Model->__get('main_lssevels')
#3 D:\xampp80\htdocs\app_dev\app\Controllers\Super\Super.php(38): App\Models\M_super->count_level()
#4 D:\xampp80\htdocs\app_dev\vendor\codeigniter4\framework\system\CodeIgniter.php(824): App\Controllers\Super\Super->dashboard()
#5 D:\xampp80\htdocs\app_dev\vendor\codeigniter4\framework\system\CodeIgniter.php(410): CodeIgniter\CodeIgniter->runController(Object(App\Controllers\Super\Super))
#6 D:\xampp80\htdocs\app_dev\vendor\codeigniter4\framework\system\CodeIgniter.php(318): CodeIgniter\CodeIgniter->handleRequest(NULL, Object(Config\Cache), false)
#7 D:\xampp80\htdocs\app_dev\index.php(38): CodeIgniter\CodeIgniter->run()
#8 {main}
CRITICAL - 2022-01-27 17:58:13 --> You must set the database table to be used with your query.
#0 D:\xampp80\htdocs\app_dev\vendor\codeigniter4\framework\system\Model.php(545): CodeIgniter\Database\BaseConnection->table(NULL)
#1 D:\xampp80\htdocs\app_dev\vendor\codeigniter4\framework\system\Model.php(717): CodeIgniter\Model->builder()
#2 D:\xampp80\htdocs\app_dev\app\Controllers\Super\Super.php(93): CodeIgniter\Model->__call('dataMenuLevel', Array)
#3 D:\xampp80\htdocs\app_dev\vendor\codeigniter4\framework\system\CodeIgniter.php(824): App\Controllers\Super\Super->menu('1')
#4 D:\xampp80\htdocs\app_dev\vendor\codeigniter4\framework\system\CodeIgniter.php(410): CodeIgniter\CodeIgniter->runController(Object(App\Controllers\Super\Super))
#5 D:\xampp80\htdocs\app_dev\vendor\codeigniter4\framework\system\CodeIgniter.php(318): CodeIgniter\CodeIgniter->handleRequest(NULL, Object(Config\Cache), false)
#6 D:\xampp80\htdocs\app_dev\index.php(38): CodeIgniter\CodeIgniter->run()
#7 {main}
CRITICAL - 2022-01-27 18:10:50 --> Undefined property: CodeIgniter\View\View::$uri
#0 D:\xampp80\htdocs\app_dev\app\Views\super\menu.php(1): CodeIgniter\Debug\Exceptions->errorHandler(2, 'Undefined prope...', 'D:\\xampp80\\htdo...', 1)
#1 D:\xampp80\htdocs\app_dev\vendor\codeigniter4\framework\system\View\View.php(214): include('D:\\xampp80\\htdo...')
#2 D:\xampp80\htdocs\app_dev\vendor\codeigniter4\framework\system\View\View.php(217): CodeIgniter\View\View->CodeIgniter\View\{closure}()
#3 D:\xampp80\htdocs\app_dev\vendor\codeigniter4\framework\system\Common.php(1097): CodeIgniter\View\View->render('super/menu', Array, true)
#4 D:\xampp80\htdocs\app_dev\app\Controllers\Super\Super.php(97): view('super/menu', Array)
#5 D:\xampp80\htdocs\app_dev\vendor\codeigniter4\framework\system\CodeIgniter.php(824): App\Controllers\Super\Super->menu('1')
#6 D:\xampp80\htdocs\app_dev\vendor\codeigniter4\framework\system\CodeIgniter.php(410): CodeIgniter\CodeIgniter->runController(Object(App\Controllers\Super\Super))
#7 D:\xampp80\htdocs\app_dev\vendor\codeigniter4\framework\system\CodeIgniter.php(318): CodeIgniter\CodeIgniter->handleRequest(NULL, Object(Config\Cache), false)
#8 D:\xampp80\htdocs\app_dev\index.php(38): CodeIgniter\CodeIgniter->run()
#9 {main}
CRITICAL - 2022-01-27 18:15:46 --> Undefined variable $uri
#0 D:\xampp80\htdocs\app_dev\app\Views\super\menu.php(149): CodeIgniter\Debug\Exceptions->errorHandler(2, 'Undefined varia...', 'D:\\xampp80\\htdo...', 149)
#1 D:\xampp80\htdocs\app_dev\vendor\codeigniter4\framework\system\View\View.php(214): include('D:\\xampp80\\htdo...')
#2 D:\xampp80\htdocs\app_dev\vendor\codeigniter4\framework\system\View\View.php(217): CodeIgniter\View\View->CodeIgniter\View\{closure}()
#3 D:\xampp80\htdocs\app_dev\vendor\codeigniter4\framework\system\Common.php(1097): CodeIgniter\View\View->render('super/menu', Array, true)
#4 D:\xampp80\htdocs\app_dev\app\Controllers\Super\Super.php(97): view('super/menu', Array)
#5 D:\xampp80\htdocs\app_dev\vendor\codeigniter4\framework\system\CodeIgniter.php(824): App\Controllers\Super\Super->menu('1')
#6 D:\xampp80\htdocs\app_dev\vendor\codeigniter4\framework\system\CodeIgniter.php(410): CodeIgniter\CodeIgniter->runController(Object(App\Controllers\Super\Super))
#7 D:\xampp80\htdocs\app_dev\vendor\codeigniter4\framework\system\CodeIgniter.php(318): CodeIgniter\CodeIgniter->handleRequest(NULL, Object(Config\Cache), false)
#8 D:\xampp80\htdocs\app_dev\index.php(38): CodeIgniter\CodeIgniter->run()
#9 {main}
CRITICAL - 2022-01-27 18:15:55 --> Undefined variable $uri
#0 D:\xampp80\htdocs\app_dev\app\Views\super\menu.php(149): CodeIgniter\Debug\Exceptions->errorHandler(2, 'Undefined varia...', 'D:\\xampp80\\htdo...', 149)
#1 D:\xampp80\htdocs\app_dev\vendor\codeigniter4\framework\system\View\View.php(214): include('D:\\xampp80\\htdo...')
#2 D:\xampp80\htdocs\app_dev\vendor\codeigniter4\framework\system\View\View.php(217): CodeIgniter\View\View->CodeIgniter\View\{closure}()
#3 D:\xampp80\htdocs\app_dev\vendor\codeigniter4\framework\system\Common.php(1097): CodeIgniter\View\View->render('super/menu', Array, true)
#4 D:\xampp80\htdocs\app_dev\app\Controllers\Super\Super.php(97): view('super/menu', Array)
#5 D:\xampp80\htdocs\app_dev\vendor\codeigniter4\framework\system\CodeIgniter.php(824): App\Controllers\Super\Super->menu('1')
#6 D:\xampp80\htdocs\app_dev\vendor\codeigniter4\framework\system\CodeIgniter.php(410): CodeIgniter\CodeIgniter->runController(Object(App\Controllers\Super\Super))
#7 D:\xampp80\htdocs\app_dev\vendor\codeigniter4\framework\system\CodeIgniter.php(318): CodeIgniter\CodeIgniter->handleRequest(NULL, Object(Config\Cache), false)
#8 D:\xampp80\htdocs\app_dev\index.php(38): CodeIgniter\CodeIgniter->run()
#9 {main}
