CRITICAL - 2021-12-26 00:02:12 --> You must set the database table to be used with your query.
#0 D:\xampp80\htdocs\app_spm\vendor\codeigniter4\framework\system\Model.php(545): CodeIgniter\Database\BaseConnection->table(NULL)
#1 D:\xampp80\htdocs\app_spm\vendor\codeigniter4\framework\system\Model.php(688): CodeIgniter\Model->builder()
#2 D:\xampp80\htdocs\app_spm\app\Models\M_super.php(19): CodeIgniter\Model->__get('request')
#3 D:\xampp80\htdocs\app_spm\app\Controllers\Super\Super.php(39): App\Models\M_super->addUserGroup()
#4 D:\xampp80\htdocs\app_spm\vendor\codeigniter4\framework\system\CodeIgniter.php(824): App\Controllers\Super\Super->addUserGroup()
#5 D:\xampp80\htdocs\app_spm\vendor\codeigniter4\framework\system\CodeIgniter.php(410): CodeIgniter\CodeIgniter->runController(Object(App\Controllers\Super\Super))
#6 D:\xampp80\htdocs\app_spm\vendor\codeigniter4\framework\system\CodeIgniter.php(318): CodeIgniter\CodeIgniter->handleRequest(NULL, Object(Config\Cache), false)
#7 D:\xampp80\htdocs\app_spm\public\index.php(37): CodeIgniter\CodeIgniter->run()
#8 D:\xampp80\htdocs\app_spm\vendor\codeigniter4\framework\system\Commands\Server\rewrite.php(43): require_once('D:\\xampp80\\htdo...')
#9 {main}
CRITICAL - 2021-12-26 00:03:54 --> You must set the database table to be used with your query.
#0 D:\xampp80\htdocs\app_spm\vendor\codeigniter4\framework\system\Model.php(545): CodeIgniter\Database\BaseConnection->table(NULL)
#1 D:\xampp80\htdocs\app_spm\vendor\codeigniter4\framework\system\Model.php(688): CodeIgniter\Model->builder()
#2 D:\xampp80\htdocs\app_spm\app\Models\M_super.php(19): CodeIgniter\Model->__get('request')
#3 D:\xampp80\htdocs\app_spm\app\Controllers\Super\Super.php(39): App\Models\M_super->addUserGroup()
#4 D:\xampp80\htdocs\app_spm\vendor\codeigniter4\framework\system\CodeIgniter.php(824): App\Controllers\Super\Super->addUserGroup()
#5 D:\xampp80\htdocs\app_spm\vendor\codeigniter4\framework\system\CodeIgniter.php(410): CodeIgniter\CodeIgniter->runController(Object(App\Controllers\Super\Super))
#6 D:\xampp80\htdocs\app_spm\vendor\codeigniter4\framework\system\CodeIgniter.php(318): CodeIgniter\CodeIgniter->handleRequest(NULL, Object(Config\Cache), false)
#7 D:\xampp80\htdocs\app_spm\public\index.php(37): CodeIgniter\CodeIgniter->run()
#8 D:\xampp80\htdocs\app_spm\vendor\codeigniter4\framework\system\Commands\Server\rewrite.php(43): require_once('D:\\xampp80\\htdo...')
#9 {main}
CRITICAL - 2021-12-26 00:04:13 --> You must set the database table to be used with your query.
#0 D:\xampp80\htdocs\app_spm\vendor\codeigniter4\framework\system\Model.php(545): CodeIgniter\Database\BaseConnection->table(NULL)
#1 D:\xampp80\htdocs\app_spm\vendor\codeigniter4\framework\system\Model.php(688): CodeIgniter\Model->builder()
#2 D:\xampp80\htdocs\app_spm\app\Models\M_super.php(19): CodeIgniter\Model->__get('request')
#3 D:\xampp80\htdocs\app_spm\app\Controllers\Super\Super.php(39): App\Models\M_super->addUserGroup()
#4 D:\xampp80\htdocs\app_spm\vendor\codeigniter4\framework\system\CodeIgniter.php(824): App\Controllers\Super\Super->addUserGroup()
#5 D:\xampp80\htdocs\app_spm\vendor\codeigniter4\framework\system\CodeIgniter.php(410): CodeIgniter\CodeIgniter->runController(Object(App\Controllers\Super\Super))
#6 D:\xampp80\htdocs\app_spm\vendor\codeigniter4\framework\system\CodeIgniter.php(318): CodeIgniter\CodeIgniter->handleRequest(NULL, Object(Config\Cache), false)
#7 D:\xampp80\htdocs\app_spm\public\index.php(37): CodeIgniter\CodeIgniter->run()
#8 D:\xampp80\htdocs\app_spm\vendor\codeigniter4\framework\system\Commands\Server\rewrite.php(43): require_once('D:\\xampp80\\htdo...')
#9 {main}
CRITICAL - 2021-12-26 00:05:28 --> You must set the database table to be used with your query.
#0 D:\xampp80\htdocs\app_spm\vendor\codeigniter4\framework\system\Model.php(545): CodeIgniter\Database\BaseConnection->table(NULL)
#1 D:\xampp80\htdocs\app_spm\vendor\codeigniter4\framework\system\Model.php(688): CodeIgniter\Model->builder()
#2 D:\xampp80\htdocs\app_spm\app\Models\M_super.php(20): CodeIgniter\Model->__get('request')
#3 D:\xampp80\htdocs\app_spm\app\Controllers\Super\Super.php(39): App\Models\M_super->addUserGroup()
#4 D:\xampp80\htdocs\app_spm\vendor\codeigniter4\framework\system\CodeIgniter.php(824): App\Controllers\Super\Super->addUserGroup()
#5 D:\xampp80\htdocs\app_spm\vendor\codeigniter4\framework\system\CodeIgniter.php(410): CodeIgniter\CodeIgniter->runController(Object(App\Controllers\Super\Super))
#6 D:\xampp80\htdocs\app_spm\vendor\codeigniter4\framework\system\CodeIgniter.php(318): CodeIgniter\CodeIgniter->handleRequest(NULL, Object(Config\Cache), false)
#7 D:\xampp80\htdocs\app_spm\public\index.php(37): CodeIgniter\CodeIgniter->run()
#8 D:\xampp80\htdocs\app_spm\vendor\codeigniter4\framework\system\Commands\Server\rewrite.php(43): require_once('D:\\xampp80\\htdo...')
#9 {main}
CRITICAL - 2021-12-26 00:06:27 --> Cannot access private property App\Controllers\Super\Super::$db
#0 D:\xampp80\htdocs\app_spm\vendor\codeigniter4\framework\system\CodeIgniter.php(802): App\Controllers\BaseController->initController(Object(CodeIgniter\HTTP\IncomingRequest), Object(CodeIgniter\HTTP\Response), Object(CodeIgniter\Log\Logger))
#1 D:\xampp80\htdocs\app_spm\vendor\codeigniter4\framework\system\CodeIgniter.php(401): CodeIgniter\CodeIgniter->createController()
#2 D:\xampp80\htdocs\app_spm\vendor\codeigniter4\framework\system\CodeIgniter.php(318): CodeIgniter\CodeIgniter->handleRequest(NULL, Object(Config\Cache), false)
#3 D:\xampp80\htdocs\app_spm\public\index.php(37): CodeIgniter\CodeIgniter->run()
#4 D:\xampp80\htdocs\app_spm\vendor\codeigniter4\framework\system\Commands\Server\rewrite.php(43): require_once('D:\\xampp80\\htdo...')
#5 {main}
CRITICAL - 2021-12-26 00:06:47 --> Cannot access private property App\Controllers\Super\Super::$db
#0 D:\xampp80\htdocs\app_spm\vendor\codeigniter4\framework\system\CodeIgniter.php(802): App\Controllers\BaseController->initController(Object(CodeIgniter\HTTP\IncomingRequest), Object(CodeIgniter\HTTP\Response), Object(CodeIgniter\Log\Logger))
#1 D:\xampp80\htdocs\app_spm\vendor\codeigniter4\framework\system\CodeIgniter.php(401): CodeIgniter\CodeIgniter->createController()
#2 D:\xampp80\htdocs\app_spm\vendor\codeigniter4\framework\system\CodeIgniter.php(318): CodeIgniter\CodeIgniter->handleRequest(NULL, Object(Config\Cache), false)
#3 D:\xampp80\htdocs\app_spm\public\index.php(37): CodeIgniter\CodeIgniter->run()
#4 D:\xampp80\htdocs\app_spm\vendor\codeigniter4\framework\system\Commands\Server\rewrite.php(43): require_once('D:\\xampp80\\htdo...')
#5 {main}
CRITICAL - 2021-12-26 00:11:05 --> syntax error, unexpected single-quoted string "main_level", expecting ")"
#0 D:\xampp80\htdocs\app_spm\vendor\codeigniter4\framework\system\Autoloader\Autoloader.php(241): CodeIgniter\Autoloader\Autoloader->includeFile('D:\\xampp80\\htdo...')
#1 D:\xampp80\htdocs\app_spm\vendor\codeigniter4\framework\system\Autoloader\Autoloader.php(219): CodeIgniter\Autoloader\Autoloader->loadInNamespace('App\\Models\\M_su...')
#2 D:\xampp80\htdocs\app_spm\app\Controllers\Super\Super.php(21): CodeIgniter\Autoloader\Autoloader->loadClass('App\\Models\\M_su...')
#3 D:\xampp80\htdocs\app_spm\vendor\codeigniter4\framework\system\CodeIgniter.php(801): App\Controllers\Super\Super->__construct()
#4 D:\xampp80\htdocs\app_spm\vendor\codeigniter4\framework\system\CodeIgniter.php(401): CodeIgniter\CodeIgniter->createController()
#5 D:\xampp80\htdocs\app_spm\vendor\codeigniter4\framework\system\CodeIgniter.php(318): CodeIgniter\CodeIgniter->handleRequest(NULL, Object(Config\Cache), false)
#6 D:\xampp80\htdocs\app_spm\public\index.php(37): CodeIgniter\CodeIgniter->run()
#7 D:\xampp80\htdocs\app_spm\vendor\codeigniter4\framework\system\Commands\Server\rewrite.php(43): require_once('D:\\xampp80\\htdo...')
#8 {main}
CRITICAL - 2021-12-26 00:11:58 --> Call to a member function getPost() on null
#0 D:\xampp80\htdocs\app_spm\app\Controllers\Super\Super.php(39): App\Models\M_super->addUserGroup()
#1 D:\xampp80\htdocs\app_spm\vendor\codeigniter4\framework\system\CodeIgniter.php(824): App\Controllers\Super\Super->addUserGroup()
#2 D:\xampp80\htdocs\app_spm\vendor\codeigniter4\framework\system\CodeIgniter.php(410): CodeIgniter\CodeIgniter->runController(Object(App\Controllers\Super\Super))
#3 D:\xampp80\htdocs\app_spm\vendor\codeigniter4\framework\system\CodeIgniter.php(318): CodeIgniter\CodeIgniter->handleRequest(NULL, Object(Config\Cache), false)
#4 D:\xampp80\htdocs\app_spm\public\index.php(37): CodeIgniter\CodeIgniter->run()
#5 D:\xampp80\htdocs\app_spm\vendor\codeigniter4\framework\system\Commands\Server\rewrite.php(43): require_once('D:\\xampp80\\htdo...')
#6 {main}
CRITICAL - 2021-12-26 00:13:35 --> You must set the database table to be used with your query.
#0 D:\xampp80\htdocs\app_spm\vendor\codeigniter4\framework\system\Model.php(545): CodeIgniter\Database\BaseConnection->table(NULL)
#1 D:\xampp80\htdocs\app_spm\vendor\codeigniter4\framework\system\Model.php(688): CodeIgniter\Model->builder()
#2 D:\xampp80\htdocs\app_spm\app\Models\M_super.php(20): CodeIgniter\Model->__get('request')
#3 D:\xampp80\htdocs\app_spm\app\Controllers\Super\Super.php(39): App\Models\M_super->addUserGroup()
#4 D:\xampp80\htdocs\app_spm\vendor\codeigniter4\framework\system\CodeIgniter.php(824): App\Controllers\Super\Super->addUserGroup()
#5 D:\xampp80\htdocs\app_spm\vendor\codeigniter4\framework\system\CodeIgniter.php(410): CodeIgniter\CodeIgniter->runController(Object(App\Controllers\Super\Super))
#6 D:\xampp80\htdocs\app_spm\vendor\codeigniter4\framework\system\CodeIgniter.php(318): CodeIgniter\CodeIgniter->handleRequest(NULL, Object(Config\Cache), false)
#7 D:\xampp80\htdocs\app_spm\public\index.php(37): CodeIgniter\CodeIgniter->run()
#8 D:\xampp80\htdocs\app_spm\vendor\codeigniter4\framework\system\Commands\Server\rewrite.php(43): require_once('D:\\xampp80\\htdo...')
#9 {main}
CRITICAL - 2021-12-26 00:13:44 --> You must set the database table to be used with your query.
#0 D:\xampp80\htdocs\app_spm\vendor\codeigniter4\framework\system\Model.php(545): CodeIgniter\Database\BaseConnection->table(NULL)
#1 D:\xampp80\htdocs\app_spm\vendor\codeigniter4\framework\system\Model.php(688): CodeIgniter\Model->builder()
#2 D:\xampp80\htdocs\app_spm\app\Models\M_super.php(20): CodeIgniter\Model->__get('request')
#3 D:\xampp80\htdocs\app_spm\app\Controllers\Super\Super.php(39): App\Models\M_super->addUserGroup()
#4 D:\xampp80\htdocs\app_spm\vendor\codeigniter4\framework\system\CodeIgniter.php(824): App\Controllers\Super\Super->addUserGroup()
#5 D:\xampp80\htdocs\app_spm\vendor\codeigniter4\framework\system\CodeIgniter.php(410): CodeIgniter\CodeIgniter->runController(Object(App\Controllers\Super\Super))
#6 D:\xampp80\htdocs\app_spm\vendor\codeigniter4\framework\system\CodeIgniter.php(318): CodeIgniter\CodeIgniter->handleRequest(NULL, Object(Config\Cache), false)
#7 D:\xampp80\htdocs\app_spm\public\index.php(37): CodeIgniter\CodeIgniter->run()
#8 D:\xampp80\htdocs\app_spm\vendor\codeigniter4\framework\system\Commands\Server\rewrite.php(43): require_once('D:\\xampp80\\htdo...')
#9 {main}
CRITICAL - 2021-12-26 00:14:46 --> You must set the database table to be used with your query.
#0 D:\xampp80\htdocs\app_spm\vendor\codeigniter4\framework\system\Model.php(545): CodeIgniter\Database\BaseConnection->table(NULL)
#1 D:\xampp80\htdocs\app_spm\vendor\codeigniter4\framework\system\Model.php(688): CodeIgniter\Model->builder()
#2 D:\xampp80\htdocs\app_spm\app\Models\M_super.php(20): CodeIgniter\Model->__get('request')
#3 D:\xampp80\htdocs\app_spm\app\Controllers\Super\Super.php(39): App\Models\M_super->addUserGroup()
#4 D:\xampp80\htdocs\app_spm\vendor\codeigniter4\framework\system\CodeIgniter.php(824): App\Controllers\Super\Super->addUserGroup()
#5 D:\xampp80\htdocs\app_spm\vendor\codeigniter4\framework\system\CodeIgniter.php(410): CodeIgniter\CodeIgniter->runController(Object(App\Controllers\Super\Super))
#6 D:\xampp80\htdocs\app_spm\vendor\codeigniter4\framework\system\CodeIgniter.php(318): CodeIgniter\CodeIgniter->handleRequest(NULL, Object(Config\Cache), false)
#7 D:\xampp80\htdocs\app_spm\public\index.php(37): CodeIgniter\CodeIgniter->run()
#8 D:\xampp80\htdocs\app_spm\vendor\codeigniter4\framework\system\Commands\Server\rewrite.php(43): require_once('D:\\xampp80\\htdo...')
#9 {main}
CRITICAL - 2021-12-26 00:15:58 --> You must set the database table to be used with your query.
#0 D:\xampp80\htdocs\app_spm\vendor\codeigniter4\framework\system\Model.php(545): CodeIgniter\Database\BaseConnection->table(NULL)
#1 D:\xampp80\htdocs\app_spm\vendor\codeigniter4\framework\system\Model.php(688): CodeIgniter\Model->builder()
#2 D:\xampp80\htdocs\app_spm\app\Models\M_super.php(20): CodeIgniter\Model->__get('request')
#3 D:\xampp80\htdocs\app_spm\app\Controllers\Super\Super.php(39): App\Models\M_super->addUserGroup()
#4 D:\xampp80\htdocs\app_spm\vendor\codeigniter4\framework\system\CodeIgniter.php(824): App\Controllers\Super\Super->addUserGroup()
#5 D:\xampp80\htdocs\app_spm\vendor\codeigniter4\framework\system\CodeIgniter.php(410): CodeIgniter\CodeIgniter->runController(Object(App\Controllers\Super\Super))
#6 D:\xampp80\htdocs\app_spm\vendor\codeigniter4\framework\system\CodeIgniter.php(318): CodeIgniter\CodeIgniter->handleRequest(NULL, Object(Config\Cache), false)
#7 D:\xampp80\htdocs\app_spm\public\index.php(37): CodeIgniter\CodeIgniter->run()
#8 D:\xampp80\htdocs\app_spm\vendor\codeigniter4\framework\system\Commands\Server\rewrite.php(43): require_once('D:\\xampp80\\htdo...')
#9 {main}
CRITICAL - 2021-12-26 00:16:58 --> You must set the database table to be used with your query.
#0 D:\xampp80\htdocs\app_spm\vendor\codeigniter4\framework\system\Model.php(545): CodeIgniter\Database\BaseConnection->table(NULL)
#1 D:\xampp80\htdocs\app_spm\vendor\codeigniter4\framework\system\Model.php(688): CodeIgniter\Model->builder()
#2 D:\xampp80\htdocs\app_spm\app\Models\M_super.php(20): CodeIgniter\Model->__get('request')
#3 D:\xampp80\htdocs\app_spm\app\Controllers\Super\Super.php(39): App\Models\M_super->addUserGroup()
#4 D:\xampp80\htdocs\app_spm\vendor\codeigniter4\framework\system\CodeIgniter.php(824): App\Controllers\Super\Super->addUserGroup()
#5 D:\xampp80\htdocs\app_spm\vendor\codeigniter4\framework\system\CodeIgniter.php(410): CodeIgniter\CodeIgniter->runController(Object(App\Controllers\Super\Super))
#6 D:\xampp80\htdocs\app_spm\vendor\codeigniter4\framework\system\CodeIgniter.php(318): CodeIgniter\CodeIgniter->handleRequest(NULL, Object(Config\Cache), false)
#7 D:\xampp80\htdocs\app_spm\public\index.php(37): CodeIgniter\CodeIgniter->run()
#8 D:\xampp80\htdocs\app_spm\vendor\codeigniter4\framework\system\Commands\Server\rewrite.php(43): require_once('D:\\xampp80\\htdo...')
#9 {main}
CRITICAL - 2021-12-26 00:17:37 --> You must set the database table to be used with your query.
#0 D:\xampp80\htdocs\app_spm\vendor\codeigniter4\framework\system\Model.php(545): CodeIgniter\Database\BaseConnection->table(NULL)
#1 D:\xampp80\htdocs\app_spm\vendor\codeigniter4\framework\system\Model.php(688): CodeIgniter\Model->builder()
#2 D:\xampp80\htdocs\app_spm\app\Models\M_super.php(20): CodeIgniter\Model->__get('request')
#3 D:\xampp80\htdocs\app_spm\app\Controllers\Super\Super.php(39): App\Models\M_super->addUserGroup()
#4 D:\xampp80\htdocs\app_spm\vendor\codeigniter4\framework\system\CodeIgniter.php(824): App\Controllers\Super\Super->addUserGroup()
#5 D:\xampp80\htdocs\app_spm\vendor\codeigniter4\framework\system\CodeIgniter.php(410): CodeIgniter\CodeIgniter->runController(Object(App\Controllers\Super\Super))
#6 D:\xampp80\htdocs\app_spm\vendor\codeigniter4\framework\system\CodeIgniter.php(318): CodeIgniter\CodeIgniter->handleRequest(NULL, Object(Config\Cache), false)
#7 D:\xampp80\htdocs\app_spm\public\index.php(37): CodeIgniter\CodeIgniter->run()
#8 D:\xampp80\htdocs\app_spm\vendor\codeigniter4\framework\system\Commands\Server\rewrite.php(43): require_once('D:\\xampp80\\htdo...')
#9 {main}
CRITICAL - 2021-12-26 00:19:09 --> Array to string conversion
#0 D:\xampp80\htdocs\app_spm\app\Controllers\Super\Super.php(49): CodeIgniter\Debug\Exceptions->errorHandler(2, 'Array to string...', 'D:\\xampp80\\htdo...', 49)
#1 D:\xampp80\htdocs\app_spm\vendor\codeigniter4\framework\system\CodeIgniter.php(824): App\Controllers\Super\Super->addUserGroup()
#2 D:\xampp80\htdocs\app_spm\vendor\codeigniter4\framework\system\CodeIgniter.php(410): CodeIgniter\CodeIgniter->runController(Object(App\Controllers\Super\Super))
#3 D:\xampp80\htdocs\app_spm\vendor\codeigniter4\framework\system\CodeIgniter.php(318): CodeIgniter\CodeIgniter->handleRequest(NULL, Object(Config\Cache), false)
#4 D:\xampp80\htdocs\app_spm\public\index.php(37): CodeIgniter\CodeIgniter->run()
#5 D:\xampp80\htdocs\app_spm\vendor\codeigniter4\framework\system\Commands\Server\rewrite.php(43): require_once('D:\\xampp80\\htdo...')
#6 {main}
CRITICAL - 2021-12-26 00:22:49 --> Array to string conversion
#0 D:\xampp80\htdocs\app_spm\app\Controllers\Super\Super.php(49): CodeIgniter\Debug\Exceptions->errorHandler(2, 'Array to string...', 'D:\\xampp80\\htdo...', 49)
#1 D:\xampp80\htdocs\app_spm\vendor\codeigniter4\framework\system\CodeIgniter.php(824): App\Controllers\Super\Super->addUserGroup()
#2 D:\xampp80\htdocs\app_spm\vendor\codeigniter4\framework\system\CodeIgniter.php(410): CodeIgniter\CodeIgniter->runController(Object(App\Controllers\Super\Super))
#3 D:\xampp80\htdocs\app_spm\vendor\codeigniter4\framework\system\CodeIgniter.php(318): CodeIgniter\CodeIgniter->handleRequest(NULL, Object(Config\Cache), false)
#4 D:\xampp80\htdocs\app_spm\public\index.php(37): CodeIgniter\CodeIgniter->run()
#5 D:\xampp80\htdocs\app_spm\vendor\codeigniter4\framework\system\Commands\Server\rewrite.php(43): require_once('D:\\xampp80\\htdo...')
#6 {main}
CRITICAL - 2021-12-26 00:23:28 --> Array to string conversion
#0 D:\xampp80\htdocs\app_spm\app\Controllers\Super\Super.php(49): CodeIgniter\Debug\Exceptions->errorHandler(2, 'Array to string...', 'D:\\xampp80\\htdo...', 49)
#1 D:\xampp80\htdocs\app_spm\vendor\codeigniter4\framework\system\CodeIgniter.php(824): App\Controllers\Super\Super->addUserGroup()
#2 D:\xampp80\htdocs\app_spm\vendor\codeigniter4\framework\system\CodeIgniter.php(410): CodeIgniter\CodeIgniter->runController(Object(App\Controllers\Super\Super))
#3 D:\xampp80\htdocs\app_spm\vendor\codeigniter4\framework\system\CodeIgniter.php(318): CodeIgniter\CodeIgniter->handleRequest(NULL, Object(Config\Cache), false)
#4 D:\xampp80\htdocs\app_spm\public\index.php(37): CodeIgniter\CodeIgniter->run()
#5 D:\xampp80\htdocs\app_spm\vendor\codeigniter4\framework\system\Commands\Server\rewrite.php(43): require_once('D:\\xampp80\\htdo...')
#6 {main}
CRITICAL - 2021-12-26 00:26:57 --> Array to string conversion
#0 D:\xampp80\htdocs\app_spm\app\Controllers\Super\Super.php(49): CodeIgniter\Debug\Exceptions->errorHandler(2, 'Array to string...', 'D:\\xampp80\\htdo...', 49)
#1 D:\xampp80\htdocs\app_spm\vendor\codeigniter4\framework\system\CodeIgniter.php(824): App\Controllers\Super\Super->addUserGroup()
#2 D:\xampp80\htdocs\app_spm\vendor\codeigniter4\framework\system\CodeIgniter.php(410): CodeIgniter\CodeIgniter->runController(Object(App\Controllers\Super\Super))
#3 D:\xampp80\htdocs\app_spm\vendor\codeigniter4\framework\system\CodeIgniter.php(318): CodeIgniter\CodeIgniter->handleRequest(NULL, Object(Config\Cache), false)
#4 D:\xampp80\htdocs\app_spm\public\index.php(37): CodeIgniter\CodeIgniter->run()
#5 D:\xampp80\htdocs\app_spm\vendor\codeigniter4\framework\system\Commands\Server\rewrite.php(43): require_once('D:\\xampp80\\htdo...')
#6 {main}
CRITICAL - 2021-12-26 00:29:43 --> Array to string conversion
#0 D:\xampp80\htdocs\app_spm\app\Controllers\Super\Super.php(49): CodeIgniter\Debug\Exceptions->errorHandler(2, 'Array to string...', 'D:\\xampp80\\htdo...', 49)
#1 D:\xampp80\htdocs\app_spm\vendor\codeigniter4\framework\system\CodeIgniter.php(824): App\Controllers\Super\Super->addUserGroup()
#2 D:\xampp80\htdocs\app_spm\vendor\codeigniter4\framework\system\CodeIgniter.php(410): CodeIgniter\CodeIgniter->runController(Object(App\Controllers\Super\Super))
#3 D:\xampp80\htdocs\app_spm\vendor\codeigniter4\framework\system\CodeIgniter.php(318): CodeIgniter\CodeIgniter->handleRequest(NULL, Object(Config\Cache), false)
#4 D:\xampp80\htdocs\app_spm\public\index.php(37): CodeIgniter\CodeIgniter->run()
#5 D:\xampp80\htdocs\app_spm\vendor\codeigniter4\framework\system\Commands\Server\rewrite.php(43): require_once('D:\\xampp80\\htdo...')
#6 {main}
CRITICAL - 2021-12-26 00:30:10 --> Array to string conversion
#0 D:\xampp80\htdocs\app_spm\app\Controllers\Super\Super.php(49): CodeIgniter\Debug\Exceptions->errorHandler(2, 'Array to string...', 'D:\\xampp80\\htdo...', 49)
#1 D:\xampp80\htdocs\app_spm\vendor\codeigniter4\framework\system\CodeIgniter.php(824): App\Controllers\Super\Super->addUserGroup()
#2 D:\xampp80\htdocs\app_spm\vendor\codeigniter4\framework\system\CodeIgniter.php(410): CodeIgniter\CodeIgniter->runController(Object(App\Controllers\Super\Super))
#3 D:\xampp80\htdocs\app_spm\vendor\codeigniter4\framework\system\CodeIgniter.php(318): CodeIgniter\CodeIgniter->handleRequest(NULL, Object(Config\Cache), false)
#4 D:\xampp80\htdocs\app_spm\public\index.php(37): CodeIgniter\CodeIgniter->run()
#5 D:\xampp80\htdocs\app_spm\vendor\codeigniter4\framework\system\Commands\Server\rewrite.php(43): require_once('D:\\xampp80\\htdo...')
#6 {main}
CRITICAL - 2021-12-26 00:35:48 --> Too few arguments to function App\Models\M_super::addUserGroup(), 0 passed in D:\xampp80\htdocs\app_spm\app\Controllers\Super\Super.php on line 40 and exactly 1 expected
#0 D:\xampp80\htdocs\app_spm\app\Controllers\Super\Super.php(40): App\Models\M_super->addUserGroup()
#1 D:\xampp80\htdocs\app_spm\vendor\codeigniter4\framework\system\CodeIgniter.php(824): App\Controllers\Super\Super->addUserGroup()
#2 D:\xampp80\htdocs\app_spm\vendor\codeigniter4\framework\system\CodeIgniter.php(410): CodeIgniter\CodeIgniter->runController(Object(App\Controllers\Super\Super))
#3 D:\xampp80\htdocs\app_spm\vendor\codeigniter4\framework\system\CodeIgniter.php(318): CodeIgniter\CodeIgniter->handleRequest(NULL, Object(Config\Cache), false)
#4 D:\xampp80\htdocs\app_spm\public\index.php(37): CodeIgniter\CodeIgniter->run()
#5 D:\xampp80\htdocs\app_spm\vendor\codeigniter4\framework\system\Commands\Server\rewrite.php(43): require_once('D:\\xampp80\\htdo...')
#6 {main}
CRITICAL - 2021-12-26 00:55:10 --> Too few arguments to function App\Models\M_super::addUserGroup(), 0 passed in D:\xampp80\htdocs\app_spm\app\Controllers\Super\Super.php on line 40 and exactly 1 expected
#0 D:\xampp80\htdocs\app_spm\app\Controllers\Super\Super.php(40): App\Models\M_super->addUserGroup()
#1 D:\xampp80\htdocs\app_spm\vendor\codeigniter4\framework\system\CodeIgniter.php(824): App\Controllers\Super\Super->addUserGroup()
#2 D:\xampp80\htdocs\app_spm\vendor\codeigniter4\framework\system\CodeIgniter.php(410): CodeIgniter\CodeIgniter->runController(Object(App\Controllers\Super\Super))
#3 D:\xampp80\htdocs\app_spm\vendor\codeigniter4\framework\system\CodeIgniter.php(318): CodeIgniter\CodeIgniter->handleRequest(NULL, Object(Config\Cache), false)
#4 D:\xampp80\htdocs\app_spm\public\index.php(37): CodeIgniter\CodeIgniter->run()
#5 D:\xampp80\htdocs\app_spm\vendor\codeigniter4\framework\system\Commands\Server\rewrite.php(43): require_once('D:\\xampp80\\htdo...')
#6 {main}
CRITICAL - 2021-12-26 00:56:05 --> Too few arguments to function App\Models\M_super::addUserGroup(), 0 passed in D:\xampp80\htdocs\app_spm\app\Controllers\Super\Super.php on line 40 and exactly 1 expected
#0 D:\xampp80\htdocs\app_spm\app\Controllers\Super\Super.php(40): App\Models\M_super->addUserGroup()
#1 D:\xampp80\htdocs\app_spm\vendor\codeigniter4\framework\system\CodeIgniter.php(824): App\Controllers\Super\Super->addUserGroup()
#2 D:\xampp80\htdocs\app_spm\vendor\codeigniter4\framework\system\CodeIgniter.php(410): CodeIgniter\CodeIgniter->runController(Object(App\Controllers\Super\Super))
#3 D:\xampp80\htdocs\app_spm\vendor\codeigniter4\framework\system\CodeIgniter.php(318): CodeIgniter\CodeIgniter->handleRequest(NULL, Object(Config\Cache), false)
#4 D:\xampp80\htdocs\app_spm\public\index.php(37): CodeIgniter\CodeIgniter->run()
#5 D:\xampp80\htdocs\app_spm\vendor\codeigniter4\framework\system\Commands\Server\rewrite.php(43): require_once('D:\\xampp80\\htdo...')
#6 {main}
CRITICAL - 2021-12-26 00:56:16 --> Too few arguments to function App\Models\M_super::addUserGroup(), 0 passed in D:\xampp80\htdocs\app_spm\app\Controllers\Super\Super.php on line 40 and exactly 1 expected
#0 D:\xampp80\htdocs\app_spm\app\Controllers\Super\Super.php(40): App\Models\M_super->addUserGroup()
#1 D:\xampp80\htdocs\app_spm\vendor\codeigniter4\framework\system\CodeIgniter.php(824): App\Controllers\Super\Super->addUserGroup()
#2 D:\xampp80\htdocs\app_spm\vendor\codeigniter4\framework\system\CodeIgniter.php(410): CodeIgniter\CodeIgniter->runController(Object(App\Controllers\Super\Super))
#3 D:\xampp80\htdocs\app_spm\vendor\codeigniter4\framework\system\CodeIgniter.php(318): CodeIgniter\CodeIgniter->handleRequest(NULL, Object(Config\Cache), false)
#4 D:\xampp80\htdocs\app_spm\public\index.php(37): CodeIgniter\CodeIgniter->run()
#5 D:\xampp80\htdocs\app_spm\vendor\codeigniter4\framework\system\Commands\Server\rewrite.php(43): require_once('D:\\xampp80\\htdo...')
#6 {main}
CRITICAL - 2021-12-26 01:05:20 --> Too few arguments to function App\Models\M_super::addUserGroup(), 0 passed in D:\xampp80\htdocs\app_spm\app\Controllers\Super\Super.php on line 40 and exactly 1 expected
#0 D:\xampp80\htdocs\app_spm\app\Controllers\Super\Super.php(40): App\Models\M_super->addUserGroup()
#1 D:\xampp80\htdocs\app_spm\vendor\codeigniter4\framework\system\CodeIgniter.php(824): App\Controllers\Super\Super->addUserGroup()
#2 D:\xampp80\htdocs\app_spm\vendor\codeigniter4\framework\system\CodeIgniter.php(410): CodeIgniter\CodeIgniter->runController(Object(App\Controllers\Super\Super))
#3 D:\xampp80\htdocs\app_spm\vendor\codeigniter4\framework\system\CodeIgniter.php(318): CodeIgniter\CodeIgniter->handleRequest(NULL, Object(Config\Cache), false)
#4 D:\xampp80\htdocs\app_spm\public\index.php(37): CodeIgniter\CodeIgniter->run()
#5 D:\xampp80\htdocs\app_spm\vendor\codeigniter4\framework\system\Commands\Server\rewrite.php(43): require_once('D:\\xampp80\\htdo...')
#6 {main}
CRITICAL - 2021-12-26 01:10:08 --> Too few arguments to function App\Models\M_super::__construct(), 0 passed in D:\xampp80\htdocs\app_spm\app\Controllers\Super\Super.php on line 19 and exactly 1 expected
#0 D:\xampp80\htdocs\app_spm\app\Controllers\Super\Super.php(19): App\Models\M_super->__construct()
#1 D:\xampp80\htdocs\app_spm\vendor\codeigniter4\framework\system\CodeIgniter.php(801): App\Controllers\Super\Super->__construct()
#2 D:\xampp80\htdocs\app_spm\vendor\codeigniter4\framework\system\CodeIgniter.php(401): CodeIgniter\CodeIgniter->createController()
#3 D:\xampp80\htdocs\app_spm\vendor\codeigniter4\framework\system\CodeIgniter.php(318): CodeIgniter\CodeIgniter->handleRequest(NULL, Object(Config\Cache), false)
#4 D:\xampp80\htdocs\app_spm\public\index.php(37): CodeIgniter\CodeIgniter->run()
#5 D:\xampp80\htdocs\app_spm\vendor\codeigniter4\framework\system\Commands\Server\rewrite.php(43): require_once('D:\\xampp80\\htdo...')
#6 {main}
CRITICAL - 2021-12-26 01:10:47 --> Too few arguments to function App\Models\M_super::__construct(), 0 passed in D:\xampp80\htdocs\app_spm\app\Controllers\Super\Super.php on line 19 and exactly 1 expected
#0 D:\xampp80\htdocs\app_spm\app\Controllers\Super\Super.php(19): App\Models\M_super->__construct()
#1 D:\xampp80\htdocs\app_spm\vendor\codeigniter4\framework\system\CodeIgniter.php(801): App\Controllers\Super\Super->__construct()
#2 D:\xampp80\htdocs\app_spm\vendor\codeigniter4\framework\system\CodeIgniter.php(401): CodeIgniter\CodeIgniter->createController()
#3 D:\xampp80\htdocs\app_spm\vendor\codeigniter4\framework\system\CodeIgniter.php(318): CodeIgniter\CodeIgniter->handleRequest(NULL, Object(Config\Cache), false)
#4 D:\xampp80\htdocs\app_spm\public\index.php(37): CodeIgniter\CodeIgniter->run()
#5 D:\xampp80\htdocs\app_spm\vendor\codeigniter4\framework\system\Commands\Server\rewrite.php(43): require_once('D:\\xampp80\\htdo...')
#6 {main}
CRITICAL - 2021-12-26 01:17:49 --> Too few arguments to function App\Models\M_super::__construct(), 0 passed in D:\xampp80\htdocs\app_spm\app\Controllers\Super\Super.php on line 19 and exactly 1 expected
#0 D:\xampp80\htdocs\app_spm\app\Controllers\Super\Super.php(19): App\Models\M_super->__construct()
#1 D:\xampp80\htdocs\app_spm\vendor\codeigniter4\framework\system\CodeIgniter.php(801): App\Controllers\Super\Super->__construct()
#2 D:\xampp80\htdocs\app_spm\vendor\codeigniter4\framework\system\CodeIgniter.php(401): CodeIgniter\CodeIgniter->createController()
#3 D:\xampp80\htdocs\app_spm\vendor\codeigniter4\framework\system\CodeIgniter.php(318): CodeIgniter\CodeIgniter->handleRequest(NULL, Object(Config\Cache), false)
#4 D:\xampp80\htdocs\app_spm\public\index.php(37): CodeIgniter\CodeIgniter->run()
#5 D:\xampp80\htdocs\app_spm\vendor\codeigniter4\framework\system\Commands\Server\rewrite.php(43): require_once('D:\\xampp80\\htdo...')
#6 {main}
CRITICAL - 2021-12-26 01:17:51 --> Too few arguments to function App\Models\M_super::__construct(), 0 passed in D:\xampp80\htdocs\app_spm\app\Controllers\Super\Super.php on line 19 and exactly 1 expected
#0 D:\xampp80\htdocs\app_spm\app\Controllers\Super\Super.php(19): App\Models\M_super->__construct()
#1 D:\xampp80\htdocs\app_spm\vendor\codeigniter4\framework\system\CodeIgniter.php(801): App\Controllers\Super\Super->__construct()
#2 D:\xampp80\htdocs\app_spm\vendor\codeigniter4\framework\system\CodeIgniter.php(401): CodeIgniter\CodeIgniter->createController()
#3 D:\xampp80\htdocs\app_spm\vendor\codeigniter4\framework\system\CodeIgniter.php(318): CodeIgniter\CodeIgniter->handleRequest(NULL, Object(Config\Cache), false)
#4 D:\xampp80\htdocs\app_spm\public\index.php(37): CodeIgniter\CodeIgniter->run()
#5 D:\xampp80\htdocs\app_spm\vendor\codeigniter4\framework\system\Commands\Server\rewrite.php(43): require_once('D:\\xampp80\\htdo...')
#6 {main}
CRITICAL - 2021-12-26 01:18:30 --> Too few arguments to function App\Models\M_super::__construct(), 0 passed in D:\xampp80\htdocs\app_spm\app\Controllers\Super\Super.php on line 19 and exactly 1 expected
#0 D:\xampp80\htdocs\app_spm\app\Controllers\Super\Super.php(19): App\Models\M_super->__construct()
#1 D:\xampp80\htdocs\app_spm\vendor\codeigniter4\framework\system\CodeIgniter.php(801): App\Controllers\Super\Super->__construct()
#2 D:\xampp80\htdocs\app_spm\vendor\codeigniter4\framework\system\CodeIgniter.php(401): CodeIgniter\CodeIgniter->createController()
#3 D:\xampp80\htdocs\app_spm\vendor\codeigniter4\framework\system\CodeIgniter.php(318): CodeIgniter\CodeIgniter->handleRequest(NULL, Object(Config\Cache), false)
#4 D:\xampp80\htdocs\app_spm\public\index.php(37): CodeIgniter\CodeIgniter->run()
#5 D:\xampp80\htdocs\app_spm\vendor\codeigniter4\framework\system\Commands\Server\rewrite.php(43): require_once('D:\\xampp80\\htdo...')
#6 {main}
CRITICAL - 2021-12-26 01:20:12 --> Too few arguments to function App\Models\M_super::__construct(), 0 passed in D:\xampp80\htdocs\app_spm\app\Controllers\Super\Super.php on line 19 and exactly 1 expected
#0 D:\xampp80\htdocs\app_spm\app\Controllers\Super\Super.php(19): App\Models\M_super->__construct()
#1 D:\xampp80\htdocs\app_spm\vendor\codeigniter4\framework\system\CodeIgniter.php(801): App\Controllers\Super\Super->__construct()
#2 D:\xampp80\htdocs\app_spm\vendor\codeigniter4\framework\system\CodeIgniter.php(401): CodeIgniter\CodeIgniter->createController()
#3 D:\xampp80\htdocs\app_spm\vendor\codeigniter4\framework\system\CodeIgniter.php(318): CodeIgniter\CodeIgniter->handleRequest(NULL, Object(Config\Cache), false)
#4 D:\xampp80\htdocs\app_spm\public\index.php(37): CodeIgniter\CodeIgniter->run()
#5 D:\xampp80\htdocs\app_spm\vendor\codeigniter4\framework\system\Commands\Server\rewrite.php(43): require_once('D:\\xampp80\\htdo...')
#6 {main}
CRITICAL - 2021-12-26 01:20:42 --> Too few arguments to function App\Models\M_super::__construct(), 0 passed in D:\xampp80\htdocs\app_spm\app\Controllers\Super\Super.php on line 19 and exactly 1 expected
#0 D:\xampp80\htdocs\app_spm\app\Controllers\Super\Super.php(19): App\Models\M_super->__construct()
#1 D:\xampp80\htdocs\app_spm\vendor\codeigniter4\framework\system\CodeIgniter.php(801): App\Controllers\Super\Super->__construct()
#2 D:\xampp80\htdocs\app_spm\vendor\codeigniter4\framework\system\CodeIgniter.php(401): CodeIgniter\CodeIgniter->createController()
#3 D:\xampp80\htdocs\app_spm\vendor\codeigniter4\framework\system\CodeIgniter.php(318): CodeIgniter\CodeIgniter->handleRequest(NULL, Object(Config\Cache), false)
#4 D:\xampp80\htdocs\app_spm\public\index.php(37): CodeIgniter\CodeIgniter->run()
#5 D:\xampp80\htdocs\app_spm\vendor\codeigniter4\framework\system\Commands\Server\rewrite.php(43): require_once('D:\\xampp80\\htdo...')
#6 {main}
CRITICAL - 2021-12-26 01:20:43 --> Too few arguments to function App\Models\M_super::__construct(), 0 passed in D:\xampp80\htdocs\app_spm\app\Controllers\Super\Super.php on line 19 and exactly 1 expected
#0 D:\xampp80\htdocs\app_spm\app\Controllers\Super\Super.php(19): App\Models\M_super->__construct()
#1 D:\xampp80\htdocs\app_spm\vendor\codeigniter4\framework\system\CodeIgniter.php(801): App\Controllers\Super\Super->__construct()
#2 D:\xampp80\htdocs\app_spm\vendor\codeigniter4\framework\system\CodeIgniter.php(401): CodeIgniter\CodeIgniter->createController()
#3 D:\xampp80\htdocs\app_spm\vendor\codeigniter4\framework\system\CodeIgniter.php(318): CodeIgniter\CodeIgniter->handleRequest(NULL, Object(Config\Cache), false)
#4 D:\xampp80\htdocs\app_spm\public\index.php(37): CodeIgniter\CodeIgniter->run()
#5 D:\xampp80\htdocs\app_spm\vendor\codeigniter4\framework\system\Commands\Server\rewrite.php(43): require_once('D:\\xampp80\\htdo...')
#6 {main}
CRITICAL - 2021-12-26 01:20:43 --> Too few arguments to function App\Models\M_super::__construct(), 0 passed in D:\xampp80\htdocs\app_spm\app\Controllers\Super\Super.php on line 19 and exactly 1 expected
#0 D:\xampp80\htdocs\app_spm\app\Controllers\Super\Super.php(19): App\Models\M_super->__construct()
#1 D:\xampp80\htdocs\app_spm\vendor\codeigniter4\framework\system\CodeIgniter.php(801): App\Controllers\Super\Super->__construct()
#2 D:\xampp80\htdocs\app_spm\vendor\codeigniter4\framework\system\CodeIgniter.php(401): CodeIgniter\CodeIgniter->createController()
#3 D:\xampp80\htdocs\app_spm\vendor\codeigniter4\framework\system\CodeIgniter.php(318): CodeIgniter\CodeIgniter->handleRequest(NULL, Object(Config\Cache), false)
#4 D:\xampp80\htdocs\app_spm\public\index.php(37): CodeIgniter\CodeIgniter->run()
#5 D:\xampp80\htdocs\app_spm\vendor\codeigniter4\framework\system\Commands\Server\rewrite.php(43): require_once('D:\\xampp80\\htdo...')
#6 {main}
CRITICAL - 2021-12-26 01:21:57 --> Too few arguments to function App\Models\M_super::__construct(), 0 passed in D:\xampp80\htdocs\app_spm\app\Controllers\Super\Super.php on line 21 and exactly 1 expected
#0 D:\xampp80\htdocs\app_spm\app\Controllers\Super\Super.php(21): App\Models\M_super->__construct()
#1 D:\xampp80\htdocs\app_spm\vendor\codeigniter4\framework\system\CodeIgniter.php(801): App\Controllers\Super\Super->__construct()
#2 D:\xampp80\htdocs\app_spm\vendor\codeigniter4\framework\system\CodeIgniter.php(401): CodeIgniter\CodeIgniter->createController()
#3 D:\xampp80\htdocs\app_spm\vendor\codeigniter4\framework\system\CodeIgniter.php(318): CodeIgniter\CodeIgniter->handleRequest(NULL, Object(Config\Cache), false)
#4 D:\xampp80\htdocs\app_spm\public\index.php(37): CodeIgniter\CodeIgniter->run()
#5 D:\xampp80\htdocs\app_spm\vendor\codeigniter4\framework\system\Commands\Server\rewrite.php(43): require_once('D:\\xampp80\\htdo...')
#6 {main}
CRITICAL - 2021-12-26 01:21:58 --> Too few arguments to function App\Models\M_super::__construct(), 0 passed in D:\xampp80\htdocs\app_spm\app\Controllers\Super\Super.php on line 21 and exactly 1 expected
#0 D:\xampp80\htdocs\app_spm\app\Controllers\Super\Super.php(21): App\Models\M_super->__construct()
#1 D:\xampp80\htdocs\app_spm\vendor\codeigniter4\framework\system\CodeIgniter.php(801): App\Controllers\Super\Super->__construct()
#2 D:\xampp80\htdocs\app_spm\vendor\codeigniter4\framework\system\CodeIgniter.php(401): CodeIgniter\CodeIgniter->createController()
#3 D:\xampp80\htdocs\app_spm\vendor\codeigniter4\framework\system\CodeIgniter.php(318): CodeIgniter\CodeIgniter->handleRequest(NULL, Object(Config\Cache), false)
#4 D:\xampp80\htdocs\app_spm\public\index.php(37): CodeIgniter\CodeIgniter->run()
#5 D:\xampp80\htdocs\app_spm\vendor\codeigniter4\framework\system\Commands\Server\rewrite.php(43): require_once('D:\\xampp80\\htdo...')
#6 {main}
CRITICAL - 2021-12-26 01:21:59 --> Too few arguments to function App\Models\M_super::__construct(), 0 passed in D:\xampp80\htdocs\app_spm\app\Controllers\Super\Super.php on line 21 and exactly 1 expected
#0 D:\xampp80\htdocs\app_spm\app\Controllers\Super\Super.php(21): App\Models\M_super->__construct()
#1 D:\xampp80\htdocs\app_spm\vendor\codeigniter4\framework\system\CodeIgniter.php(801): App\Controllers\Super\Super->__construct()
#2 D:\xampp80\htdocs\app_spm\vendor\codeigniter4\framework\system\CodeIgniter.php(401): CodeIgniter\CodeIgniter->createController()
#3 D:\xampp80\htdocs\app_spm\vendor\codeigniter4\framework\system\CodeIgniter.php(318): CodeIgniter\CodeIgniter->handleRequest(NULL, Object(Config\Cache), false)
#4 D:\xampp80\htdocs\app_spm\public\index.php(37): CodeIgniter\CodeIgniter->run()
#5 D:\xampp80\htdocs\app_spm\vendor\codeigniter4\framework\system\Commands\Server\rewrite.php(43): require_once('D:\\xampp80\\htdo...')
#6 {main}
CRITICAL - 2021-12-26 01:23:26 --> Too few arguments to function App\Models\M_super::addUserGroup(), 0 passed in D:\xampp80\htdocs\app_spm\app\Controllers\Super\Super.php on line 40 and exactly 1 expected
#0 D:\xampp80\htdocs\app_spm\app\Controllers\Super\Super.php(40): App\Models\M_super->addUserGroup()
#1 D:\xampp80\htdocs\app_spm\vendor\codeigniter4\framework\system\CodeIgniter.php(824): App\Controllers\Super\Super->addUserGroup()
#2 D:\xampp80\htdocs\app_spm\vendor\codeigniter4\framework\system\CodeIgniter.php(410): CodeIgniter\CodeIgniter->runController(Object(App\Controllers\Super\Super))
#3 D:\xampp80\htdocs\app_spm\vendor\codeigniter4\framework\system\CodeIgniter.php(318): CodeIgniter\CodeIgniter->handleRequest(NULL, Object(Config\Cache), false)
#4 D:\xampp80\htdocs\app_spm\public\index.php(37): CodeIgniter\CodeIgniter->run()
#5 D:\xampp80\htdocs\app_spm\vendor\codeigniter4\framework\system\Commands\Server\rewrite.php(43): require_once('D:\\xampp80\\htdo...')
#6 {main}
CRITICAL - 2021-12-26 01:25:26 --> Too few arguments to function App\Models\M_super::__construct(), 0 passed in D:\xampp80\htdocs\app_spm\app\Controllers\Super\Super.php on line 21 and exactly 1 expected
#0 D:\xampp80\htdocs\app_spm\app\Controllers\Super\Super.php(21): App\Models\M_super->__construct()
#1 D:\xampp80\htdocs\app_spm\vendor\codeigniter4\framework\system\CodeIgniter.php(801): App\Controllers\Super\Super->__construct()
#2 D:\xampp80\htdocs\app_spm\vendor\codeigniter4\framework\system\CodeIgniter.php(401): CodeIgniter\CodeIgniter->createController()
#3 D:\xampp80\htdocs\app_spm\vendor\codeigniter4\framework\system\CodeIgniter.php(318): CodeIgniter\CodeIgniter->handleRequest(NULL, Object(Config\Cache), false)
#4 D:\xampp80\htdocs\app_spm\public\index.php(37): CodeIgniter\CodeIgniter->run()
#5 D:\xampp80\htdocs\app_spm\vendor\codeigniter4\framework\system\Commands\Server\rewrite.php(43): require_once('D:\\xampp80\\htdo...')
#6 {main}
CRITICAL - 2021-12-26 01:25:49 --> Too few arguments to function App\Models\M_super::__construct(), 0 passed in D:\xampp80\htdocs\app_spm\app\Controllers\Super\Super.php on line 21 and exactly 1 expected
#0 D:\xampp80\htdocs\app_spm\app\Controllers\Super\Super.php(21): App\Models\M_super->__construct()
#1 D:\xampp80\htdocs\app_spm\vendor\codeigniter4\framework\system\CodeIgniter.php(801): App\Controllers\Super\Super->__construct()
#2 D:\xampp80\htdocs\app_spm\vendor\codeigniter4\framework\system\CodeIgniter.php(401): CodeIgniter\CodeIgniter->createController()
#3 D:\xampp80\htdocs\app_spm\vendor\codeigniter4\framework\system\CodeIgniter.php(318): CodeIgniter\CodeIgniter->handleRequest(NULL, Object(Config\Cache), false)
#4 D:\xampp80\htdocs\app_spm\public\index.php(37): CodeIgniter\CodeIgniter->run()
#5 D:\xampp80\htdocs\app_spm\vendor\codeigniter4\framework\system\Commands\Server\rewrite.php(43): require_once('D:\\xampp80\\htdo...')
#6 {main}
CRITICAL - 2021-12-26 01:26:09 --> Too few arguments to function App\Models\M_super::addUserGroup(), 0 passed in D:\xampp80\htdocs\app_spm\app\Controllers\Super\Super.php on line 40 and exactly 1 expected
#0 D:\xampp80\htdocs\app_spm\app\Controllers\Super\Super.php(40): App\Models\M_super->addUserGroup()
#1 D:\xampp80\htdocs\app_spm\vendor\codeigniter4\framework\system\CodeIgniter.php(824): App\Controllers\Super\Super->addUserGroup()
#2 D:\xampp80\htdocs\app_spm\vendor\codeigniter4\framework\system\CodeIgniter.php(410): CodeIgniter\CodeIgniter->runController(Object(App\Controllers\Super\Super))
#3 D:\xampp80\htdocs\app_spm\vendor\codeigniter4\framework\system\CodeIgniter.php(318): CodeIgniter\CodeIgniter->handleRequest(NULL, Object(Config\Cache), false)
#4 D:\xampp80\htdocs\app_spm\public\index.php(37): CodeIgniter\CodeIgniter->run()
#5 D:\xampp80\htdocs\app_spm\vendor\codeigniter4\framework\system\Commands\Server\rewrite.php(43): require_once('D:\\xampp80\\htdo...')
#6 {main}
CRITICAL - 2021-12-26 01:28:26 --> Too few arguments to function App\Models\M_super::__construct(), 0 passed in D:\xampp80\htdocs\app_spm\app\Controllers\Super\Super.php on line 21 and exactly 1 expected
#0 D:\xampp80\htdocs\app_spm\app\Controllers\Super\Super.php(21): App\Models\M_super->__construct()
#1 D:\xampp80\htdocs\app_spm\vendor\codeigniter4\framework\system\CodeIgniter.php(801): App\Controllers\Super\Super->__construct()
#2 D:\xampp80\htdocs\app_spm\vendor\codeigniter4\framework\system\CodeIgniter.php(401): CodeIgniter\CodeIgniter->createController()
#3 D:\xampp80\htdocs\app_spm\vendor\codeigniter4\framework\system\CodeIgniter.php(318): CodeIgniter\CodeIgniter->handleRequest(NULL, Object(Config\Cache), false)
#4 D:\xampp80\htdocs\app_spm\public\index.php(37): CodeIgniter\CodeIgniter->run()
#5 D:\xampp80\htdocs\app_spm\vendor\codeigniter4\framework\system\Commands\Server\rewrite.php(43): require_once('D:\\xampp80\\htdo...')
#6 {main}
CRITICAL - 2021-12-26 01:28:43 --> Too few arguments to function App\Models\M_super::__construct(), 0 passed in D:\xampp80\htdocs\app_spm\app\Controllers\Super\Super.php on line 21 and exactly 1 expected
#0 D:\xampp80\htdocs\app_spm\app\Controllers\Super\Super.php(21): App\Models\M_super->__construct()
#1 D:\xampp80\htdocs\app_spm\vendor\codeigniter4\framework\system\CodeIgniter.php(801): App\Controllers\Super\Super->__construct()
#2 D:\xampp80\htdocs\app_spm\vendor\codeigniter4\framework\system\CodeIgniter.php(401): CodeIgniter\CodeIgniter->createController()
#3 D:\xampp80\htdocs\app_spm\vendor\codeigniter4\framework\system\CodeIgniter.php(318): CodeIgniter\CodeIgniter->handleRequest(NULL, Object(Config\Cache), false)
#4 D:\xampp80\htdocs\app_spm\public\index.php(37): CodeIgniter\CodeIgniter->run()
#5 D:\xampp80\htdocs\app_spm\vendor\codeigniter4\framework\system\Commands\Server\rewrite.php(43): require_once('D:\\xampp80\\htdo...')
#6 {main}
CRITICAL - 2021-12-26 01:28:59 --> Too few arguments to function App\Models\M_super::addUserGroup(), 0 passed in D:\xampp80\htdocs\app_spm\app\Controllers\Super\Super.php on line 40 and exactly 1 expected
#0 D:\xampp80\htdocs\app_spm\app\Controllers\Super\Super.php(40): App\Models\M_super->addUserGroup()
#1 D:\xampp80\htdocs\app_spm\vendor\codeigniter4\framework\system\CodeIgniter.php(824): App\Controllers\Super\Super->addUserGroup()
#2 D:\xampp80\htdocs\app_spm\vendor\codeigniter4\framework\system\CodeIgniter.php(410): CodeIgniter\CodeIgniter->runController(Object(App\Controllers\Super\Super))
#3 D:\xampp80\htdocs\app_spm\vendor\codeigniter4\framework\system\CodeIgniter.php(318): CodeIgniter\CodeIgniter->handleRequest(NULL, Object(Config\Cache), false)
#4 D:\xampp80\htdocs\app_spm\public\index.php(37): CodeIgniter\CodeIgniter->run()
#5 D:\xampp80\htdocs\app_spm\vendor\codeigniter4\framework\system\Commands\Server\rewrite.php(43): require_once('D:\\xampp80\\htdo...')
#6 {main}
CRITICAL - 2021-12-26 01:30:52 --> Too few arguments to function App\Models\M_super::__construct(), 0 passed in D:\xampp80\htdocs\app_spm\app\Controllers\Super\Super.php on line 21 and exactly 1 expected
#0 D:\xampp80\htdocs\app_spm\app\Controllers\Super\Super.php(21): App\Models\M_super->__construct()
#1 D:\xampp80\htdocs\app_spm\vendor\codeigniter4\framework\system\CodeIgniter.php(801): App\Controllers\Super\Super->__construct()
#2 D:\xampp80\htdocs\app_spm\vendor\codeigniter4\framework\system\CodeIgniter.php(401): CodeIgniter\CodeIgniter->createController()
#3 D:\xampp80\htdocs\app_spm\vendor\codeigniter4\framework\system\CodeIgniter.php(318): CodeIgniter\CodeIgniter->handleRequest(NULL, Object(Config\Cache), false)
#4 D:\xampp80\htdocs\app_spm\public\index.php(37): CodeIgniter\CodeIgniter->run()
#5 D:\xampp80\htdocs\app_spm\vendor\codeigniter4\framework\system\Commands\Server\rewrite.php(43): require_once('D:\\xampp80\\htdo...')
#6 {main}
CRITICAL - 2021-12-26 01:31:13 --> Undefined variable $request
#0 D:\xampp80\htdocs\app_spm\app\Models\M_super.php(17): CodeIgniter\Debug\Exceptions->errorHandler(2, 'Undefined varia...', 'D:\\xampp80\\htdo...', 17)
#1 D:\xampp80\htdocs\app_spm\app\Controllers\Super\Super.php(21): App\Models\M_super->__construct()
#2 D:\xampp80\htdocs\app_spm\vendor\codeigniter4\framework\system\CodeIgniter.php(801): App\Controllers\Super\Super->__construct()
#3 D:\xampp80\htdocs\app_spm\vendor\codeigniter4\framework\system\CodeIgniter.php(401): CodeIgniter\CodeIgniter->createController()
#4 D:\xampp80\htdocs\app_spm\vendor\codeigniter4\framework\system\CodeIgniter.php(318): CodeIgniter\CodeIgniter->handleRequest(NULL, Object(Config\Cache), false)
#5 D:\xampp80\htdocs\app_spm\public\index.php(37): CodeIgniter\CodeIgniter->run()
#6 D:\xampp80\htdocs\app_spm\vendor\codeigniter4\framework\system\Commands\Server\rewrite.php(43): require_once('D:\\xampp80\\htdo...')
#7 {main}
