CRITICAL - 2022-01-24 14:24:35 --> Invalid file: material_status/filter.php
#0 D:\xampp80\htdocs\app_spm\vendor\codeigniter4\framework\system\View\View.php(198): CodeIgniter\Exceptions\FrameworkException::forInvalidFile('material_status...')
#1 D:\xampp80\htdocs\app_spm\vendor\codeigniter4\framework\system\Common.php(1097): CodeIgniter\View\View->render('material_status...', Array, true)
#2 D:\xampp80\htdocs\app_spm\app\Views\material_status\index_opt.php(36): view('material_status...')
#3 D:\xampp80\htdocs\app_spm\vendor\codeigniter4\framework\system\View\View.php(214): include('D:\\xampp80\\htdo...')
#4 D:\xampp80\htdocs\app_spm\vendor\codeigniter4\framework\system\View\View.php(217): CodeIgniter\View\View->CodeIgniter\View\{closure}()
#5 D:\xampp80\htdocs\app_spm\vendor\codeigniter4\framework\system\Common.php(1097): CodeIgniter\View\View->render('material_status...', Array, true)
#6 D:\xampp80\htdocs\app_spm\app\Views\temp_opt\content.php(7): view('material_status...')
#7 D:\xampp80\htdocs\app_spm\vendor\codeigniter4\framework\system\View\View.php(214): include('D:\\xampp80\\htdo...')
#8 D:\xampp80\htdocs\app_spm\vendor\codeigniter4\framework\system\View\View.php(217): CodeIgniter\View\View->CodeIgniter\View\{closure}()
#9 D:\xampp80\htdocs\app_spm\vendor\codeigniter4\framework\system\Common.php(1097): CodeIgniter\View\View->render('temp_opt/conten...', Array, true)
#10 D:\xampp80\htdocs\app_spm\app\Controllers\Material_status.php(29): view('temp_opt/conten...', Array)
#11 D:\xampp80\htdocs\app_spm\app\Controllers\Material_status.php(122): App\Controllers\Material_status->_template(Array)
#12 D:\xampp80\htdocs\app_spm\vendor\codeigniter4\framework\system\CodeIgniter.php(824): App\Controllers\Material_status->index()
#13 D:\xampp80\htdocs\app_spm\vendor\codeigniter4\framework\system\CodeIgniter.php(410): CodeIgniter\CodeIgniter->runController(Object(App\Controllers\Material_status))
#14 D:\xampp80\htdocs\app_spm\vendor\codeigniter4\framework\system\CodeIgniter.php(318): CodeIgniter\CodeIgniter->handleRequest(NULL, Object(Config\Cache), false)
#15 D:\xampp80\htdocs\app_spm\index.php(38): CodeIgniter\CodeIgniter->run()
#16 {main}
CRITICAL - 2022-01-24 14:25:39 --> Invalid file: material_status/filter.php
#0 D:\xampp80\htdocs\app_spm\vendor\codeigniter4\framework\system\View\View.php(198): CodeIgniter\Exceptions\FrameworkException::forInvalidFile('material_status...')
#1 D:\xampp80\htdocs\app_spm\vendor\codeigniter4\framework\system\Common.php(1097): CodeIgniter\View\View->render('material_status...', Array, true)
#2 D:\xampp80\htdocs\app_spm\app\Views\material_status\index_opt.php(36): view('material_status...')
#3 D:\xampp80\htdocs\app_spm\vendor\codeigniter4\framework\system\View\View.php(214): include('D:\\xampp80\\htdo...')
#4 D:\xampp80\htdocs\app_spm\vendor\codeigniter4\framework\system\View\View.php(217): CodeIgniter\View\View->CodeIgniter\View\{closure}()
#5 D:\xampp80\htdocs\app_spm\vendor\codeigniter4\framework\system\Common.php(1097): CodeIgniter\View\View->render('material_status...', Array, true)
#6 D:\xampp80\htdocs\app_spm\app\Views\temp_opt\content.php(7): view('material_status...')
#7 D:\xampp80\htdocs\app_spm\vendor\codeigniter4\framework\system\View\View.php(214): include('D:\\xampp80\\htdo...')
#8 D:\xampp80\htdocs\app_spm\vendor\codeigniter4\framework\system\View\View.php(217): CodeIgniter\View\View->CodeIgniter\View\{closure}()
#9 D:\xampp80\htdocs\app_spm\vendor\codeigniter4\framework\system\Common.php(1097): CodeIgniter\View\View->render('temp_opt/conten...', Array, true)
#10 D:\xampp80\htdocs\app_spm\app\Controllers\Material_status.php(29): view('temp_opt/conten...', Array)
#11 D:\xampp80\htdocs\app_spm\app\Controllers\Material_status.php(122): App\Controllers\Material_status->_template(Array)
#12 D:\xampp80\htdocs\app_spm\vendor\codeigniter4\framework\system\CodeIgniter.php(824): App\Controllers\Material_status->index()
#13 D:\xampp80\htdocs\app_spm\vendor\codeigniter4\framework\system\CodeIgniter.php(410): CodeIgniter\CodeIgniter->runController(Object(App\Controllers\Material_status))
#14 D:\xampp80\htdocs\app_spm\vendor\codeigniter4\framework\system\CodeIgniter.php(318): CodeIgniter\CodeIgniter->handleRequest(NULL, Object(Config\Cache), false)
#15 D:\xampp80\htdocs\app_spm\index.php(38): CodeIgniter\CodeIgniter->run()
#16 {main}
CRITICAL - 2022-01-24 14:26:19 --> Invalid file: material_status/filter.php
#0 D:\xampp80\htdocs\app_spm\vendor\codeigniter4\framework\system\View\View.php(198): CodeIgniter\Exceptions\FrameworkException::forInvalidFile('material_status...')
#1 D:\xampp80\htdocs\app_spm\vendor\codeigniter4\framework\system\Common.php(1097): CodeIgniter\View\View->render('material_status...', Array, true)
#2 D:\xampp80\htdocs\app_spm\app\Views\material_status\index_opt.php(36): view('material_status...')
#3 D:\xampp80\htdocs\app_spm\vendor\codeigniter4\framework\system\View\View.php(214): include('D:\\xampp80\\htdo...')
#4 D:\xampp80\htdocs\app_spm\vendor\codeigniter4\framework\system\View\View.php(217): CodeIgniter\View\View->CodeIgniter\View\{closure}()
#5 D:\xampp80\htdocs\app_spm\vendor\codeigniter4\framework\system\Common.php(1097): CodeIgniter\View\View->render('material_status...', Array, true)
#6 D:\xampp80\htdocs\app_spm\app\Views\temp_opt\content.php(7): view('material_status...')
#7 D:\xampp80\htdocs\app_spm\vendor\codeigniter4\framework\system\View\View.php(214): include('D:\\xampp80\\htdo...')
#8 D:\xampp80\htdocs\app_spm\vendor\codeigniter4\framework\system\View\View.php(217): CodeIgniter\View\View->CodeIgniter\View\{closure}()
#9 D:\xampp80\htdocs\app_spm\vendor\codeigniter4\framework\system\Common.php(1097): CodeIgniter\View\View->render('temp_opt/conten...', Array, true)
#10 D:\xampp80\htdocs\app_spm\app\Controllers\Material_status.php(29): view('temp_opt/conten...', Array)
#11 D:\xampp80\htdocs\app_spm\app\Controllers\Material_status.php(122): App\Controllers\Material_status->_template(Array)
#12 D:\xampp80\htdocs\app_spm\vendor\codeigniter4\framework\system\CodeIgniter.php(824): App\Controllers\Material_status->index()
#13 D:\xampp80\htdocs\app_spm\vendor\codeigniter4\framework\system\CodeIgniter.php(410): CodeIgniter\CodeIgniter->runController(Object(App\Controllers\Material_status))
#14 D:\xampp80\htdocs\app_spm\vendor\codeigniter4\framework\system\CodeIgniter.php(318): CodeIgniter\CodeIgniter->handleRequest(NULL, Object(Config\Cache), false)
#15 D:\xampp80\htdocs\app_spm\index.php(38): CodeIgniter\CodeIgniter->run()
#16 {main}
CRITICAL - 2022-01-24 14:32:42 --> Invalid file: material_status/filter.php
#0 D:\xampp80\htdocs\app_spm\vendor\codeigniter4\framework\system\View\View.php(198): CodeIgniter\Exceptions\FrameworkException::forInvalidFile('material_status...')
#1 D:\xampp80\htdocs\app_spm\vendor\codeigniter4\framework\system\Common.php(1097): CodeIgniter\View\View->render('material_status...', Array, true)
#2 D:\xampp80\htdocs\app_spm\app\Views\material_status\index_opt.php(36): view('material_status...')
#3 D:\xampp80\htdocs\app_spm\vendor\codeigniter4\framework\system\View\View.php(214): include('D:\\xampp80\\htdo...')
#4 D:\xampp80\htdocs\app_spm\vendor\codeigniter4\framework\system\View\View.php(217): CodeIgniter\View\View->CodeIgniter\View\{closure}()
#5 D:\xampp80\htdocs\app_spm\vendor\codeigniter4\framework\system\Common.php(1097): CodeIgniter\View\View->render('material_status...', Array, true)
#6 D:\xampp80\htdocs\app_spm\app\Views\temp_opt\content.php(7): view('material_status...')
#7 D:\xampp80\htdocs\app_spm\vendor\codeigniter4\framework\system\View\View.php(214): include('D:\\xampp80\\htdo...')
#8 D:\xampp80\htdocs\app_spm\vendor\codeigniter4\framework\system\View\View.php(217): CodeIgniter\View\View->CodeIgniter\View\{closure}()
#9 D:\xampp80\htdocs\app_spm\vendor\codeigniter4\framework\system\Common.php(1097): CodeIgniter\View\View->render('temp_opt/conten...', Array, true)
#10 D:\xampp80\htdocs\app_spm\app\Controllers\Material_status.php(29): view('temp_opt/conten...', Array)
#11 D:\xampp80\htdocs\app_spm\app\Controllers\Material_status.php(122): App\Controllers\Material_status->_template(Array)
#12 D:\xampp80\htdocs\app_spm\vendor\codeigniter4\framework\system\CodeIgniter.php(824): App\Controllers\Material_status->index()
#13 D:\xampp80\htdocs\app_spm\vendor\codeigniter4\framework\system\CodeIgniter.php(410): CodeIgniter\CodeIgniter->runController(Object(App\Controllers\Material_status))
#14 D:\xampp80\htdocs\app_spm\vendor\codeigniter4\framework\system\CodeIgniter.php(318): CodeIgniter\CodeIgniter->handleRequest(NULL, Object(Config\Cache), false)
#15 D:\xampp80\htdocs\app_spm\index.php(38): CodeIgniter\CodeIgniter->run()
#16 {main}
CRITICAL - 2022-01-24 14:33:08 --> Invalid file: material_status/filter.php
#0 D:\xampp80\htdocs\app_spm\vendor\codeigniter4\framework\system\View\View.php(198): CodeIgniter\Exceptions\FrameworkException::forInvalidFile('material_status...')
#1 D:\xampp80\htdocs\app_spm\vendor\codeigniter4\framework\system\Common.php(1097): CodeIgniter\View\View->render('material_status...', Array, true)
#2 D:\xampp80\htdocs\app_spm\app\Views\material_status\index_opt.php(36): view('material_status...')
#3 D:\xampp80\htdocs\app_spm\vendor\codeigniter4\framework\system\View\View.php(214): include('D:\\xampp80\\htdo...')
#4 D:\xampp80\htdocs\app_spm\vendor\codeigniter4\framework\system\View\View.php(217): CodeIgniter\View\View->CodeIgniter\View\{closure}()
#5 D:\xampp80\htdocs\app_spm\vendor\codeigniter4\framework\system\Common.php(1097): CodeIgniter\View\View->render('material_status...', Array, true)
#6 D:\xampp80\htdocs\app_spm\app\Views\temp_opt\content.php(7): view('material_status...')
#7 D:\xampp80\htdocs\app_spm\vendor\codeigniter4\framework\system\View\View.php(214): include('D:\\xampp80\\htdo...')
#8 D:\xampp80\htdocs\app_spm\vendor\codeigniter4\framework\system\View\View.php(217): CodeIgniter\View\View->CodeIgniter\View\{closure}()
#9 D:\xampp80\htdocs\app_spm\vendor\codeigniter4\framework\system\Common.php(1097): CodeIgniter\View\View->render('temp_opt/conten...', Array, true)
#10 D:\xampp80\htdocs\app_spm\app\Controllers\Material_status.php(29): view('temp_opt/conten...', Array)
#11 D:\xampp80\htdocs\app_spm\app\Controllers\Material_status.php(122): App\Controllers\Material_status->_template(Array)
#12 D:\xampp80\htdocs\app_spm\vendor\codeigniter4\framework\system\CodeIgniter.php(824): App\Controllers\Material_status->index()
#13 D:\xampp80\htdocs\app_spm\vendor\codeigniter4\framework\system\CodeIgniter.php(410): CodeIgniter\CodeIgniter->runController(Object(App\Controllers\Material_status))
#14 D:\xampp80\htdocs\app_spm\vendor\codeigniter4\framework\system\CodeIgniter.php(318): CodeIgniter\CodeIgniter->handleRequest(NULL, Object(Config\Cache), false)
#15 D:\xampp80\htdocs\app_spm\index.php(38): CodeIgniter\CodeIgniter->run()
#16 {main}
CRITICAL - 2022-01-24 14:41:26 --> Invalid file: material_status/filter.php
#0 D:\xampp80\htdocs\app_spm\vendor\codeigniter4\framework\system\View\View.php(198): CodeIgniter\Exceptions\FrameworkException::forInvalidFile('material_status...')
#1 D:\xampp80\htdocs\app_spm\vendor\codeigniter4\framework\system\Common.php(1097): CodeIgniter\View\View->render('material_status...', Array, true)
#2 D:\xampp80\htdocs\app_spm\app\Views\material_status\index_opt.php(36): view('material_status...')
#3 D:\xampp80\htdocs\app_spm\vendor\codeigniter4\framework\system\View\View.php(214): include('D:\\xampp80\\htdo...')
#4 D:\xampp80\htdocs\app_spm\vendor\codeigniter4\framework\system\View\View.php(217): CodeIgniter\View\View->CodeIgniter\View\{closure}()
#5 D:\xampp80\htdocs\app_spm\vendor\codeigniter4\framework\system\Common.php(1097): CodeIgniter\View\View->render('material_status...', Array, true)
#6 D:\xampp80\htdocs\app_spm\app\Views\temp_opt\content.php(7): view('material_status...')
#7 D:\xampp80\htdocs\app_spm\vendor\codeigniter4\framework\system\View\View.php(214): include('D:\\xampp80\\htdo...')
#8 D:\xampp80\htdocs\app_spm\vendor\codeigniter4\framework\system\View\View.php(217): CodeIgniter\View\View->CodeIgniter\View\{closure}()
#9 D:\xampp80\htdocs\app_spm\vendor\codeigniter4\framework\system\Common.php(1097): CodeIgniter\View\View->render('temp_opt/conten...', Array, true)
#10 D:\xampp80\htdocs\app_spm\app\Controllers\Material_status.php(29): view('temp_opt/conten...', Array)
#11 D:\xampp80\htdocs\app_spm\app\Controllers\Material_status.php(122): App\Controllers\Material_status->_template(Array)
#12 D:\xampp80\htdocs\app_spm\vendor\codeigniter4\framework\system\CodeIgniter.php(824): App\Controllers\Material_status->index()
#13 D:\xampp80\htdocs\app_spm\vendor\codeigniter4\framework\system\CodeIgniter.php(410): CodeIgniter\CodeIgniter->runController(Object(App\Controllers\Material_status))
#14 D:\xampp80\htdocs\app_spm\vendor\codeigniter4\framework\system\CodeIgniter.php(318): CodeIgniter\CodeIgniter->handleRequest(NULL, Object(Config\Cache), false)
#15 D:\xampp80\htdocs\app_spm\index.php(38): CodeIgniter\CodeIgniter->run()
#16 {main}
